[4.120s] Invoking command in '/home/moose/ros2_ws/src/cobot_py': PYTHONPATH=/home/moose/ros2_ws/build/cobot_py/prefix_override:/home/moose/ros2_ws/install/cobot_py/lib/python3.10/site-packages:${PYTHONPATH} /usr/bin/python3 -W ignore:setup.py install is deprecated setup.py egg_info --egg-base ../../build/cobot_py build --build-base /home/moose/ros2_ws/build/cobot_py/build install --record /home/moose/ros2_ws/build/cobot_py/install.log --single-version-externally-managed install_data
[5.986s] running egg_info
[5.987s] writing ../../build/cobot_py/cobot_py.egg-info/PKG-INFO
[5.988s] writing dependency_links to ../../build/cobot_py/cobot_py.egg-info/dependency_links.txt
[5.989s] writing entry points to ../../build/cobot_py/cobot_py.egg-info/entry_points.txt
[5.989s] writing requirements to ../../build/cobot_py/cobot_py.egg-info/requires.txt
[5.989s] writing top-level names to ../../build/cobot_py/cobot_py.egg-info/top_level.txt
[5.994s] reading manifest file '../../build/cobot_py/cobot_py.egg-info/SOURCES.txt'
[5.995s] writing manifest file '../../build/cobot_py/cobot_py.egg-info/SOURCES.txt'
[5.995s] running build
[5.996s] running build_py
[5.996s] running install
[5.996s] running install_lib
[5.999s] running install_data
[6.000s] running install_egg_info
[6.028s] removing '/home/moose/ros2_ws/install/cobot_py/lib/python3.10/site-packages/cobot_py-0.0.0-py3.10.egg-info' (and everything under it)
[6.029s] Copying ../../build/cobot_py/cobot_py.egg-info to /home/moose/ros2_ws/install/cobot_py/lib/python3.10/site-packages/cobot_py-0.0.0-py3.10.egg-info
[6.033s] running install_scripts
[6.234s] Installing move_arm script to /home/moose/ros2_ws/install/cobot_py/lib/cobot_py
[6.240s] writing list of installed files to '/home/moose/ros2_ws/build/cobot_py/install.log'
[6.681s] Invoked command in '/home/moose/ros2_ws/src/cobot_py' returned '0': PYTHONPATH=/home/moose/ros2_ws/build/cobot_py/prefix_override:/home/moose/ros2_ws/install/cobot_py/lib/python3.10/site-packages:${PYTHONPATH} /usr/bin/python3 -W ignore:setup.py install is deprecated setup.py egg_info --egg-base ../../build/cobot_py build --build-base /home/moose/ros2_ws/build/cobot_py/build install --record /home/moose/ros2_ws/build/cobot_py/install.log --single-version-externally-managed install_data
