[4.849s] Invoking command in '/home/moose/ros2_ws/src/cobot_py': PYTHONPATH=/home/moose/ros2_ws/build/cobot_py/prefix_override:/home/moose/ros2_ws/install/cobot_py/lib/python3.10/site-packages:${PYTHONPATH} /usr/bin/python3 -W ignore:setup.py install is deprecated setup.py egg_info --egg-base ../../build/cobot_py build --build-base /home/moose/ros2_ws/build/cobot_py/build install --record /home/moose/ros2_ws/build/cobot_py/install.log --single-version-externally-managed install_data
[6.156s] running egg_info
[6.156s] writing ../../build/cobot_py/cobot_py.egg-info/PKG-INFO
[6.157s] writing dependency_links to ../../build/cobot_py/cobot_py.egg-info/dependency_links.txt
[6.158s] writing entry points to ../../build/cobot_py/cobot_py.egg-info/entry_points.txt
[6.158s] writing requirements to ../../build/cobot_py/cobot_py.egg-info/requires.txt
[6.159s] writing top-level names to ../../build/cobot_py/cobot_py.egg-info/top_level.txt
[6.165s] reading manifest file '../../build/cobot_py/cobot_py.egg-info/SOURCES.txt'
[6.166s] writing manifest file '../../build/cobot_py/cobot_py.egg-info/SOURCES.txt'
[6.167s] running build
[6.167s] running build_py
[6.167s] running install
[6.168s] running install_lib
[6.171s] running install_data
[6.171s] running install_egg_info
[6.200s] removing '/home/moose/ros2_ws/install/cobot_py/lib/python3.10/site-packages/cobot_py-0.0.0-py3.10.egg-info' (and everything under it)
[6.202s] Copying ../../build/cobot_py/cobot_py.egg-info to /home/moose/ros2_ws/install/cobot_py/lib/python3.10/site-packages/cobot_py-0.0.0-py3.10.egg-info
[6.206s] running install_scripts
[6.304s] Installing move_arm script to /home/moose/ros2_ws/install/cobot_py/lib/cobot_py
[6.305s] writing list of installed files to '/home/moose/ros2_ws/build/cobot_py/install.log'
[6.504s] Invoked command in '/home/moose/ros2_ws/src/cobot_py' returned '0': PYTHONPATH=/home/moose/ros2_ws/build/cobot_py/prefix_override:/home/moose/ros2_ws/install/cobot_py/lib/python3.10/site-packages:${PYTHONPATH} /usr/bin/python3 -W ignore:setup.py install is deprecated setup.py egg_info --egg-base ../../build/cobot_py build --build-base /home/moose/ros2_ws/build/cobot_py/build install --record /home/moose/ros2_ws/build/cobot_py/install.log --single-version-externally-managed install_data
