[1.935s] Invoking command in '/home/moose/ros2_ws/src/cobot_py': PYTHONPATH=/home/moose/ros2_ws/build/cobot_py/prefix_override:/home/moose/ros2_ws/install/cobot_py/lib/python3.10/site-packages:${PYTHONPATH} /usr/bin/python3 -W ignore:setup.py install is deprecated setup.py egg_info --egg-base ../../build/cobot_py build --build-base /home/moose/ros2_ws/build/cobot_py/build install --record /home/moose/ros2_ws/build/cobot_py/install.log --single-version-externally-managed install_data
[2.572s] running egg_info
[2.573s] writing ../../build/cobot_py/cobot_py.egg-info/PKG-INFO
[2.574s] writing dependency_links to ../../build/cobot_py/cobot_py.egg-info/dependency_links.txt
[2.574s] writing entry points to ../../build/cobot_py/cobot_py.egg-info/entry_points.txt
[2.575s] writing requirements to ../../build/cobot_py/cobot_py.egg-info/requires.txt
[2.575s] writing top-level names to ../../build/cobot_py/cobot_py.egg-info/top_level.txt
[2.579s] reading manifest file '../../build/cobot_py/cobot_py.egg-info/SOURCES.txt'
[2.581s] writing manifest file '../../build/cobot_py/cobot_py.egg-info/SOURCES.txt'
[2.581s] running build
[2.581s] running build_py
[2.581s] copying cobot_py/move_arm.py -> /home/moose/ros2_ws/build/cobot_py/build/lib/cobot_py
[2.582s] running install
[2.582s] running install_lib
[2.584s] copying /home/moose/ros2_ws/build/cobot_py/build/lib/cobot_py/move_arm.py -> /home/moose/ros2_ws/install/cobot_py/lib/python3.10/site-packages/cobot_py
[2.585s] byte-compiling /home/moose/ros2_ws/install/cobot_py/lib/python3.10/site-packages/cobot_py/move_arm.py to move_arm.cpython-310.pyc
[2.586s] running install_data
[2.586s] running install_egg_info
[2.589s] removing '/home/moose/ros2_ws/install/cobot_py/lib/python3.10/site-packages/cobot_py-0.0.0-py3.10.egg-info' (and everything under it)
[2.590s] Copying ../../build/cobot_py/cobot_py.egg-info to /home/moose/ros2_ws/install/cobot_py/lib/python3.10/site-packages/cobot_py-0.0.0-py3.10.egg-info
[2.591s] running install_scripts
[2.657s] Installing move_arm script to /home/moose/ros2_ws/install/cobot_py/lib/cobot_py
[2.658s] writing list of installed files to '/home/moose/ros2_ws/build/cobot_py/install.log'
[2.756s] Invoked command in '/home/moose/ros2_ws/src/cobot_py' returned '0': PYTHONPATH=/home/moose/ros2_ws/build/cobot_py/prefix_override:/home/moose/ros2_ws/install/cobot_py/lib/python3.10/site-packages:${PYTHONPATH} /usr/bin/python3 -W ignore:setup.py install is deprecated setup.py egg_info --egg-base ../../build/cobot_py build --build-base /home/moose/ros2_ws/build/cobot_py/build install --record /home/moose/ros2_ws/build/cobot_py/install.log --single-version-externally-managed install_data
