[1.881s] Invoking command in '/home/moose/ros2_ws/src/cobot_py': PYTHONPATH=/home/moose/ros2_ws/build/cobot_py/prefix_override:/home/moose/ros2_ws/install/cobot_py/lib/python3.10/site-packages:${PYTHONPATH} /usr/bin/python3 -W ignore:setup.py install is deprecated setup.py egg_info --egg-base ../../build/cobot_py build --build-base /home/moose/ros2_ws/build/cobot_py/build install --record /home/moose/ros2_ws/build/cobot_py/install.log --single-version-externally-managed install_data
[2.404s] running egg_info
[2.405s] writing ../../build/cobot_py/cobot_py.egg-info/PKG-INFO
[2.406s] writing dependency_links to ../../build/cobot_py/cobot_py.egg-info/dependency_links.txt
[2.406s] writing entry points to ../../build/cobot_py/cobot_py.egg-info/entry_points.txt
[2.407s] writing requirements to ../../build/cobot_py/cobot_py.egg-info/requires.txt
[2.407s] writing top-level names to ../../build/cobot_py/cobot_py.egg-info/top_level.txt
[2.410s] reading manifest file '../../build/cobot_py/cobot_py.egg-info/SOURCES.txt'
[2.411s] writing manifest file '../../build/cobot_py/cobot_py.egg-info/SOURCES.txt'
[2.411s] running build
[2.412s] running build_py
[2.412s] copying cobot_py/2dof_move_arm.py -> /home/moose/ros2_ws/build/cobot_py/build/lib/cobot_py
[2.412s] running install
[2.413s] running install_lib
[2.414s] copying /home/moose/ros2_ws/build/cobot_py/build/lib/cobot_py/2dof_move_arm.py -> /home/moose/ros2_ws/install/cobot_py/lib/python3.10/site-packages/cobot_py
[2.416s] byte-compiling /home/moose/ros2_ws/install/cobot_py/lib/python3.10/site-packages/cobot_py/2dof_move_arm.py to 2dof_move_arm.cpython-310.pyc
[2.417s] running install_data
[2.417s] running install_egg_info
[2.420s] removing '/home/moose/ros2_ws/install/cobot_py/lib/python3.10/site-packages/cobot_py-0.0.0-py3.10.egg-info' (and everything under it)
[2.421s] Copying ../../build/cobot_py/cobot_py.egg-info to /home/moose/ros2_ws/install/cobot_py/lib/python3.10/site-packages/cobot_py-0.0.0-py3.10.egg-info
[2.422s] running install_scripts
[2.457s] Installing 2dof_move_arm script to /home/moose/ros2_ws/install/cobot_py/lib/cobot_py
[2.457s] Installing 3dof_move_arm script to /home/moose/ros2_ws/install/cobot_py/lib/cobot_py
[2.458s] writing list of installed files to '/home/moose/ros2_ws/build/cobot_py/install.log'
[2.526s] Invoked command in '/home/moose/ros2_ws/src/cobot_py' returned '0': PYTHONPATH=/home/moose/ros2_ws/build/cobot_py/prefix_override:/home/moose/ros2_ws/install/cobot_py/lib/python3.10/site-packages:${PYTHONPATH} /usr/bin/python3 -W ignore:setup.py install is deprecated setup.py egg_info --egg-base ../../build/cobot_py build --build-base /home/moose/ros2_ws/build/cobot_py/build install --record /home/moose/ros2_ws/build/cobot_py/install.log --single-version-externally-managed install_data
