[5.474s] Invoking command in '/home/moose/ros2_ws/src/cobot_py': PYTHONPATH=/home/moose/ros2_ws/build/cobot_py/prefix_override:/home/moose/ros2_ws/install/cobot_py/lib/python3.10/site-packages:${PYTHONPATH} /usr/bin/python3 -W ignore:setup.py install is deprecated setup.py egg_info --egg-base ../../build/cobot_py build --build-base /home/moose/ros2_ws/build/cobot_py/build install --record /home/moose/ros2_ws/build/cobot_py/install.log --single-version-externally-managed install_data
[7.136s] running egg_info
[7.141s] writing ../../build/cobot_py/cobot_py.egg-info/PKG-INFO
[7.141s] writing dependency_links to ../../build/cobot_py/cobot_py.egg-info/dependency_links.txt
[7.141s] writing entry points to ../../build/cobot_py/cobot_py.egg-info/entry_points.txt
[7.141s] writing requirements to ../../build/cobot_py/cobot_py.egg-info/requires.txt
[7.142s] writing top-level names to ../../build/cobot_py/cobot_py.egg-info/top_level.txt
[7.149s] reading manifest file '../../build/cobot_py/cobot_py.egg-info/SOURCES.txt'
[7.154s] writing manifest file '../../build/cobot_py/cobot_py.egg-info/SOURCES.txt'
[7.154s] running build
[7.155s] running build_py
[7.155s] copying cobot_py/move_arm.py -> /home/moose/ros2_ws/build/cobot_py/build/lib/cobot_py
[7.156s] running install
[7.158s] running install_lib
[7.187s] copying /home/moose/ros2_ws/build/cobot_py/build/lib/cobot_py/move_arm.py -> /home/moose/ros2_ws/install/cobot_py/lib/python3.10/site-packages/cobot_py
[7.189s] byte-compiling /home/moose/ros2_ws/install/cobot_py/lib/python3.10/site-packages/cobot_py/move_arm.py to move_arm.cpython-310.pyc
[7.192s] running install_data
[7.192s] running install_egg_info
[7.198s] removing '/home/moose/ros2_ws/install/cobot_py/lib/python3.10/site-packages/cobot_py-0.0.0-py3.10.egg-info' (and everything under it)
[7.198s] Copying ../../build/cobot_py/cobot_py.egg-info to /home/moose/ros2_ws/install/cobot_py/lib/python3.10/site-packages/cobot_py-0.0.0-py3.10.egg-info
[7.201s] running install_scripts
[7.341s] Installing move_arm script to /home/moose/ros2_ws/install/cobot_py/lib/cobot_py
[7.343s] writing list of installed files to '/home/moose/ros2_ws/build/cobot_py/install.log'
[7.499s] Invoked command in '/home/moose/ros2_ws/src/cobot_py' returned '0': PYTHONPATH=/home/moose/ros2_ws/build/cobot_py/prefix_override:/home/moose/ros2_ws/install/cobot_py/lib/python3.10/site-packages:${PYTHONPATH} /usr/bin/python3 -W ignore:setup.py install is deprecated setup.py egg_info --egg-base ../../build/cobot_py build --build-base /home/moose/ros2_ws/build/cobot_py/build install --record /home/moose/ros2_ws/build/cobot_py/install.log --single-version-externally-managed install_data
