[0.474s] Invoking command in '/home/moose/ros2_ws/build/my_cobot_bringup': CMAKE_PREFIX_PATH=${CMAKE_PREFIX_PATH}:/home/moose/ros2_ws/install/cobot_py:/opt/ros/humble /usr/bin/cmake --build /home/moose/ros2_ws/build/my_cobot_bringup -- -j4 -l4
[0.564s] Invoked command in '/home/moose/ros2_ws/build/my_cobot_bringup' returned '0': CMAKE_PREFIX_PATH=${CMAKE_PREFIX_PATH}:/home/moose/ros2_ws/install/cobot_py:/opt/ros/humble /usr/bin/cmake --build /home/moose/ros2_ws/build/my_cobot_bringup -- -j4 -l4
[0.611s] Invoking command in '/home/moose/ros2_ws/build/my_cobot_bringup': CMAKE_PREFIX_PATH=${CMAKE_PREFIX_PATH}:/home/moose/ros2_ws/install/cobot_py:/opt/ros/humble /usr/bin/cmake --install /home/moose/ros2_ws/build/my_cobot_bringup
[0.659s] -- Install configuration: ""
[0.659s] -- Up-to-date: /home/moose/ros2_ws/install/my_cobot_bringup/share/my_cobot_bringup/launch
[0.659s] -- Up-to-date: /home/moose/ros2_ws/install/my_cobot_bringup/share/my_cobot_bringup/launch/cobot_gazebo.launch.xml
[0.659s] -- Up-to-date: /home/moose/ros2_ws/install/my_cobot_bringup/share/ament_index/resource_index/package_run_dependencies/my_cobot_bringup
[0.659s] -- Up-to-date: /home/moose/ros2_ws/install/my_cobot_bringup/share/ament_index/resource_index/parent_prefix_path/my_cobot_bringup
[0.660s] -- Up-to-date: /home/moose/ros2_ws/install/my_cobot_bringup/share/my_cobot_bringup/environment/ament_prefix_path.sh
[0.660s] -- Up-to-date: /home/moose/ros2_ws/install/my_cobot_bringup/share/my_cobot_bringup/environment/ament_prefix_path.dsv
[0.661s] -- Up-to-date: /home/moose/ros2_ws/install/my_cobot_bringup/share/my_cobot_bringup/environment/path.sh
[0.663s] -- Up-to-date: /home/moose/ros2_ws/install/my_cobot_bringup/share/my_cobot_bringup/environment/path.dsv
[0.663s] -- Up-to-date: /home/moose/ros2_ws/install/my_cobot_bringup/share/my_cobot_bringup/local_setup.bash
[0.663s] -- Up-to-date: /home/moose/ros2_ws/install/my_cobot_bringup/share/my_cobot_bringup/local_setup.sh
[0.663s] -- Up-to-date: /home/moose/ros2_ws/install/my_cobot_bringup/share/my_cobot_bringup/local_setup.zsh
[0.663s] -- Up-to-date: /home/moose/ros2_ws/install/my_cobot_bringup/share/my_cobot_bringup/local_setup.dsv
[0.663s] -- Installing: /home/moose/ros2_ws/install/my_cobot_bringup/share/my_cobot_bringup/package.dsv
[0.663s] -- Up-to-date: /home/moose/ros2_ws/install/my_cobot_bringup/share/ament_index/resource_index/packages/my_cobot_bringup
[0.663s] -- Up-to-date: /home/moose/ros2_ws/install/my_cobot_bringup/share/my_cobot_bringup/cmake/my_cobot_bringupConfig.cmake
[0.664s] -- Up-to-date: /home/moose/ros2_ws/install/my_cobot_bringup/share/my_cobot_bringup/cmake/my_cobot_bringupConfig-version.cmake
[0.664s] -- Up-to-date: /home/moose/ros2_ws/install/my_cobot_bringup/share/my_cobot_bringup/package.xml
[0.682s] Invoked command in '/home/moose/ros2_ws/build/my_cobot_bringup' returned '0': CMAKE_PREFIX_PATH=${CMAKE_PREFIX_PATH}:/home/moose/ros2_ws/install/cobot_py:/opt/ros/humble /usr/bin/cmake --install /home/moose/ros2_ws/build/my_cobot_bringup
