[5.203s] Invoking command in '/home/moose/ros2_ws/src/cobot_py': PYTHONPATH=/home/moose/ros2_ws/build/cobot_py/prefix_override:/home/moose/ros2_ws/install/cobot_py/lib/python3.10/site-packages:${PYTHONPATH} /usr/bin/python3 -W ignore:setup.py install is deprecated setup.py egg_info --egg-base ../../build/cobot_py build --build-base /home/moose/ros2_ws/build/cobot_py/build install --record /home/moose/ros2_ws/build/cobot_py/install.log --single-version-externally-managed install_data
[6.710s] running egg_info
[6.711s] writing ../../build/cobot_py/cobot_py.egg-info/PKG-INFO
[6.711s] writing dependency_links to ../../build/cobot_py/cobot_py.egg-info/dependency_links.txt
[6.713s] writing entry points to ../../build/cobot_py/cobot_py.egg-info/entry_points.txt
[6.713s] writing requirements to ../../build/cobot_py/cobot_py.egg-info/requires.txt
[6.713s] writing top-level names to ../../build/cobot_py/cobot_py.egg-info/top_level.txt
[6.717s] reading manifest file '../../build/cobot_py/cobot_py.egg-info/SOURCES.txt'
[6.718s] writing manifest file '../../build/cobot_py/cobot_py.egg-info/SOURCES.txt'
[6.719s] running build
[6.719s] running build_py
[6.719s] copying cobot_py/3dof_move_arm.py -> /home/moose/ros2_ws/build/cobot_py/build/lib/cobot_py
[6.720s] running install
[6.721s] running install_lib
[6.723s] copying /home/moose/ros2_ws/build/cobot_py/build/lib/cobot_py/3dof_move_arm.py -> /home/moose/ros2_ws/install/cobot_py/lib/python3.10/site-packages/cobot_py
[6.724s] byte-compiling /home/moose/ros2_ws/install/cobot_py/lib/python3.10/site-packages/cobot_py/3dof_move_arm.py to 3dof_move_arm.cpython-310.pyc
[6.725s] running install_data
[6.725s] running install_egg_info
[6.754s] removing '/home/moose/ros2_ws/install/cobot_py/lib/python3.10/site-packages/cobot_py-0.0.0-py3.10.egg-info' (and everything under it)
[6.755s] Copying ../../build/cobot_py/cobot_py.egg-info to /home/moose/ros2_ws/install/cobot_py/lib/python3.10/site-packages/cobot_py-0.0.0-py3.10.egg-info
[6.756s] running install_scripts
[6.824s] Installing 2dof_move_arm script to /home/moose/ros2_ws/install/cobot_py/lib/cobot_py
[6.850s] Installing 3dof_move_arm script to /home/moose/ros2_ws/install/cobot_py/lib/cobot_py
[6.852s] writing list of installed files to '/home/moose/ros2_ws/build/cobot_py/install.log'
[7.018s] Invoked command in '/home/moose/ros2_ws/src/cobot_py' returned '0': PYTHONPATH=/home/moose/ros2_ws/build/cobot_py/prefix_override:/home/moose/ros2_ws/install/cobot_py/lib/python3.10/site-packages:${PYTHONPATH} /usr/bin/python3 -W ignore:setup.py install is deprecated setup.py egg_info --egg-base ../../build/cobot_py build --build-base /home/moose/ros2_ws/build/cobot_py/build install --record /home/moose/ros2_ws/build/cobot_py/install.log --single-version-externally-managed install_data
