[3.975s] Invoking command in '/home/moose/ros2_ws/src/cobot_py': PYTHONPATH=/home/moose/ros2_ws/build/cobot_py/prefix_override:/home/moose/ros2_ws/install/cobot_py/lib/python3.10/site-packages:${PYTHONPATH} /usr/bin/python3 -W ignore:setup.py install is deprecated setup.py egg_info --egg-base ../../build/cobot_py build --build-base /home/moose/ros2_ws/build/cobot_py/build install --record /home/moose/ros2_ws/build/cobot_py/install.log --single-version-externally-managed install_data
[5.349s] running egg_info
[5.351s] writing ../../build/cobot_py/cobot_py.egg-info/PKG-INFO
[5.351s] writing dependency_links to ../../build/cobot_py/cobot_py.egg-info/dependency_links.txt
[5.352s] writing entry points to ../../build/cobot_py/cobot_py.egg-info/entry_points.txt
[5.352s] writing requirements to ../../build/cobot_py/cobot_py.egg-info/requires.txt
[5.353s] writing top-level names to ../../build/cobot_py/cobot_py.egg-info/top_level.txt
[5.381s] reading manifest file '../../build/cobot_py/cobot_py.egg-info/SOURCES.txt'
[5.383s] writing manifest file '../../build/cobot_py/cobot_py.egg-info/SOURCES.txt'
[5.383s] running build
[5.383s] running build_py
[5.384s] copying cobot_py/2dof_move_arm.py -> /home/moose/ros2_ws/build/cobot_py/build/lib/cobot_py
[5.384s] running install
[5.385s] running install_lib
[5.388s] copying /home/moose/ros2_ws/build/cobot_py/build/lib/cobot_py/2dof_move_arm.py -> /home/moose/ros2_ws/install/cobot_py/lib/python3.10/site-packages/cobot_py
[5.390s] byte-compiling /home/moose/ros2_ws/install/cobot_py/lib/python3.10/site-packages/cobot_py/2dof_move_arm.py to 2dof_move_arm.cpython-310.pyc
[5.393s] running install_data
[5.393s] running install_egg_info
[5.400s] removing '/home/moose/ros2_ws/install/cobot_py/lib/python3.10/site-packages/cobot_py-0.0.0-py3.10.egg-info' (and everything under it)
[5.400s] Copying ../../build/cobot_py/cobot_py.egg-info to /home/moose/ros2_ws/install/cobot_py/lib/python3.10/site-packages/cobot_py-0.0.0-py3.10.egg-info
[5.402s] running install_scripts
[5.493s] Installing 2dof_move_arm script to /home/moose/ros2_ws/install/cobot_py/lib/cobot_py
[5.494s] writing list of installed files to '/home/moose/ros2_ws/build/cobot_py/install.log'
[5.729s] Invoked command in '/home/moose/ros2_ws/src/cobot_py' returned '0': PYTHONPATH=/home/moose/ros2_ws/build/cobot_py/prefix_override:/home/moose/ros2_ws/install/cobot_py/lib/python3.10/site-packages:${PYTHONPATH} /usr/bin/python3 -W ignore:setup.py install is deprecated setup.py egg_info --egg-base ../../build/cobot_py build --build-base /home/moose/ros2_ws/build/cobot_py/build install --record /home/moose/ros2_ws/build/cobot_py/install.log --single-version-externally-managed install_data
