[1.113s] Invoking command in '/home/moose/ros2_ws/src/cobot_py': PYTHONPATH=/home/moose/ros2_ws/build/cobot_py/prefix_override:/home/moose/ros2_ws/install/cobot_py/lib/python3.10/site-packages:${PYTHONPATH} /usr/bin/python3 -W ignore:setup.py install is deprecated setup.py egg_info --egg-base ../../build/cobot_py build --build-base /home/moose/ros2_ws/build/cobot_py/build install --record /home/moose/ros2_ws/build/cobot_py/install.log --single-version-externally-managed install_data
[1.503s] running egg_info
[1.504s] writing ../../build/cobot_py/cobot_py.egg-info/PKG-INFO
[1.504s] writing dependency_links to ../../build/cobot_py/cobot_py.egg-info/dependency_links.txt
[1.504s] writing entry points to ../../build/cobot_py/cobot_py.egg-info/entry_points.txt
[1.505s] writing requirements to ../../build/cobot_py/cobot_py.egg-info/requires.txt
[1.505s] writing top-level names to ../../build/cobot_py/cobot_py.egg-info/top_level.txt
[1.508s] reading manifest file '../../build/cobot_py/cobot_py.egg-info/SOURCES.txt'
[1.509s] writing manifest file '../../build/cobot_py/cobot_py.egg-info/SOURCES.txt'
[1.509s] running build
[1.509s] running build_py
[1.509s] copying cobot_py/move_arm.py -> /home/moose/ros2_ws/build/cobot_py/build/lib/cobot_py
[1.509s] running install
[1.510s] running install_lib
[1.512s] copying /home/moose/ros2_ws/build/cobot_py/build/lib/cobot_py/move_arm.py -> /home/moose/ros2_ws/install/cobot_py/lib/python3.10/site-packages/cobot_py
[1.513s] byte-compiling /home/moose/ros2_ws/install/cobot_py/lib/python3.10/site-packages/cobot_py/move_arm.py to move_arm.cpython-310.pyc
[1.514s] running install_data
[1.514s] running install_egg_info
[1.517s] removing '/home/moose/ros2_ws/install/cobot_py/lib/python3.10/site-packages/cobot_py-0.0.0-py3.10.egg-info' (and everything under it)
[1.517s] Copying ../../build/cobot_py/cobot_py.egg-info to /home/moose/ros2_ws/install/cobot_py/lib/python3.10/site-packages/cobot_py-0.0.0-py3.10.egg-info
[1.518s] running install_scripts
[1.546s] Installing move_arm script to /home/moose/ros2_ws/install/cobot_py/lib/cobot_py
[1.547s] writing list of installed files to '/home/moose/ros2_ws/build/cobot_py/install.log'
[1.588s] Invoked command in '/home/moose/ros2_ws/src/cobot_py' returned '0': PYTHONPATH=/home/moose/ros2_ws/build/cobot_py/prefix_override:/home/moose/ros2_ws/install/cobot_py/lib/python3.10/site-packages:${PYTHONPATH} /usr/bin/python3 -W ignore:setup.py install is deprecated setup.py egg_info --egg-base ../../build/cobot_py build --build-base /home/moose/ros2_ws/build/cobot_py/build install --record /home/moose/ros2_ws/build/cobot_py/install.log --single-version-externally-managed install_data
