[0.262s] DEBUG:colcon:Command line arguments: ['/usr/bin/colcon', 'build']
[0.262s] DEBUG:colcon:Parsed command line arguments: Namespace(log_base=None, log_level=None, verb_name='build', build_base='build', install_base='install', merge_install=False, symlink_install=False, test_result_base=None, continue_on_error=False, executor='parallel', parallel_workers=4, event_handlers=None, ignore_user_meta=False, metas=['./colcon.meta'], base_paths=['.'], packages_ignore=None, packages_ignore_regex=None, paths=None, packages_up_to=None, packages_up_to_regex=None, packages_above=None, packages_above_and_dependencies=None, packages_above_depth=None, packages_select_by_dep=None, packages_skip_by_dep=None, packages_skip_up_to=None, packages_select_build_failed=False, packages_skip_build_finished=False, packages_select_test_failures=False, packages_skip_test_passed=False, packages_select=None, packages_skip=None, packages_select_regex=None, packages_skip_regex=None, packages_start=None, packages_end=None, allow_overriding=[], cmake_args=None, cmake_target=None, cmake_target_skip_unavailable=False, cmake_clean_cache=False, cmake_clean_first=False, cmake_force_configure=False, ament_cmake_args=None, catkin_cmake_args=None, catkin_skip_building_tests=False, mixin_files=None, mixin=None, verb_parser=<colcon_mixin.mixin.mixin_argument.MixinArgumentDecorator object at 0x7b8847dd3400>, verb_extension=<colcon_core.verb.build.BuildVerb object at 0x7b8847fa7670>, main=<bound method BuildVerb.main of <colcon_core.verb.build.BuildVerb object at 0x7b8847fa7670>>, mixin_verb=('build',))
[0.714s] Level 1:colcon.colcon_core.package_discovery:discover_packages(colcon_meta) check parameters
[0.714s] Level 1:colcon.colcon_core.package_discovery:discover_packages(recursive) check parameters
[0.714s] Level 1:colcon.colcon_core.package_discovery:discover_packages(ignore) check parameters
[0.714s] Level 1:colcon.colcon_core.package_discovery:discover_packages(path) check parameters
[0.714s] Level 1:colcon.colcon_core.package_discovery:discover_packages(colcon_meta) discover
[0.714s] Level 1:colcon.colcon_core.package_discovery:discover_packages(recursive) discover
[0.714s] INFO:colcon.colcon_core.package_discovery:Crawling recursively for packages in '/home/moose/ros2_ws'
[0.714s] Level 1:colcon.colcon_core.package_identification:_identify(.) by extensions ['ignore', 'ignore_ament_install']
[0.714s] Level 1:colcon.colcon_core.package_identification:_identify(.) by extension 'ignore'
[0.714s] Level 1:colcon.colcon_core.package_identification:_identify(.) by extension 'ignore_ament_install'
[0.714s] Level 1:colcon.colcon_core.package_identification:_identify(.) by extensions ['colcon_pkg']
[0.714s] Level 1:colcon.colcon_core.package_identification:_identify(.) by extension 'colcon_pkg'
[0.715s] Level 1:colcon.colcon_core.package_identification:_identify(.) by extensions ['colcon_meta']
[0.715s] Level 1:colcon.colcon_core.package_identification:_identify(.) by extension 'colcon_meta'
[0.715s] Level 1:colcon.colcon_core.package_identification:_identify(.) by extensions ['ros']
[0.715s] Level 1:colcon.colcon_core.package_identification:_identify(.) by extension 'ros'
[0.738s] Level 1:colcon.colcon_core.package_identification:_identify(.) by extensions ['cmake', 'python']
[0.739s] Level 1:colcon.colcon_core.package_identification:_identify(.) by extension 'cmake'
[0.739s] Level 1:colcon.colcon_core.package_identification:_identify(.) by extension 'python'
[0.739s] Level 1:colcon.colcon_core.package_identification:_identify(.) by extensions ['python_setup_py']
[0.739s] Level 1:colcon.colcon_core.package_identification:_identify(.) by extension 'python_setup_py'
[0.739s] Level 1:colcon.colcon_core.package_identification:_identify(build) by extensions ['ignore', 'ignore_ament_install']
[0.739s] Level 1:colcon.colcon_core.package_identification:_identify(build) by extension 'ignore'
[0.740s] Level 1:colcon.colcon_core.package_identification:_identify(build) ignored
[0.740s] Level 1:colcon.colcon_core.package_identification:_identify(install) by extensions ['ignore', 'ignore_ament_install']
[0.740s] Level 1:colcon.colcon_core.package_identification:_identify(install) by extension 'ignore'
[0.740s] Level 1:colcon.colcon_core.package_identification:_identify(install) ignored
[0.741s] Level 1:colcon.colcon_core.package_identification:_identify(log) by extensions ['ignore', 'ignore_ament_install']
[0.741s] Level 1:colcon.colcon_core.package_identification:_identify(log) by extension 'ignore'
[0.741s] Level 1:colcon.colcon_core.package_identification:_identify(log) ignored
[0.741s] Level 1:colcon.colcon_core.package_identification:_identify(src) by extensions ['ignore', 'ignore_ament_install']
[0.741s] Level 1:colcon.colcon_core.package_identification:_identify(src) by extension 'ignore'
[0.741s] Level 1:colcon.colcon_core.package_identification:_identify(src) by extension 'ignore_ament_install'
[0.741s] Level 1:colcon.colcon_core.package_identification:_identify(src) by extensions ['colcon_pkg']
[0.741s] Level 1:colcon.colcon_core.package_identification:_identify(src) by extension 'colcon_pkg'
[0.741s] Level 1:colcon.colcon_core.package_identification:_identify(src) by extensions ['colcon_meta']
[0.741s] Level 1:colcon.colcon_core.package_identification:_identify(src) by extension 'colcon_meta'
[0.741s] Level 1:colcon.colcon_core.package_identification:_identify(src) by extensions ['ros']
[0.741s] Level 1:colcon.colcon_core.package_identification:_identify(src) by extension 'ros'
[0.741s] Level 1:colcon.colcon_core.package_identification:_identify(src) by extensions ['cmake', 'python']
[0.742s] Level 1:colcon.colcon_core.package_identification:_identify(src) by extension 'cmake'
[0.742s] Level 1:colcon.colcon_core.package_identification:_identify(src) by extension 'python'
[0.742s] Level 1:colcon.colcon_core.package_identification:_identify(src) by extensions ['python_setup_py']
[0.742s] Level 1:colcon.colcon_core.package_identification:_identify(src) by extension 'python_setup_py'
[0.766s] Level 1:colcon.colcon_core.package_identification:_identify(src/cobot_py) by extensions ['ignore', 'ignore_ament_install']
[0.766s] Level 1:colcon.colcon_core.package_identification:_identify(src/cobot_py) by extension 'ignore'
[0.766s] Level 1:colcon.colcon_core.package_identification:_identify(src/cobot_py) by extension 'ignore_ament_install'
[0.767s] Level 1:colcon.colcon_core.package_identification:_identify(src/cobot_py) by extensions ['colcon_pkg']
[0.767s] Level 1:colcon.colcon_core.package_identification:_identify(src/cobot_py) by extension 'colcon_pkg'
[0.767s] Level 1:colcon.colcon_core.package_identification:_identify(src/cobot_py) by extensions ['colcon_meta']
[0.767s] Level 1:colcon.colcon_core.package_identification:_identify(src/cobot_py) by extension 'colcon_meta'
[0.767s] Level 1:colcon.colcon_core.package_identification:_identify(src/cobot_py) by extensions ['ros']
[0.767s] Level 1:colcon.colcon_core.package_identification:_identify(src/cobot_py) by extension 'ros'
[0.796s] DEBUG:colcon.colcon_core.package_identification:Package 'src/cobot_py' with type 'ros.ament_python' and name 'cobot_py'
[0.796s] Level 1:colcon.colcon_core.package_identification:_identify(src/log) by extensions ['ignore', 'ignore_ament_install']
[0.797s] Level 1:colcon.colcon_core.package_identification:_identify(src/log) by extension 'ignore'
[0.797s] Level 1:colcon.colcon_core.package_identification:_identify(src/log) ignored
[0.797s] Level 1:colcon.colcon_core.package_identification:_identify(src/my_cobot_bringup) by extensions ['ignore', 'ignore_ament_install']
[0.797s] Level 1:colcon.colcon_core.package_identification:_identify(src/my_cobot_bringup) by extension 'ignore'
[0.797s] Level 1:colcon.colcon_core.package_identification:_identify(src/my_cobot_bringup) by extension 'ignore_ament_install'
[0.798s] Level 1:colcon.colcon_core.package_identification:_identify(src/my_cobot_bringup) by extensions ['colcon_pkg']
[0.798s] Level 1:colcon.colcon_core.package_identification:_identify(src/my_cobot_bringup) by extension 'colcon_pkg'
[0.798s] Level 1:colcon.colcon_core.package_identification:_identify(src/my_cobot_bringup) by extensions ['colcon_meta']
[0.798s] Level 1:colcon.colcon_core.package_identification:_identify(src/my_cobot_bringup) by extension 'colcon_meta'
[0.798s] Level 1:colcon.colcon_core.package_identification:_identify(src/my_cobot_bringup) by extensions ['ros']
[0.798s] Level 1:colcon.colcon_core.package_identification:_identify(src/my_cobot_bringup) by extension 'ros'
[0.799s] DEBUG:colcon.colcon_core.package_identification:Package 'src/my_cobot_bringup' with type 'ros.ament_cmake' and name 'my_cobot_bringup'
[0.799s] Level 1:colcon.colcon_core.package_identification:_identify(src/my_cobot_description) by extensions ['ignore', 'ignore_ament_install']
[0.800s] Level 1:colcon.colcon_core.package_identification:_identify(src/my_cobot_description) by extension 'ignore'
[0.800s] Level 1:colcon.colcon_core.package_identification:_identify(src/my_cobot_description) by extension 'ignore_ament_install'
[0.800s] Level 1:colcon.colcon_core.package_identification:_identify(src/my_cobot_description) by extensions ['colcon_pkg']
[0.800s] Level 1:colcon.colcon_core.package_identification:_identify(src/my_cobot_description) by extension 'colcon_pkg'
[0.800s] Level 1:colcon.colcon_core.package_identification:_identify(src/my_cobot_description) by extensions ['colcon_meta']
[0.800s] Level 1:colcon.colcon_core.package_identification:_identify(src/my_cobot_description) by extension 'colcon_meta'
[0.800s] Level 1:colcon.colcon_core.package_identification:_identify(src/my_cobot_description) by extensions ['ros']
[0.800s] Level 1:colcon.colcon_core.package_identification:_identify(src/my_cobot_description) by extension 'ros'
[0.801s] DEBUG:colcon.colcon_core.package_identification:Package 'src/my_cobot_description' with type 'ros.ament_cmake' and name 'my_cobot_description'
[0.801s] Level 1:colcon.colcon_core.package_discovery:discover_packages(recursive) using defaults
[0.801s] Level 1:colcon.colcon_core.package_discovery:discover_packages(ignore) discover
[0.802s] Level 1:colcon.colcon_core.package_discovery:discover_packages(ignore) using defaults
[0.802s] Level 1:colcon.colcon_core.package_discovery:discover_packages(path) discover
[0.802s] Level 1:colcon.colcon_core.package_discovery:discover_packages(path) using defaults
[0.865s] Level 1:colcon.colcon_core.package_discovery:discover_packages(prefix_path) check parameters
[0.865s] Level 1:colcon.colcon_core.package_discovery:discover_packages(prefix_path) discover
[0.871s] DEBUG:colcon.colcon_installed_package_information.package_discovery:Found 3 installed packages in /home/moose/ros2_ws/install
[0.874s] DEBUG:colcon.colcon_installed_package_information.package_discovery:Found 422 installed packages in /opt/ros/humble
[0.880s] Level 1:colcon.colcon_core.package_discovery:discover_packages(prefix_path) using defaults
[1.009s] Level 5:colcon.colcon_core.verb:set package 'cobot_py' build argument 'cmake_args' from command line to 'None'
[1.009s] Level 5:colcon.colcon_core.verb:set package 'cobot_py' build argument 'cmake_target' from command line to 'None'
[1.009s] Level 5:colcon.colcon_core.verb:set package 'cobot_py' build argument 'cmake_target_skip_unavailable' from command line to 'False'
[1.009s] Level 5:colcon.colcon_core.verb:set package 'cobot_py' build argument 'cmake_clean_cache' from command line to 'False'
[1.009s] Level 5:colcon.colcon_core.verb:set package 'cobot_py' build argument 'cmake_clean_first' from command line to 'False'
[1.009s] Level 5:colcon.colcon_core.verb:set package 'cobot_py' build argument 'cmake_force_configure' from command line to 'False'
[1.009s] Level 5:colcon.colcon_core.verb:set package 'cobot_py' build argument 'ament_cmake_args' from command line to 'None'
[1.009s] Level 5:colcon.colcon_core.verb:set package 'cobot_py' build argument 'catkin_cmake_args' from command line to 'None'
[1.009s] Level 5:colcon.colcon_core.verb:set package 'cobot_py' build argument 'catkin_skip_building_tests' from command line to 'False'
[1.009s] DEBUG:colcon.colcon_core.verb:Building package 'cobot_py' with the following arguments: {'ament_cmake_args': None, 'build_base': '/home/moose/ros2_ws/build/cobot_py', 'catkin_cmake_args': None, 'catkin_skip_building_tests': False, 'cmake_args': None, 'cmake_clean_cache': False, 'cmake_clean_first': False, 'cmake_force_configure': False, 'cmake_target': None, 'cmake_target_skip_unavailable': False, 'install_base': '/home/moose/ros2_ws/install/cobot_py', 'merge_install': False, 'path': '/home/moose/ros2_ws/src/cobot_py', 'symlink_install': False, 'test_result_base': None}
[1.010s] Level 5:colcon.colcon_core.verb:set package 'my_cobot_bringup' build argument 'cmake_args' from command line to 'None'
[1.010s] Level 5:colcon.colcon_core.verb:set package 'my_cobot_bringup' build argument 'cmake_target' from command line to 'None'
[1.010s] Level 5:colcon.colcon_core.verb:set package 'my_cobot_bringup' build argument 'cmake_target_skip_unavailable' from command line to 'False'
[1.010s] Level 5:colcon.colcon_core.verb:set package 'my_cobot_bringup' build argument 'cmake_clean_cache' from command line to 'False'
[1.010s] Level 5:colcon.colcon_core.verb:set package 'my_cobot_bringup' build argument 'cmake_clean_first' from command line to 'False'
[1.010s] Level 5:colcon.colcon_core.verb:set package 'my_cobot_bringup' build argument 'cmake_force_configure' from command line to 'False'
[1.010s] Level 5:colcon.colcon_core.verb:set package 'my_cobot_bringup' build argument 'ament_cmake_args' from command line to 'None'
[1.011s] Level 5:colcon.colcon_core.verb:set package 'my_cobot_bringup' build argument 'catkin_cmake_args' from command line to 'None'
[1.011s] Level 5:colcon.colcon_core.verb:set package 'my_cobot_bringup' build argument 'catkin_skip_building_tests' from command line to 'False'
[1.011s] DEBUG:colcon.colcon_core.verb:Building package 'my_cobot_bringup' with the following arguments: {'ament_cmake_args': None, 'build_base': '/home/moose/ros2_ws/build/my_cobot_bringup', 'catkin_cmake_args': None, 'catkin_skip_building_tests': False, 'cmake_args': None, 'cmake_clean_cache': False, 'cmake_clean_first': False, 'cmake_force_configure': False, 'cmake_target': None, 'cmake_target_skip_unavailable': False, 'install_base': '/home/moose/ros2_ws/install/my_cobot_bringup', 'merge_install': False, 'path': '/home/moose/ros2_ws/src/my_cobot_bringup', 'symlink_install': False, 'test_result_base': None}
[1.011s] Level 5:colcon.colcon_core.verb:set package 'my_cobot_description' build argument 'cmake_args' from command line to 'None'
[1.011s] Level 5:colcon.colcon_core.verb:set package 'my_cobot_description' build argument 'cmake_target' from command line to 'None'
[1.011s] Level 5:colcon.colcon_core.verb:set package 'my_cobot_description' build argument 'cmake_target_skip_unavailable' from command line to 'False'
[1.011s] Level 5:colcon.colcon_core.verb:set package 'my_cobot_description' build argument 'cmake_clean_cache' from command line to 'False'
[1.011s] Level 5:colcon.colcon_core.verb:set package 'my_cobot_description' build argument 'cmake_clean_first' from command line to 'False'
[1.011s] Level 5:colcon.colcon_core.verb:set package 'my_cobot_description' build argument 'cmake_force_configure' from command line to 'False'
[1.011s] Level 5:colcon.colcon_core.verb:set package 'my_cobot_description' build argument 'ament_cmake_args' from command line to 'None'
[1.011s] Level 5:colcon.colcon_core.verb:set package 'my_cobot_description' build argument 'catkin_cmake_args' from command line to 'None'
[1.012s] Level 5:colcon.colcon_core.verb:set package 'my_cobot_description' build argument 'catkin_skip_building_tests' from command line to 'False'
[1.012s] DEBUG:colcon.colcon_core.verb:Building package 'my_cobot_description' with the following arguments: {'ament_cmake_args': None, 'build_base': '/home/moose/ros2_ws/build/my_cobot_description', 'catkin_cmake_args': None, 'catkin_skip_building_tests': False, 'cmake_args': None, 'cmake_clean_cache': False, 'cmake_clean_first': False, 'cmake_force_configure': False, 'cmake_target': None, 'cmake_target_skip_unavailable': False, 'install_base': '/home/moose/ros2_ws/install/my_cobot_description', 'merge_install': False, 'path': '/home/moose/ros2_ws/src/my_cobot_description', 'symlink_install': False, 'test_result_base': None}
[1.012s] INFO:colcon.colcon_core.executor:Executing jobs using 'parallel' executor
[1.013s] DEBUG:colcon.colcon_parallel_executor.executor.parallel:run_until_complete
[1.014s] INFO:colcon.colcon_ros.task.ament_python.build:Building ROS package in '/home/moose/ros2_ws/src/cobot_py' with build type 'ament_python'
[1.015s] Level 1:colcon.colcon_core.shell:create_environment_hook('cobot_py', 'ament_prefix_path')
[1.020s] INFO:colcon.colcon_core.plugin_system:Skipping extension 'colcon_core.shell.bat': Not used on non-Windows systems
[1.021s] INFO:colcon.colcon_core.shell:Creating environment hook '/home/moose/ros2_ws/install/cobot_py/share/cobot_py/hook/ament_prefix_path.ps1'
[1.022s] INFO:colcon.colcon_core.shell:Creating environment descriptor '/home/moose/ros2_ws/install/cobot_py/share/cobot_py/hook/ament_prefix_path.dsv'
[1.024s] INFO:colcon.colcon_core.shell:Creating environment hook '/home/moose/ros2_ws/install/cobot_py/share/cobot_py/hook/ament_prefix_path.sh'
[1.025s] INFO:colcon.colcon_core.shell:Skip shell extension 'powershell' for command environment: Not usable outside of PowerShell
[1.025s] DEBUG:colcon.colcon_core.shell:Skip shell extension 'dsv' for command environment
[1.057s] INFO:colcon.colcon_ros.task.ament_cmake.build:Building ROS package in '/home/moose/ros2_ws/src/my_cobot_bringup' with build type 'ament_cmake'
[1.058s] INFO:colcon.colcon_cmake.task.cmake.build:Building CMake package in '/home/moose/ros2_ws/src/my_cobot_bringup'
[1.058s] INFO:colcon.colcon_core.shell:Skip shell extension 'powershell' for command environment: Not usable outside of PowerShell
[1.059s] DEBUG:colcon.colcon_core.shell:Skip shell extension 'dsv' for command environment
[1.066s] INFO:colcon.colcon_ros.task.ament_cmake.build:Building ROS package in '/home/moose/ros2_ws/src/my_cobot_description' with build type 'ament_cmake'
[1.066s] INFO:colcon.colcon_cmake.task.cmake.build:Building CMake package in '/home/moose/ros2_ws/src/my_cobot_description'
[1.066s] INFO:colcon.colcon_core.shell:Skip shell extension 'powershell' for command environment: Not usable outside of PowerShell
[1.066s] DEBUG:colcon.colcon_core.shell:Skip shell extension 'dsv' for command environment
[1.931s] INFO:colcon.colcon_core.task.python.build:Building Python package in '/home/moose/ros2_ws/src/cobot_py'
[1.931s] INFO:colcon.colcon_core.shell:Skip shell extension 'powershell' for command environment: Not usable outside of PowerShell
[1.932s] DEBUG:colcon.colcon_core.shell:Skip shell extension 'dsv' for command environment
[1.949s] DEBUG:colcon.colcon_core.event_handler.log_command:Invoking command in '/home/moose/ros2_ws/build/my_cobot_bringup': CMAKE_PREFIX_PATH=${CMAKE_PREFIX_PATH}:/home/moose/ros2_ws/install/cobot_py:/opt/ros/humble /usr/bin/cmake --build /home/moose/ros2_ws/build/my_cobot_bringup -- -j4 -l4
[1.960s] DEBUG:colcon.colcon_core.event_handler.log_command:Invoking command in '/home/moose/ros2_ws/build/my_cobot_description': CMAKE_PREFIX_PATH=${CMAKE_PREFIX_PATH}:/home/moose/ros2_ws/install/cobot_py:/opt/ros/humble /usr/bin/cmake --build /home/moose/ros2_ws/build/my_cobot_description -- -j4 -l4
[2.072s] DEBUG:colcon.colcon_core.event_handler.log_command:Invoked command in '/home/moose/ros2_ws/build/my_cobot_bringup' returned '0': CMAKE_PREFIX_PATH=${CMAKE_PREFIX_PATH}:/home/moose/ros2_ws/install/cobot_py:/opt/ros/humble /usr/bin/cmake --build /home/moose/ros2_ws/build/my_cobot_bringup -- -j4 -l4
[2.122s] DEBUG:colcon.colcon_core.event_handler.log_command:Invoked command in '/home/moose/ros2_ws/build/my_cobot_description' returned '0': CMAKE_PREFIX_PATH=${CMAKE_PREFIX_PATH}:/home/moose/ros2_ws/install/cobot_py:/opt/ros/humble /usr/bin/cmake --build /home/moose/ros2_ws/build/my_cobot_description -- -j4 -l4
[2.236s] DEBUG:colcon.colcon_core.event_handler.log_command:Invoking command in '/home/moose/ros2_ws/build/my_cobot_bringup': CMAKE_PREFIX_PATH=${CMAKE_PREFIX_PATH}:/home/moose/ros2_ws/install/cobot_py:/opt/ros/humble /usr/bin/cmake --install /home/moose/ros2_ws/build/my_cobot_bringup
[2.242s] DEBUG:colcon.colcon_core.event_handler.log_command:Invoking command in '/home/moose/ros2_ws/build/my_cobot_description': CMAKE_PREFIX_PATH=${CMAKE_PREFIX_PATH}:/home/moose/ros2_ws/install/cobot_py:/opt/ros/humble /usr/bin/cmake --install /home/moose/ros2_ws/build/my_cobot_description
[2.268s] Level 1:colcon.colcon_core.environment:create_environment_scripts_only(my_cobot_bringup)
[2.307s] Level 1:colcon.colcon_core.environment:checking '/home/moose/ros2_ws/install/my_cobot_bringup' for CMake module files
[2.309s] Level 1:colcon.colcon_core.environment:checking '/home/moose/ros2_ws/install/my_cobot_bringup' for CMake config files
[2.309s] Level 1:colcon.colcon_core.shell:create_environment_hook('my_cobot_bringup', 'cmake_prefix_path')
[2.310s] INFO:colcon.colcon_core.shell:Creating environment hook '/home/moose/ros2_ws/install/my_cobot_bringup/share/my_cobot_bringup/hook/cmake_prefix_path.ps1'
[2.311s] DEBUG:colcon.colcon_core.event_handler.log_command:Invoked command in '/home/moose/ros2_ws/build/my_cobot_bringup' returned '0': CMAKE_PREFIX_PATH=${CMAKE_PREFIX_PATH}:/home/moose/ros2_ws/install/cobot_py:/opt/ros/humble /usr/bin/cmake --install /home/moose/ros2_ws/build/my_cobot_bringup
[2.313s] INFO:colcon.colcon_core.shell:Creating environment descriptor '/home/moose/ros2_ws/install/my_cobot_bringup/share/my_cobot_bringup/hook/cmake_prefix_path.dsv'
[2.314s] INFO:colcon.colcon_core.shell:Creating environment hook '/home/moose/ros2_ws/install/my_cobot_bringup/share/my_cobot_bringup/hook/cmake_prefix_path.sh'
[2.315s] Level 1:colcon.colcon_core.environment:checking '/home/moose/ros2_ws/install/my_cobot_bringup/bin'
[2.315s] Level 1:colcon.colcon_core.environment:checking '/home/moose/ros2_ws/install/my_cobot_bringup/lib/pkgconfig/my_cobot_bringup.pc'
[2.316s] Level 1:colcon.colcon_core.environment:checking '/home/moose/ros2_ws/install/my_cobot_bringup/lib/python3.10/site-packages'
[2.317s] Level 1:colcon.colcon_core.environment:checking '/home/moose/ros2_ws/install/my_cobot_bringup/bin'
[2.318s] INFO:colcon.colcon_core.shell:Creating package script '/home/moose/ros2_ws/install/my_cobot_bringup/share/my_cobot_bringup/package.ps1'
[2.321s] INFO:colcon.colcon_core.shell:Creating package descriptor '/home/moose/ros2_ws/install/my_cobot_bringup/share/my_cobot_bringup/package.dsv'
[2.322s] INFO:colcon.colcon_core.shell:Creating package script '/home/moose/ros2_ws/install/my_cobot_bringup/share/my_cobot_bringup/package.sh'
[2.323s] INFO:colcon.colcon_core.shell:Creating package script '/home/moose/ros2_ws/install/my_cobot_bringup/share/my_cobot_bringup/package.bash'
[2.324s] INFO:colcon.colcon_core.shell:Creating package script '/home/moose/ros2_ws/install/my_cobot_bringup/share/my_cobot_bringup/package.zsh'
[2.326s] Level 1:colcon.colcon_core.environment:create_file_with_runtime_dependencies(/home/moose/ros2_ws/install/my_cobot_bringup/share/colcon-core/packages/my_cobot_bringup)
[2.333s] Level 1:colcon.colcon_core.environment:create_environment_scripts_only(my_cobot_description)
[2.336s] Level 1:colcon.colcon_core.environment:checking '/home/moose/ros2_ws/install/my_cobot_description' for CMake module files
[2.339s] Level 1:colcon.colcon_core.environment:checking '/home/moose/ros2_ws/install/my_cobot_description' for CMake config files
[2.340s] DEBUG:colcon.colcon_core.event_handler.log_command:Invoked command in '/home/moose/ros2_ws/build/my_cobot_description' returned '0': CMAKE_PREFIX_PATH=${CMAKE_PREFIX_PATH}:/home/moose/ros2_ws/install/cobot_py:/opt/ros/humble /usr/bin/cmake --install /home/moose/ros2_ws/build/my_cobot_description
[2.341s] Level 1:colcon.colcon_core.shell:create_environment_hook('my_cobot_description', 'cmake_prefix_path')
[2.343s] INFO:colcon.colcon_core.shell:Creating environment hook '/home/moose/ros2_ws/install/my_cobot_description/share/my_cobot_description/hook/cmake_prefix_path.ps1'
[2.344s] INFO:colcon.colcon_core.shell:Creating environment descriptor '/home/moose/ros2_ws/install/my_cobot_description/share/my_cobot_description/hook/cmake_prefix_path.dsv'
[2.346s] INFO:colcon.colcon_core.shell:Creating environment hook '/home/moose/ros2_ws/install/my_cobot_description/share/my_cobot_description/hook/cmake_prefix_path.sh'
[2.349s] Level 1:colcon.colcon_core.environment:checking '/home/moose/ros2_ws/install/my_cobot_description/bin'
[2.350s] Level 1:colcon.colcon_core.environment:checking '/home/moose/ros2_ws/install/my_cobot_description/lib/pkgconfig/my_cobot_description.pc'
[2.351s] Level 1:colcon.colcon_core.environment:checking '/home/moose/ros2_ws/install/my_cobot_description/lib/python3.10/site-packages'
[2.351s] Level 1:colcon.colcon_core.environment:checking '/home/moose/ros2_ws/install/my_cobot_description/bin'
[2.353s] INFO:colcon.colcon_core.shell:Creating package script '/home/moose/ros2_ws/install/my_cobot_description/share/my_cobot_description/package.ps1'
[2.354s] INFO:colcon.colcon_core.shell:Creating package descriptor '/home/moose/ros2_ws/install/my_cobot_description/share/my_cobot_description/package.dsv'
[2.355s] INFO:colcon.colcon_core.shell:Creating package script '/home/moose/ros2_ws/install/my_cobot_description/share/my_cobot_description/package.sh'
[2.356s] INFO:colcon.colcon_core.shell:Creating package script '/home/moose/ros2_ws/install/my_cobot_description/share/my_cobot_description/package.bash'
[2.357s] INFO:colcon.colcon_core.shell:Creating package script '/home/moose/ros2_ws/install/my_cobot_description/share/my_cobot_description/package.zsh'
[2.358s] Level 1:colcon.colcon_core.environment:create_file_with_runtime_dependencies(/home/moose/ros2_ws/install/my_cobot_description/share/colcon-core/packages/my_cobot_description)
[2.422s] Level 1:colcon.colcon_core.environment:create_environment_scripts_only(my_cobot_bringup)
[2.423s] Level 1:colcon.colcon_core.environment:checking '/home/moose/ros2_ws/install/my_cobot_bringup' for CMake module files
[2.425s] Level 1:colcon.colcon_core.environment:checking '/home/moose/ros2_ws/install/my_cobot_bringup' for CMake config files
[2.425s] Level 1:colcon.colcon_core.shell:create_environment_hook('my_cobot_bringup', 'cmake_prefix_path')
[2.426s] INFO:colcon.colcon_core.shell:Creating environment hook '/home/moose/ros2_ws/install/my_cobot_bringup/share/my_cobot_bringup/hook/cmake_prefix_path.ps1'
[2.428s] INFO:colcon.colcon_core.shell:Creating environment descriptor '/home/moose/ros2_ws/install/my_cobot_bringup/share/my_cobot_bringup/hook/cmake_prefix_path.dsv'
[2.430s] INFO:colcon.colcon_core.shell:Creating environment hook '/home/moose/ros2_ws/install/my_cobot_bringup/share/my_cobot_bringup/hook/cmake_prefix_path.sh'
[2.432s] Level 1:colcon.colcon_core.environment:checking '/home/moose/ros2_ws/install/my_cobot_bringup/bin'
[2.432s] Level 1:colcon.colcon_core.environment:checking '/home/moose/ros2_ws/install/my_cobot_bringup/lib/pkgconfig/my_cobot_bringup.pc'
[2.433s] Level 1:colcon.colcon_core.environment:checking '/home/moose/ros2_ws/install/my_cobot_bringup/lib/python3.10/site-packages'
[2.433s] Level 1:colcon.colcon_core.environment:checking '/home/moose/ros2_ws/install/my_cobot_bringup/bin'
[2.434s] INFO:colcon.colcon_core.shell:Creating package script '/home/moose/ros2_ws/install/my_cobot_bringup/share/my_cobot_bringup/package.ps1'
[2.436s] INFO:colcon.colcon_core.shell:Creating package descriptor '/home/moose/ros2_ws/install/my_cobot_bringup/share/my_cobot_bringup/package.dsv'
[2.438s] INFO:colcon.colcon_core.shell:Creating package script '/home/moose/ros2_ws/install/my_cobot_bringup/share/my_cobot_bringup/package.sh'
[2.439s] INFO:colcon.colcon_core.shell:Creating package script '/home/moose/ros2_ws/install/my_cobot_bringup/share/my_cobot_bringup/package.bash'
[2.440s] INFO:colcon.colcon_core.shell:Creating package script '/home/moose/ros2_ws/install/my_cobot_bringup/share/my_cobot_bringup/package.zsh'
[2.441s] Level 1:colcon.colcon_core.environment:create_file_with_runtime_dependencies(/home/moose/ros2_ws/install/my_cobot_bringup/share/colcon-core/packages/my_cobot_bringup)
[2.452s] Level 1:colcon.colcon_core.environment:create_environment_scripts_only(my_cobot_description)
[2.452s] Level 1:colcon.colcon_core.environment:checking '/home/moose/ros2_ws/install/my_cobot_description' for CMake module files
[2.453s] Level 1:colcon.colcon_core.environment:checking '/home/moose/ros2_ws/install/my_cobot_description' for CMake config files
[2.454s] Level 1:colcon.colcon_core.shell:create_environment_hook('my_cobot_description', 'cmake_prefix_path')
[2.455s] INFO:colcon.colcon_core.shell:Creating environment hook '/home/moose/ros2_ws/install/my_cobot_description/share/my_cobot_description/hook/cmake_prefix_path.ps1'
[2.456s] INFO:colcon.colcon_core.shell:Creating environment descriptor '/home/moose/ros2_ws/install/my_cobot_description/share/my_cobot_description/hook/cmake_prefix_path.dsv'
[2.457s] INFO:colcon.colcon_core.shell:Creating environment hook '/home/moose/ros2_ws/install/my_cobot_description/share/my_cobot_description/hook/cmake_prefix_path.sh'
[2.461s] Level 1:colcon.colcon_core.environment:checking '/home/moose/ros2_ws/install/my_cobot_description/bin'
[2.461s] Level 1:colcon.colcon_core.environment:checking '/home/moose/ros2_ws/install/my_cobot_description/lib/pkgconfig/my_cobot_description.pc'
[2.462s] Level 1:colcon.colcon_core.environment:checking '/home/moose/ros2_ws/install/my_cobot_description/lib/python3.10/site-packages'
[2.462s] Level 1:colcon.colcon_core.environment:checking '/home/moose/ros2_ws/install/my_cobot_description/bin'
[2.463s] INFO:colcon.colcon_core.shell:Creating package script '/home/moose/ros2_ws/install/my_cobot_description/share/my_cobot_description/package.ps1'
[2.464s] INFO:colcon.colcon_core.shell:Creating package descriptor '/home/moose/ros2_ws/install/my_cobot_description/share/my_cobot_description/package.dsv'
[2.465s] INFO:colcon.colcon_core.shell:Creating package script '/home/moose/ros2_ws/install/my_cobot_description/share/my_cobot_description/package.sh'
[2.466s] INFO:colcon.colcon_core.shell:Creating package script '/home/moose/ros2_ws/install/my_cobot_description/share/my_cobot_description/package.bash'
[2.467s] INFO:colcon.colcon_core.shell:Creating package script '/home/moose/ros2_ws/install/my_cobot_description/share/my_cobot_description/package.zsh'
[2.469s] Level 1:colcon.colcon_core.environment:create_file_with_runtime_dependencies(/home/moose/ros2_ws/install/my_cobot_description/share/colcon-core/packages/my_cobot_description)
[3.318s] DEBUG:colcon.colcon_core.event_handler.log_command:Invoking command in '/home/moose/ros2_ws/src/cobot_py': PYTHONPATH=/home/moose/ros2_ws/build/cobot_py/prefix_override:/home/moose/ros2_ws/install/cobot_py/lib/python3.10/site-packages:${PYTHONPATH} /usr/bin/python3 -W ignore:setup.py install is deprecated setup.py egg_info --egg-base ../../build/cobot_py build --build-base /home/moose/ros2_ws/build/cobot_py/build install --record /home/moose/ros2_ws/build/cobot_py/install.log --single-version-externally-managed install_data
[4.355s] Level 1:colcon.colcon_core.environment:checking '/home/moose/ros2_ws/install/cobot_py' for CMake module files
[4.356s] DEBUG:colcon.colcon_core.event_handler.log_command:Invoked command in '/home/moose/ros2_ws/src/cobot_py' returned '0': PYTHONPATH=/home/moose/ros2_ws/build/cobot_py/prefix_override:/home/moose/ros2_ws/install/cobot_py/lib/python3.10/site-packages:${PYTHONPATH} /usr/bin/python3 -W ignore:setup.py install is deprecated setup.py egg_info --egg-base ../../build/cobot_py build --build-base /home/moose/ros2_ws/build/cobot_py/build install --record /home/moose/ros2_ws/build/cobot_py/install.log --single-version-externally-managed install_data
[4.356s] Level 1:colcon.colcon_core.environment:checking '/home/moose/ros2_ws/install/cobot_py' for CMake config files
[4.357s] Level 1:colcon.colcon_core.environment:checking '/home/moose/ros2_ws/install/cobot_py/lib'
[4.357s] Level 1:colcon.colcon_core.environment:checking '/home/moose/ros2_ws/install/cobot_py/bin'
[4.358s] Level 1:colcon.colcon_core.environment:checking '/home/moose/ros2_ws/install/cobot_py/lib/pkgconfig/cobot_py.pc'
[4.358s] Level 1:colcon.colcon_core.environment:checking '/home/moose/ros2_ws/install/cobot_py/lib/python3.10/site-packages'
[4.358s] Level 1:colcon.colcon_core.shell:create_environment_hook('cobot_py', 'pythonpath')
[4.359s] INFO:colcon.colcon_core.shell:Creating environment hook '/home/moose/ros2_ws/install/cobot_py/share/cobot_py/hook/pythonpath.ps1'
[4.360s] INFO:colcon.colcon_core.shell:Creating environment descriptor '/home/moose/ros2_ws/install/cobot_py/share/cobot_py/hook/pythonpath.dsv'
[4.361s] INFO:colcon.colcon_core.shell:Creating environment hook '/home/moose/ros2_ws/install/cobot_py/share/cobot_py/hook/pythonpath.sh'
[4.361s] Level 1:colcon.colcon_core.environment:checking '/home/moose/ros2_ws/install/cobot_py/bin'
[4.362s] Level 1:colcon.colcon_core.environment:create_environment_scripts_only(cobot_py)
[4.362s] INFO:colcon.colcon_core.shell:Creating package script '/home/moose/ros2_ws/install/cobot_py/share/cobot_py/package.ps1'
[4.363s] INFO:colcon.colcon_core.shell:Creating package descriptor '/home/moose/ros2_ws/install/cobot_py/share/cobot_py/package.dsv'
[4.364s] INFO:colcon.colcon_core.shell:Creating package script '/home/moose/ros2_ws/install/cobot_py/share/cobot_py/package.sh'
[4.364s] INFO:colcon.colcon_core.shell:Creating package script '/home/moose/ros2_ws/install/cobot_py/share/cobot_py/package.bash'
[4.365s] INFO:colcon.colcon_core.shell:Creating package script '/home/moose/ros2_ws/install/cobot_py/share/cobot_py/package.zsh'
[4.366s] Level 1:colcon.colcon_core.environment:create_file_with_runtime_dependencies(/home/moose/ros2_ws/install/cobot_py/share/colcon-core/packages/cobot_py)
[4.366s] DEBUG:colcon.colcon_parallel_executor.executor.parallel:closing loop
[4.367s] DEBUG:colcon.colcon_parallel_executor.executor.parallel:loop closed
[4.367s] DEBUG:colcon.colcon_parallel_executor.executor.parallel:run_until_complete finished with '0'
[4.367s] DEBUG:colcon.colcon_core.event_reactor:joining thread
[4.378s] INFO:colcon.colcon_core.plugin_system:Skipping extension 'colcon_notification.desktop_notification.terminal_notifier': Not used on non-Darwin systems
[4.378s] INFO:colcon.colcon_core.plugin_system:Skipping extension 'colcon_notification.desktop_notification.win32': Not used on non-Windows systems
[4.379s] INFO:colcon.colcon_notification.desktop_notification:Sending desktop notification using 'notify2'
[4.426s] DEBUG:colcon.colcon_core.event_reactor:joined thread
[4.427s] INFO:colcon.colcon_core.shell:Creating prefix script '/home/moose/ros2_ws/install/local_setup.ps1'
[4.429s] INFO:colcon.colcon_core.shell:Creating prefix util module '/home/moose/ros2_ws/install/_local_setup_util_ps1.py'
[4.432s] INFO:colcon.colcon_core.shell:Creating prefix chain script '/home/moose/ros2_ws/install/setup.ps1'
[4.434s] INFO:colcon.colcon_core.shell:Creating prefix script '/home/moose/ros2_ws/install/local_setup.sh'
[4.437s] INFO:colcon.colcon_core.shell:Creating prefix util module '/home/moose/ros2_ws/install/_local_setup_util_sh.py'
[4.438s] INFO:colcon.colcon_core.shell:Creating prefix chain script '/home/moose/ros2_ws/install/setup.sh'
[4.442s] INFO:colcon.colcon_core.shell:Creating prefix script '/home/moose/ros2_ws/install/local_setup.bash'
[4.443s] INFO:colcon.colcon_core.shell:Creating prefix chain script '/home/moose/ros2_ws/install/setup.bash'
[4.445s] INFO:colcon.colcon_core.shell:Creating prefix script '/home/moose/ros2_ws/install/local_setup.zsh'
[4.447s] INFO:colcon.colcon_core.shell:Creating prefix chain script '/home/moose/ros2_ws/install/setup.zsh'
