[0.444s] DEBUG:colcon:Command line arguments: ['/usr/bin/colcon', 'build']
[0.444s] DEBUG:colcon:Parsed command line arguments: Namespace(log_base=None, log_level=None, verb_name='build', build_base='build', install_base='install', merge_install=False, symlink_install=False, test_result_base=None, continue_on_error=False, executor='parallel', parallel_workers=4, event_handlers=None, ignore_user_meta=False, metas=['./colcon.meta'], base_paths=['.'], packages_ignore=None, packages_ignore_regex=None, paths=None, packages_up_to=None, packages_up_to_regex=None, packages_above=None, packages_above_and_dependencies=None, packages_above_depth=None, packages_select_by_dep=None, packages_skip_by_dep=None, packages_skip_up_to=None, packages_select_build_failed=False, packages_skip_build_finished=False, packages_select_test_failures=False, packages_skip_test_passed=False, packages_select=None, packages_skip=None, packages_select_regex=None, packages_skip_regex=None, packages_start=None, packages_end=None, allow_overriding=[], cmake_args=None, cmake_target=None, cmake_target_skip_unavailable=False, cmake_clean_cache=False, cmake_clean_first=False, cmake_force_configure=False, ament_cmake_args=None, catkin_cmake_args=None, catkin_skip_building_tests=False, mixin_files=None, mixin=None, verb_parser=<colcon_mixin.mixin.mixin_argument.MixinArgumentDecorator object at 0x751b3c3cf400>, verb_extension=<colcon_core.verb.build.BuildVerb object at 0x751b3c5a3670>, main=<bound method BuildVerb.main of <colcon_core.verb.build.BuildVerb object at 0x751b3c5a3670>>, mixin_verb=('build',))
[1.179s] Level 1:colcon.colcon_core.package_discovery:discover_packages(colcon_meta) check parameters
[1.180s] Level 1:colcon.colcon_core.package_discovery:discover_packages(recursive) check parameters
[1.180s] Level 1:colcon.colcon_core.package_discovery:discover_packages(ignore) check parameters
[1.180s] Level 1:colcon.colcon_core.package_discovery:discover_packages(path) check parameters
[1.180s] Level 1:colcon.colcon_core.package_discovery:discover_packages(colcon_meta) discover
[1.180s] Level 1:colcon.colcon_core.package_discovery:discover_packages(recursive) discover
[1.181s] INFO:colcon.colcon_core.package_discovery:Crawling recursively for packages in '/home/moose/ros2_ws'
[1.181s] Level 1:colcon.colcon_core.package_identification:_identify(.) by extensions ['ignore', 'ignore_ament_install']
[1.182s] Level 1:colcon.colcon_core.package_identification:_identify(.) by extension 'ignore'
[1.182s] Level 1:colcon.colcon_core.package_identification:_identify(.) by extension 'ignore_ament_install'
[1.182s] Level 1:colcon.colcon_core.package_identification:_identify(.) by extensions ['colcon_pkg']
[1.182s] Level 1:colcon.colcon_core.package_identification:_identify(.) by extension 'colcon_pkg'
[1.182s] Level 1:colcon.colcon_core.package_identification:_identify(.) by extensions ['colcon_meta']
[1.183s] Level 1:colcon.colcon_core.package_identification:_identify(.) by extension 'colcon_meta'
[1.183s] Level 1:colcon.colcon_core.package_identification:_identify(.) by extensions ['ros']
[1.183s] Level 1:colcon.colcon_core.package_identification:_identify(.) by extension 'ros'
[1.230s] Level 1:colcon.colcon_core.package_identification:_identify(.) by extensions ['cmake', 'python']
[1.230s] Level 1:colcon.colcon_core.package_identification:_identify(.) by extension 'cmake'
[1.230s] Level 1:colcon.colcon_core.package_identification:_identify(.) by extension 'python'
[1.230s] Level 1:colcon.colcon_core.package_identification:_identify(.) by extensions ['python_setup_py']
[1.230s] Level 1:colcon.colcon_core.package_identification:_identify(.) by extension 'python_setup_py'
[1.230s] Level 1:colcon.colcon_core.package_identification:_identify(build) by extensions ['ignore', 'ignore_ament_install']
[1.231s] Level 1:colcon.colcon_core.package_identification:_identify(build) by extension 'ignore'
[1.231s] Level 1:colcon.colcon_core.package_identification:_identify(build) ignored
[1.231s] Level 1:colcon.colcon_core.package_identification:_identify(install) by extensions ['ignore', 'ignore_ament_install']
[1.231s] Level 1:colcon.colcon_core.package_identification:_identify(install) by extension 'ignore'
[1.231s] Level 1:colcon.colcon_core.package_identification:_identify(install) ignored
[1.232s] Level 1:colcon.colcon_core.package_identification:_identify(log) by extensions ['ignore', 'ignore_ament_install']
[1.232s] Level 1:colcon.colcon_core.package_identification:_identify(log) by extension 'ignore'
[1.232s] Level 1:colcon.colcon_core.package_identification:_identify(log) ignored
[1.233s] Level 1:colcon.colcon_core.package_identification:_identify(src) by extensions ['ignore', 'ignore_ament_install']
[1.233s] Level 1:colcon.colcon_core.package_identification:_identify(src) by extension 'ignore'
[1.233s] Level 1:colcon.colcon_core.package_identification:_identify(src) by extension 'ignore_ament_install'
[1.233s] Level 1:colcon.colcon_core.package_identification:_identify(src) by extensions ['colcon_pkg']
[1.233s] Level 1:colcon.colcon_core.package_identification:_identify(src) by extension 'colcon_pkg'
[1.233s] Level 1:colcon.colcon_core.package_identification:_identify(src) by extensions ['colcon_meta']
[1.233s] Level 1:colcon.colcon_core.package_identification:_identify(src) by extension 'colcon_meta'
[1.234s] Level 1:colcon.colcon_core.package_identification:_identify(src) by extensions ['ros']
[1.234s] Level 1:colcon.colcon_core.package_identification:_identify(src) by extension 'ros'
[1.234s] Level 1:colcon.colcon_core.package_identification:_identify(src) by extensions ['cmake', 'python']
[1.234s] Level 1:colcon.colcon_core.package_identification:_identify(src) by extension 'cmake'
[1.234s] Level 1:colcon.colcon_core.package_identification:_identify(src) by extension 'python'
[1.234s] Level 1:colcon.colcon_core.package_identification:_identify(src) by extensions ['python_setup_py']
[1.234s] Level 1:colcon.colcon_core.package_identification:_identify(src) by extension 'python_setup_py'
[1.234s] Level 1:colcon.colcon_core.package_identification:_identify(src/cobot_py) by extensions ['ignore', 'ignore_ament_install']
[1.234s] Level 1:colcon.colcon_core.package_identification:_identify(src/cobot_py) by extension 'ignore'
[1.234s] Level 1:colcon.colcon_core.package_identification:_identify(src/cobot_py) by extension 'ignore_ament_install'
[1.234s] Level 1:colcon.colcon_core.package_identification:_identify(src/cobot_py) by extensions ['colcon_pkg']
[1.234s] Level 1:colcon.colcon_core.package_identification:_identify(src/cobot_py) by extension 'colcon_pkg'
[1.234s] Level 1:colcon.colcon_core.package_identification:_identify(src/cobot_py) by extensions ['colcon_meta']
[1.234s] Level 1:colcon.colcon_core.package_identification:_identify(src/cobot_py) by extension 'colcon_meta'
[1.234s] Level 1:colcon.colcon_core.package_identification:_identify(src/cobot_py) by extensions ['ros']
[1.235s] Level 1:colcon.colcon_core.package_identification:_identify(src/cobot_py) by extension 'ros'
[1.287s] DEBUG:colcon.colcon_core.package_identification:Package 'src/cobot_py' with type 'ros.ament_python' and name 'cobot_py'
[1.312s] Level 1:colcon.colcon_core.package_identification:_identify(src/log) by extensions ['ignore', 'ignore_ament_install']
[1.312s] Level 1:colcon.colcon_core.package_identification:_identify(src/log) by extension 'ignore'
[1.312s] Level 1:colcon.colcon_core.package_identification:_identify(src/log) ignored
[1.312s] Level 1:colcon.colcon_core.package_identification:_identify(src/my_cobot_bringup) by extensions ['ignore', 'ignore_ament_install']
[1.312s] Level 1:colcon.colcon_core.package_identification:_identify(src/my_cobot_bringup) by extension 'ignore'
[1.312s] Level 1:colcon.colcon_core.package_identification:_identify(src/my_cobot_bringup) by extension 'ignore_ament_install'
[1.313s] Level 1:colcon.colcon_core.package_identification:_identify(src/my_cobot_bringup) by extensions ['colcon_pkg']
[1.313s] Level 1:colcon.colcon_core.package_identification:_identify(src/my_cobot_bringup) by extension 'colcon_pkg'
[1.313s] Level 1:colcon.colcon_core.package_identification:_identify(src/my_cobot_bringup) by extensions ['colcon_meta']
[1.313s] Level 1:colcon.colcon_core.package_identification:_identify(src/my_cobot_bringup) by extension 'colcon_meta'
[1.313s] Level 1:colcon.colcon_core.package_identification:_identify(src/my_cobot_bringup) by extensions ['ros']
[1.313s] Level 1:colcon.colcon_core.package_identification:_identify(src/my_cobot_bringup) by extension 'ros'
[1.314s] DEBUG:colcon.colcon_core.package_identification:Package 'src/my_cobot_bringup' with type 'ros.ament_cmake' and name 'my_cobot_bringup'
[1.314s] Level 1:colcon.colcon_core.package_identification:_identify(src/my_cobot_description) by extensions ['ignore', 'ignore_ament_install']
[1.314s] Level 1:colcon.colcon_core.package_identification:_identify(src/my_cobot_description) by extension 'ignore'
[1.315s] Level 1:colcon.colcon_core.package_identification:_identify(src/my_cobot_description) by extension 'ignore_ament_install'
[1.315s] Level 1:colcon.colcon_core.package_identification:_identify(src/my_cobot_description) by extensions ['colcon_pkg']
[1.315s] Level 1:colcon.colcon_core.package_identification:_identify(src/my_cobot_description) by extension 'colcon_pkg'
[1.315s] Level 1:colcon.colcon_core.package_identification:_identify(src/my_cobot_description) by extensions ['colcon_meta']
[1.315s] Level 1:colcon.colcon_core.package_identification:_identify(src/my_cobot_description) by extension 'colcon_meta'
[1.315s] Level 1:colcon.colcon_core.package_identification:_identify(src/my_cobot_description) by extensions ['ros']
[1.315s] Level 1:colcon.colcon_core.package_identification:_identify(src/my_cobot_description) by extension 'ros'
[1.316s] DEBUG:colcon.colcon_core.package_identification:Package 'src/my_cobot_description' with type 'ros.ament_cmake' and name 'my_cobot_description'
[1.317s] Level 1:colcon.colcon_core.package_discovery:discover_packages(recursive) using defaults
[1.317s] Level 1:colcon.colcon_core.package_discovery:discover_packages(ignore) discover
[1.317s] Level 1:colcon.colcon_core.package_discovery:discover_packages(ignore) using defaults
[1.317s] Level 1:colcon.colcon_core.package_discovery:discover_packages(path) discover
[1.317s] Level 1:colcon.colcon_core.package_discovery:discover_packages(path) using defaults
[1.377s] Level 1:colcon.colcon_core.package_discovery:discover_packages(prefix_path) check parameters
[1.378s] Level 1:colcon.colcon_core.package_discovery:discover_packages(prefix_path) discover
[1.382s] DEBUG:colcon.colcon_installed_package_information.package_discovery:Found 3 installed packages in /home/moose/ros2_ws/install
[1.384s] DEBUG:colcon.colcon_installed_package_information.package_discovery:Found 422 installed packages in /opt/ros/humble
[1.413s] Level 1:colcon.colcon_core.package_discovery:discover_packages(prefix_path) using defaults
[1.578s] Level 5:colcon.colcon_core.verb:set package 'cobot_py' build argument 'cmake_args' from command line to 'None'
[1.578s] Level 5:colcon.colcon_core.verb:set package 'cobot_py' build argument 'cmake_target' from command line to 'None'
[1.578s] Level 5:colcon.colcon_core.verb:set package 'cobot_py' build argument 'cmake_target_skip_unavailable' from command line to 'False'
[1.578s] Level 5:colcon.colcon_core.verb:set package 'cobot_py' build argument 'cmake_clean_cache' from command line to 'False'
[1.578s] Level 5:colcon.colcon_core.verb:set package 'cobot_py' build argument 'cmake_clean_first' from command line to 'False'
[1.578s] Level 5:colcon.colcon_core.verb:set package 'cobot_py' build argument 'cmake_force_configure' from command line to 'False'
[1.578s] Level 5:colcon.colcon_core.verb:set package 'cobot_py' build argument 'ament_cmake_args' from command line to 'None'
[1.578s] Level 5:colcon.colcon_core.verb:set package 'cobot_py' build argument 'catkin_cmake_args' from command line to 'None'
[1.578s] Level 5:colcon.colcon_core.verb:set package 'cobot_py' build argument 'catkin_skip_building_tests' from command line to 'False'
[1.578s] DEBUG:colcon.colcon_core.verb:Building package 'cobot_py' with the following arguments: {'ament_cmake_args': None, 'build_base': '/home/moose/ros2_ws/build/cobot_py', 'catkin_cmake_args': None, 'catkin_skip_building_tests': False, 'cmake_args': None, 'cmake_clean_cache': False, 'cmake_clean_first': False, 'cmake_force_configure': False, 'cmake_target': None, 'cmake_target_skip_unavailable': False, 'install_base': '/home/moose/ros2_ws/install/cobot_py', 'merge_install': False, 'path': '/home/moose/ros2_ws/src/cobot_py', 'symlink_install': False, 'test_result_base': None}
[1.579s] Level 5:colcon.colcon_core.verb:set package 'my_cobot_bringup' build argument 'cmake_args' from command line to 'None'
[1.579s] Level 5:colcon.colcon_core.verb:set package 'my_cobot_bringup' build argument 'cmake_target' from command line to 'None'
[1.579s] Level 5:colcon.colcon_core.verb:set package 'my_cobot_bringup' build argument 'cmake_target_skip_unavailable' from command line to 'False'
[1.579s] Level 5:colcon.colcon_core.verb:set package 'my_cobot_bringup' build argument 'cmake_clean_cache' from command line to 'False'
[1.579s] Level 5:colcon.colcon_core.verb:set package 'my_cobot_bringup' build argument 'cmake_clean_first' from command line to 'False'
[1.579s] Level 5:colcon.colcon_core.verb:set package 'my_cobot_bringup' build argument 'cmake_force_configure' from command line to 'False'
[1.579s] Level 5:colcon.colcon_core.verb:set package 'my_cobot_bringup' build argument 'ament_cmake_args' from command line to 'None'
[1.579s] Level 5:colcon.colcon_core.verb:set package 'my_cobot_bringup' build argument 'catkin_cmake_args' from command line to 'None'
[1.579s] Level 5:colcon.colcon_core.verb:set package 'my_cobot_bringup' build argument 'catkin_skip_building_tests' from command line to 'False'
[1.579s] DEBUG:colcon.colcon_core.verb:Building package 'my_cobot_bringup' with the following arguments: {'ament_cmake_args': None, 'build_base': '/home/moose/ros2_ws/build/my_cobot_bringup', 'catkin_cmake_args': None, 'catkin_skip_building_tests': False, 'cmake_args': None, 'cmake_clean_cache': False, 'cmake_clean_first': False, 'cmake_force_configure': False, 'cmake_target': None, 'cmake_target_skip_unavailable': False, 'install_base': '/home/moose/ros2_ws/install/my_cobot_bringup', 'merge_install': False, 'path': '/home/moose/ros2_ws/src/my_cobot_bringup', 'symlink_install': False, 'test_result_base': None}
[1.579s] Level 5:colcon.colcon_core.verb:set package 'my_cobot_description' build argument 'cmake_args' from command line to 'None'
[1.580s] Level 5:colcon.colcon_core.verb:set package 'my_cobot_description' build argument 'cmake_target' from command line to 'None'
[1.580s] Level 5:colcon.colcon_core.verb:set package 'my_cobot_description' build argument 'cmake_target_skip_unavailable' from command line to 'False'
[1.580s] Level 5:colcon.colcon_core.verb:set package 'my_cobot_description' build argument 'cmake_clean_cache' from command line to 'False'
[1.580s] Level 5:colcon.colcon_core.verb:set package 'my_cobot_description' build argument 'cmake_clean_first' from command line to 'False'
[1.580s] Level 5:colcon.colcon_core.verb:set package 'my_cobot_description' build argument 'cmake_force_configure' from command line to 'False'
[1.580s] Level 5:colcon.colcon_core.verb:set package 'my_cobot_description' build argument 'ament_cmake_args' from command line to 'None'
[1.580s] Level 5:colcon.colcon_core.verb:set package 'my_cobot_description' build argument 'catkin_cmake_args' from command line to 'None'
[1.580s] Level 5:colcon.colcon_core.verb:set package 'my_cobot_description' build argument 'catkin_skip_building_tests' from command line to 'False'
[1.580s] DEBUG:colcon.colcon_core.verb:Building package 'my_cobot_description' with the following arguments: {'ament_cmake_args': None, 'build_base': '/home/moose/ros2_ws/build/my_cobot_description', 'catkin_cmake_args': None, 'catkin_skip_building_tests': False, 'cmake_args': None, 'cmake_clean_cache': False, 'cmake_clean_first': False, 'cmake_force_configure': False, 'cmake_target': None, 'cmake_target_skip_unavailable': False, 'install_base': '/home/moose/ros2_ws/install/my_cobot_description', 'merge_install': False, 'path': '/home/moose/ros2_ws/src/my_cobot_description', 'symlink_install': False, 'test_result_base': None}
[1.580s] INFO:colcon.colcon_core.executor:Executing jobs using 'parallel' executor
[1.607s] DEBUG:colcon.colcon_parallel_executor.executor.parallel:run_until_complete
[1.607s] INFO:colcon.colcon_ros.task.ament_python.build:Building ROS package in '/home/moose/ros2_ws/src/cobot_py' with build type 'ament_python'
[1.608s] Level 1:colcon.colcon_core.shell:create_environment_hook('cobot_py', 'ament_prefix_path')
[1.613s] INFO:colcon.colcon_core.plugin_system:Skipping extension 'colcon_core.shell.bat': Not used on non-Windows systems
[1.614s] INFO:colcon.colcon_core.shell:Creating environment hook '/home/moose/ros2_ws/install/cobot_py/share/cobot_py/hook/ament_prefix_path.ps1'
[1.615s] INFO:colcon.colcon_core.shell:Creating environment descriptor '/home/moose/ros2_ws/install/cobot_py/share/cobot_py/hook/ament_prefix_path.dsv'
[1.616s] INFO:colcon.colcon_core.shell:Creating environment hook '/home/moose/ros2_ws/install/cobot_py/share/cobot_py/hook/ament_prefix_path.sh'
[1.617s] INFO:colcon.colcon_core.shell:Skip shell extension 'powershell' for command environment: Not usable outside of PowerShell
[1.617s] DEBUG:colcon.colcon_core.shell:Skip shell extension 'dsv' for command environment
[1.624s] INFO:colcon.colcon_ros.task.ament_cmake.build:Building ROS package in '/home/moose/ros2_ws/src/my_cobot_bringup' with build type 'ament_cmake'
[1.624s] INFO:colcon.colcon_cmake.task.cmake.build:Building CMake package in '/home/moose/ros2_ws/src/my_cobot_bringup'
[1.625s] INFO:colcon.colcon_core.shell:Skip shell extension 'powershell' for command environment: Not usable outside of PowerShell
[1.625s] DEBUG:colcon.colcon_core.shell:Skip shell extension 'dsv' for command environment
[1.660s] INFO:colcon.colcon_ros.task.ament_cmake.build:Building ROS package in '/home/moose/ros2_ws/src/my_cobot_description' with build type 'ament_cmake'
[1.661s] INFO:colcon.colcon_cmake.task.cmake.build:Building CMake package in '/home/moose/ros2_ws/src/my_cobot_description'
[1.662s] INFO:colcon.colcon_core.shell:Skip shell extension 'powershell' for command environment: Not usable outside of PowerShell
[1.662s] DEBUG:colcon.colcon_core.shell:Skip shell extension 'dsv' for command environment
[2.797s] INFO:colcon.colcon_core.task.python.build:Building Python package in '/home/moose/ros2_ws/src/cobot_py'
[2.798s] INFO:colcon.colcon_core.shell:Skip shell extension 'powershell' for command environment: Not usable outside of PowerShell
[2.798s] DEBUG:colcon.colcon_core.shell:Skip shell extension 'dsv' for command environment
[2.837s] DEBUG:colcon.colcon_core.event_handler.log_command:Invoking command in '/home/moose/ros2_ws/build/my_cobot_bringup': CMAKE_PREFIX_PATH=${CMAKE_PREFIX_PATH}:/home/moose/ros2_ws/install/cobot_py:/opt/ros/humble /usr/bin/cmake --build /home/moose/ros2_ws/build/my_cobot_bringup -- -j4 -l4
[2.845s] DEBUG:colcon.colcon_core.event_handler.log_command:Invoking command in '/home/moose/ros2_ws/build/my_cobot_description': CMAKE_PREFIX_PATH=${CMAKE_PREFIX_PATH}:/home/moose/ros2_ws/install/cobot_py:/opt/ros/humble /usr/bin/cmake --build /home/moose/ros2_ws/build/my_cobot_description -- -j4 -l4
[3.038s] DEBUG:colcon.colcon_core.event_handler.log_command:Invoked command in '/home/moose/ros2_ws/build/my_cobot_bringup' returned '0': CMAKE_PREFIX_PATH=${CMAKE_PREFIX_PATH}:/home/moose/ros2_ws/install/cobot_py:/opt/ros/humble /usr/bin/cmake --build /home/moose/ros2_ws/build/my_cobot_bringup -- -j4 -l4
[3.082s] DEBUG:colcon.colcon_core.event_handler.log_command:Invoked command in '/home/moose/ros2_ws/build/my_cobot_description' returned '0': CMAKE_PREFIX_PATH=${CMAKE_PREFIX_PATH}:/home/moose/ros2_ws/install/cobot_py:/opt/ros/humble /usr/bin/cmake --build /home/moose/ros2_ws/build/my_cobot_description -- -j4 -l4
[3.222s] DEBUG:colcon.colcon_core.event_handler.log_command:Invoking command in '/home/moose/ros2_ws/build/my_cobot_bringup': CMAKE_PREFIX_PATH=${CMAKE_PREFIX_PATH}:/home/moose/ros2_ws/install/cobot_py:/opt/ros/humble /usr/bin/cmake --install /home/moose/ros2_ws/build/my_cobot_bringup
[3.230s] DEBUG:colcon.colcon_core.event_handler.log_command:Invoking command in '/home/moose/ros2_ws/build/my_cobot_description': CMAKE_PREFIX_PATH=${CMAKE_PREFIX_PATH}:/home/moose/ros2_ws/install/cobot_py:/opt/ros/humble /usr/bin/cmake --install /home/moose/ros2_ws/build/my_cobot_description
[3.246s] Level 1:colcon.colcon_core.environment:create_environment_scripts_only(my_cobot_bringup)
[3.273s] DEBUG:colcon.colcon_core.event_handler.log_command:Invoked command in '/home/moose/ros2_ws/build/my_cobot_bringup' returned '0': CMAKE_PREFIX_PATH=${CMAKE_PREFIX_PATH}:/home/moose/ros2_ws/install/cobot_py:/opt/ros/humble /usr/bin/cmake --install /home/moose/ros2_ws/build/my_cobot_bringup
[3.280s] Level 1:colcon.colcon_core.environment:checking '/home/moose/ros2_ws/install/my_cobot_bringup' for CMake module files
[3.282s] Level 1:colcon.colcon_core.environment:checking '/home/moose/ros2_ws/install/my_cobot_bringup' for CMake config files
[3.288s] Level 1:colcon.colcon_core.shell:create_environment_hook('my_cobot_bringup', 'cmake_prefix_path')
[3.289s] INFO:colcon.colcon_core.shell:Creating environment hook '/home/moose/ros2_ws/install/my_cobot_bringup/share/my_cobot_bringup/hook/cmake_prefix_path.ps1'
[3.290s] INFO:colcon.colcon_core.shell:Creating environment descriptor '/home/moose/ros2_ws/install/my_cobot_bringup/share/my_cobot_bringup/hook/cmake_prefix_path.dsv'
[3.291s] INFO:colcon.colcon_core.shell:Creating environment hook '/home/moose/ros2_ws/install/my_cobot_bringup/share/my_cobot_bringup/hook/cmake_prefix_path.sh'
[3.293s] Level 1:colcon.colcon_core.environment:checking '/home/moose/ros2_ws/install/my_cobot_bringup/bin'
[3.293s] Level 1:colcon.colcon_core.environment:checking '/home/moose/ros2_ws/install/my_cobot_bringup/lib/pkgconfig/my_cobot_bringup.pc'
[3.293s] Level 1:colcon.colcon_core.environment:checking '/home/moose/ros2_ws/install/my_cobot_bringup/lib/python3.10/site-packages'
[3.295s] Level 1:colcon.colcon_core.environment:checking '/home/moose/ros2_ws/install/my_cobot_bringup/bin'
[3.322s] INFO:colcon.colcon_core.shell:Creating package script '/home/moose/ros2_ws/install/my_cobot_bringup/share/my_cobot_bringup/package.ps1'
[3.324s] INFO:colcon.colcon_core.shell:Creating package descriptor '/home/moose/ros2_ws/install/my_cobot_bringup/share/my_cobot_bringup/package.dsv'
[3.325s] INFO:colcon.colcon_core.shell:Creating package script '/home/moose/ros2_ws/install/my_cobot_bringup/share/my_cobot_bringup/package.sh'
[3.327s] INFO:colcon.colcon_core.shell:Creating package script '/home/moose/ros2_ws/install/my_cobot_bringup/share/my_cobot_bringup/package.bash'
[3.330s] INFO:colcon.colcon_core.shell:Creating package script '/home/moose/ros2_ws/install/my_cobot_bringup/share/my_cobot_bringup/package.zsh'
[3.331s] Level 1:colcon.colcon_core.environment:create_file_with_runtime_dependencies(/home/moose/ros2_ws/install/my_cobot_bringup/share/colcon-core/packages/my_cobot_bringup)
[3.334s] Level 1:colcon.colcon_core.environment:create_environment_scripts_only(my_cobot_description)
[3.336s] Level 1:colcon.colcon_core.environment:checking '/home/moose/ros2_ws/install/my_cobot_description' for CMake module files
[3.337s] DEBUG:colcon.colcon_core.event_handler.log_command:Invoked command in '/home/moose/ros2_ws/build/my_cobot_description' returned '0': CMAKE_PREFIX_PATH=${CMAKE_PREFIX_PATH}:/home/moose/ros2_ws/install/cobot_py:/opt/ros/humble /usr/bin/cmake --install /home/moose/ros2_ws/build/my_cobot_description
[3.338s] Level 1:colcon.colcon_core.environment:checking '/home/moose/ros2_ws/install/my_cobot_description' for CMake config files
[3.340s] Level 1:colcon.colcon_core.shell:create_environment_hook('my_cobot_description', 'cmake_prefix_path')
[3.341s] INFO:colcon.colcon_core.shell:Creating environment hook '/home/moose/ros2_ws/install/my_cobot_description/share/my_cobot_description/hook/cmake_prefix_path.ps1'
[3.343s] INFO:colcon.colcon_core.shell:Creating environment descriptor '/home/moose/ros2_ws/install/my_cobot_description/share/my_cobot_description/hook/cmake_prefix_path.dsv'
[3.344s] INFO:colcon.colcon_core.shell:Creating environment hook '/home/moose/ros2_ws/install/my_cobot_description/share/my_cobot_description/hook/cmake_prefix_path.sh'
[3.373s] Level 1:colcon.colcon_core.environment:checking '/home/moose/ros2_ws/install/my_cobot_description/bin'
[3.373s] Level 1:colcon.colcon_core.environment:checking '/home/moose/ros2_ws/install/my_cobot_description/lib/pkgconfig/my_cobot_description.pc'
[3.374s] Level 1:colcon.colcon_core.environment:checking '/home/moose/ros2_ws/install/my_cobot_description/lib/python3.10/site-packages'
[3.375s] Level 1:colcon.colcon_core.environment:checking '/home/moose/ros2_ws/install/my_cobot_description/bin'
[3.377s] INFO:colcon.colcon_core.shell:Creating package script '/home/moose/ros2_ws/install/my_cobot_description/share/my_cobot_description/package.ps1'
[3.378s] INFO:colcon.colcon_core.shell:Creating package descriptor '/home/moose/ros2_ws/install/my_cobot_description/share/my_cobot_description/package.dsv'
[3.380s] INFO:colcon.colcon_core.shell:Creating package script '/home/moose/ros2_ws/install/my_cobot_description/share/my_cobot_description/package.sh'
[3.384s] INFO:colcon.colcon_core.shell:Creating package script '/home/moose/ros2_ws/install/my_cobot_description/share/my_cobot_description/package.bash'
[3.385s] INFO:colcon.colcon_core.shell:Creating package script '/home/moose/ros2_ws/install/my_cobot_description/share/my_cobot_description/package.zsh'
[3.386s] Level 1:colcon.colcon_core.environment:create_file_with_runtime_dependencies(/home/moose/ros2_ws/install/my_cobot_description/share/colcon-core/packages/my_cobot_description)
[3.436s] Level 1:colcon.colcon_core.environment:create_environment_scripts_only(my_cobot_bringup)
[3.437s] Level 1:colcon.colcon_core.environment:checking '/home/moose/ros2_ws/install/my_cobot_bringup' for CMake module files
[3.438s] Level 1:colcon.colcon_core.environment:checking '/home/moose/ros2_ws/install/my_cobot_bringup' for CMake config files
[3.439s] Level 1:colcon.colcon_core.shell:create_environment_hook('my_cobot_bringup', 'cmake_prefix_path')
[3.440s] INFO:colcon.colcon_core.shell:Creating environment hook '/home/moose/ros2_ws/install/my_cobot_bringup/share/my_cobot_bringup/hook/cmake_prefix_path.ps1'
[3.441s] INFO:colcon.colcon_core.shell:Creating environment descriptor '/home/moose/ros2_ws/install/my_cobot_bringup/share/my_cobot_bringup/hook/cmake_prefix_path.dsv'
[3.442s] INFO:colcon.colcon_core.shell:Creating environment hook '/home/moose/ros2_ws/install/my_cobot_bringup/share/my_cobot_bringup/hook/cmake_prefix_path.sh'
[3.468s] Level 1:colcon.colcon_core.environment:checking '/home/moose/ros2_ws/install/my_cobot_bringup/bin'
[3.468s] Level 1:colcon.colcon_core.environment:checking '/home/moose/ros2_ws/install/my_cobot_bringup/lib/pkgconfig/my_cobot_bringup.pc'
[3.469s] Level 1:colcon.colcon_core.environment:checking '/home/moose/ros2_ws/install/my_cobot_bringup/lib/python3.10/site-packages'
[3.469s] Level 1:colcon.colcon_core.environment:checking '/home/moose/ros2_ws/install/my_cobot_bringup/bin'
[3.470s] INFO:colcon.colcon_core.shell:Creating package script '/home/moose/ros2_ws/install/my_cobot_bringup/share/my_cobot_bringup/package.ps1'
[3.472s] INFO:colcon.colcon_core.shell:Creating package descriptor '/home/moose/ros2_ws/install/my_cobot_bringup/share/my_cobot_bringup/package.dsv'
[3.473s] INFO:colcon.colcon_core.shell:Creating package script '/home/moose/ros2_ws/install/my_cobot_bringup/share/my_cobot_bringup/package.sh'
[3.475s] INFO:colcon.colcon_core.shell:Creating package script '/home/moose/ros2_ws/install/my_cobot_bringup/share/my_cobot_bringup/package.bash'
[3.476s] INFO:colcon.colcon_core.shell:Creating package script '/home/moose/ros2_ws/install/my_cobot_bringup/share/my_cobot_bringup/package.zsh'
[3.477s] Level 1:colcon.colcon_core.environment:create_file_with_runtime_dependencies(/home/moose/ros2_ws/install/my_cobot_bringup/share/colcon-core/packages/my_cobot_bringup)
[3.516s] Level 1:colcon.colcon_core.environment:create_environment_scripts_only(my_cobot_description)
[3.517s] Level 1:colcon.colcon_core.environment:checking '/home/moose/ros2_ws/install/my_cobot_description' for CMake module files
[3.517s] Level 1:colcon.colcon_core.environment:checking '/home/moose/ros2_ws/install/my_cobot_description' for CMake config files
[3.518s] Level 1:colcon.colcon_core.shell:create_environment_hook('my_cobot_description', 'cmake_prefix_path')
[3.519s] INFO:colcon.colcon_core.shell:Creating environment hook '/home/moose/ros2_ws/install/my_cobot_description/share/my_cobot_description/hook/cmake_prefix_path.ps1'
[3.519s] INFO:colcon.colcon_core.shell:Creating environment descriptor '/home/moose/ros2_ws/install/my_cobot_description/share/my_cobot_description/hook/cmake_prefix_path.dsv'
[3.521s] INFO:colcon.colcon_core.shell:Creating environment hook '/home/moose/ros2_ws/install/my_cobot_description/share/my_cobot_description/hook/cmake_prefix_path.sh'
[3.522s] Level 1:colcon.colcon_core.environment:checking '/home/moose/ros2_ws/install/my_cobot_description/bin'
[3.522s] Level 1:colcon.colcon_core.environment:checking '/home/moose/ros2_ws/install/my_cobot_description/lib/pkgconfig/my_cobot_description.pc'
[3.522s] Level 1:colcon.colcon_core.environment:checking '/home/moose/ros2_ws/install/my_cobot_description/lib/python3.10/site-packages'
[3.523s] Level 1:colcon.colcon_core.environment:checking '/home/moose/ros2_ws/install/my_cobot_description/bin'
[3.523s] INFO:colcon.colcon_core.shell:Creating package script '/home/moose/ros2_ws/install/my_cobot_description/share/my_cobot_description/package.ps1'
[3.525s] INFO:colcon.colcon_core.shell:Creating package descriptor '/home/moose/ros2_ws/install/my_cobot_description/share/my_cobot_description/package.dsv'
[3.526s] INFO:colcon.colcon_core.shell:Creating package script '/home/moose/ros2_ws/install/my_cobot_description/share/my_cobot_description/package.sh'
[3.527s] INFO:colcon.colcon_core.shell:Creating package script '/home/moose/ros2_ws/install/my_cobot_description/share/my_cobot_description/package.bash'
[3.527s] INFO:colcon.colcon_core.shell:Creating package script '/home/moose/ros2_ws/install/my_cobot_description/share/my_cobot_description/package.zsh'
[3.528s] Level 1:colcon.colcon_core.environment:create_file_with_runtime_dependencies(/home/moose/ros2_ws/install/my_cobot_description/share/colcon-core/packages/my_cobot_description)
[4.649s] DEBUG:colcon.colcon_core.event_handler.log_command:Invoking command in '/home/moose/ros2_ws/src/cobot_py': PYTHONPATH=/home/moose/ros2_ws/build/cobot_py/prefix_override:/home/moose/ros2_ws/install/cobot_py/lib/python3.10/site-packages:${PYTHONPATH} /usr/bin/python3 -W ignore:setup.py install is deprecated setup.py egg_info --egg-base ../../build/cobot_py build --build-base /home/moose/ros2_ws/build/cobot_py/build install --record /home/moose/ros2_ws/build/cobot_py/install.log --single-version-externally-managed install_data
[5.920s] Level 1:colcon.colcon_core.environment:checking '/home/moose/ros2_ws/install/cobot_py' for CMake module files
[5.921s] DEBUG:colcon.colcon_core.event_handler.log_command:Invoked command in '/home/moose/ros2_ws/src/cobot_py' returned '0': PYTHONPATH=/home/moose/ros2_ws/build/cobot_py/prefix_override:/home/moose/ros2_ws/install/cobot_py/lib/python3.10/site-packages:${PYTHONPATH} /usr/bin/python3 -W ignore:setup.py install is deprecated setup.py egg_info --egg-base ../../build/cobot_py build --build-base /home/moose/ros2_ws/build/cobot_py/build install --record /home/moose/ros2_ws/build/cobot_py/install.log --single-version-externally-managed install_data
[5.922s] Level 1:colcon.colcon_core.environment:checking '/home/moose/ros2_ws/install/cobot_py' for CMake config files
[5.922s] Level 1:colcon.colcon_core.environment:checking '/home/moose/ros2_ws/install/cobot_py/lib'
[5.923s] Level 1:colcon.colcon_core.environment:checking '/home/moose/ros2_ws/install/cobot_py/bin'
[5.924s] Level 1:colcon.colcon_core.environment:checking '/home/moose/ros2_ws/install/cobot_py/lib/pkgconfig/cobot_py.pc'
[5.924s] Level 1:colcon.colcon_core.environment:checking '/home/moose/ros2_ws/install/cobot_py/lib/python3.10/site-packages'
[5.924s] Level 1:colcon.colcon_core.shell:create_environment_hook('cobot_py', 'pythonpath')
[5.924s] INFO:colcon.colcon_core.shell:Creating environment hook '/home/moose/ros2_ws/install/cobot_py/share/cobot_py/hook/pythonpath.ps1'
[5.925s] INFO:colcon.colcon_core.shell:Creating environment descriptor '/home/moose/ros2_ws/install/cobot_py/share/cobot_py/hook/pythonpath.dsv'
[5.925s] INFO:colcon.colcon_core.shell:Creating environment hook '/home/moose/ros2_ws/install/cobot_py/share/cobot_py/hook/pythonpath.sh'
[5.926s] Level 1:colcon.colcon_core.environment:checking '/home/moose/ros2_ws/install/cobot_py/bin'
[5.926s] Level 1:colcon.colcon_core.environment:create_environment_scripts_only(cobot_py)
[5.927s] INFO:colcon.colcon_core.shell:Creating package script '/home/moose/ros2_ws/install/cobot_py/share/cobot_py/package.ps1'
[5.928s] INFO:colcon.colcon_core.shell:Creating package descriptor '/home/moose/ros2_ws/install/cobot_py/share/cobot_py/package.dsv'
[5.928s] INFO:colcon.colcon_core.shell:Creating package script '/home/moose/ros2_ws/install/cobot_py/share/cobot_py/package.sh'
[5.929s] INFO:colcon.colcon_core.shell:Creating package script '/home/moose/ros2_ws/install/cobot_py/share/cobot_py/package.bash'
[5.929s] INFO:colcon.colcon_core.shell:Creating package script '/home/moose/ros2_ws/install/cobot_py/share/cobot_py/package.zsh'
[5.930s] Level 1:colcon.colcon_core.environment:create_file_with_runtime_dependencies(/home/moose/ros2_ws/install/cobot_py/share/colcon-core/packages/cobot_py)
[5.930s] DEBUG:colcon.colcon_parallel_executor.executor.parallel:closing loop
[5.931s] DEBUG:colcon.colcon_parallel_executor.executor.parallel:loop closed
[5.931s] DEBUG:colcon.colcon_parallel_executor.executor.parallel:run_until_complete finished with '0'
[5.931s] DEBUG:colcon.colcon_core.event_reactor:joining thread
[5.969s] INFO:colcon.colcon_core.plugin_system:Skipping extension 'colcon_notification.desktop_notification.terminal_notifier': Not used on non-Darwin systems
[5.969s] INFO:colcon.colcon_core.plugin_system:Skipping extension 'colcon_notification.desktop_notification.win32': Not used on non-Windows systems
[5.969s] INFO:colcon.colcon_notification.desktop_notification:Sending desktop notification using 'notify2'
[6.017s] DEBUG:colcon.colcon_core.event_reactor:joined thread
[6.018s] INFO:colcon.colcon_core.shell:Creating prefix script '/home/moose/ros2_ws/install/local_setup.ps1'
[6.019s] INFO:colcon.colcon_core.shell:Creating prefix util module '/home/moose/ros2_ws/install/_local_setup_util_ps1.py'
[6.021s] INFO:colcon.colcon_core.shell:Creating prefix chain script '/home/moose/ros2_ws/install/setup.ps1'
[6.023s] INFO:colcon.colcon_core.shell:Creating prefix script '/home/moose/ros2_ws/install/local_setup.sh'
[6.025s] INFO:colcon.colcon_core.shell:Creating prefix util module '/home/moose/ros2_ws/install/_local_setup_util_sh.py'
[6.025s] INFO:colcon.colcon_core.shell:Creating prefix chain script '/home/moose/ros2_ws/install/setup.sh'
[6.027s] INFO:colcon.colcon_core.shell:Creating prefix script '/home/moose/ros2_ws/install/local_setup.bash'
[6.028s] INFO:colcon.colcon_core.shell:Creating prefix chain script '/home/moose/ros2_ws/install/setup.bash'
[6.029s] INFO:colcon.colcon_core.shell:Creating prefix script '/home/moose/ros2_ws/install/local_setup.zsh'
[6.030s] INFO:colcon.colcon_core.shell:Creating prefix chain script '/home/moose/ros2_ws/install/setup.zsh'
