running egg_info
creating ../../build/cobot_py/cobot_py.egg-info
writing ../../build/cobot_py/cobot_py.egg-info/PKG-INFO
writing dependency_links to ../../build/cobot_py/cobot_py.egg-info/dependency_links.txt
writing entry points to ../../build/cobot_py/cobot_py.egg-info/entry_points.txt
writing requirements to ../../build/cobot_py/cobot_py.egg-info/requires.txt
writing top-level names to ../../build/cobot_py/cobot_py.egg-info/top_level.txt
writing manifest file '../../build/cobot_py/cobot_py.egg-info/SOURCES.txt'
reading manifest file '../../build/cobot_py/cobot_py.egg-info/SOURCES.txt'
writing manifest file '../../build/cobot_py/cobot_py.egg-info/SOURCES.txt'
running build
running build_py
creating /home/moose/ros2_ws/build/cobot_py/build
creating /home/moose/ros2_ws/build/cobot_py/build/lib
creating /home/moose/ros2_ws/build/cobot_py/build/lib/cobot_py
copying cobot_py/__init__.py -> /home/moose/ros2_ws/build/cobot_py/build/lib/cobot_py
copying cobot_py/move_arm.py -> /home/moose/ros2_ws/build/cobot_py/build/lib/cobot_py
running install
running install_lib
creating /home/moose/ros2_ws/install/cobot_py/lib/python3.10/site-packages/cobot_py
copying /home/moose/ros2_ws/build/cobot_py/build/lib/cobot_py/__init__.py -> /home/moose/ros2_ws/install/cobot_py/lib/python3.10/site-packages/cobot_py
copying /home/moose/ros2_ws/build/cobot_py/build/lib/cobot_py/move_arm.py -> /home/moose/ros2_ws/install/cobot_py/lib/python3.10/site-packages/cobot_py
byte-compiling /home/moose/ros2_ws/install/cobot_py/lib/python3.10/site-packages/cobot_py/__init__.py to __init__.cpython-310.pyc
byte-compiling /home/moose/ros2_ws/install/cobot_py/lib/python3.10/site-packages/cobot_py/move_arm.py to move_arm.cpython-310.pyc
running install_data
creating /home/moose/ros2_ws/install/cobot_py/share/ament_index
creating /home/moose/ros2_ws/install/cobot_py/share/ament_index/resource_index
creating /home/moose/ros2_ws/install/cobot_py/share/ament_index/resource_index/packages
copying resource/cobot_py -> /home/moose/ros2_ws/install/cobot_py/share/ament_index/resource_index/packages
copying package.xml -> /home/moose/ros2_ws/install/cobot_py/share/cobot_py
running install_egg_info
Copying ../../build/cobot_py/cobot_py.egg-info to /home/moose/ros2_ws/install/cobot_py/lib/python3.10/site-packages/cobot_py-0.0.0-py3.10.egg-info
running install_scripts
writing list of installed files to '/home/moose/ros2_ws/build/cobot_py/install.log'
