[1.079s] Invoking command in '/home/moose/ros2_ws/src/cobot_py': PYTHONPATH=/home/moose/ros2_ws/build/cobot_py/prefix_override:/home/moose/ros2_ws/install/cobot_py/lib/python3.10/site-packages:${PYTHONPATH} /usr/bin/python3 -W ignore:setup.py install is deprecated setup.py egg_info --egg-base ../../build/cobot_py build --build-base /home/moose/ros2_ws/build/cobot_py/build install --record /home/moose/ros2_ws/build/cobot_py/install.log --single-version-externally-managed install_data
[1.402s] running egg_info
[1.403s] creating ../../build/cobot_py/cobot_py.egg-info
[1.403s] writing ../../build/cobot_py/cobot_py.egg-info/PKG-INFO
[1.403s] writing dependency_links to ../../build/cobot_py/cobot_py.egg-info/dependency_links.txt
[1.404s] writing entry points to ../../build/cobot_py/cobot_py.egg-info/entry_points.txt
[1.404s] writing requirements to ../../build/cobot_py/cobot_py.egg-info/requires.txt
[1.404s] writing top-level names to ../../build/cobot_py/cobot_py.egg-info/top_level.txt
[1.404s] writing manifest file '../../build/cobot_py/cobot_py.egg-info/SOURCES.txt'
[1.406s] reading manifest file '../../build/cobot_py/cobot_py.egg-info/SOURCES.txt'
[1.408s] writing manifest file '../../build/cobot_py/cobot_py.egg-info/SOURCES.txt'
[1.413s] running build
[1.413s] running build_py
[1.413s] creating /home/moose/ros2_ws/build/cobot_py/build
[1.413s] creating /home/moose/ros2_ws/build/cobot_py/build/lib
[1.415s] creating /home/moose/ros2_ws/build/cobot_py/build/lib/cobot_py
[1.415s] copying cobot_py/__init__.py -> /home/moose/ros2_ws/build/cobot_py/build/lib/cobot_py
[1.415s] copying cobot_py/move_arm.py -> /home/moose/ros2_ws/build/cobot_py/build/lib/cobot_py
[1.416s] running install
[1.416s] running install_lib
[1.416s] creating /home/moose/ros2_ws/install/cobot_py/lib/python3.10/site-packages/cobot_py
[1.416s] copying /home/moose/ros2_ws/build/cobot_py/build/lib/cobot_py/__init__.py -> /home/moose/ros2_ws/install/cobot_py/lib/python3.10/site-packages/cobot_py
[1.416s] copying /home/moose/ros2_ws/build/cobot_py/build/lib/cobot_py/move_arm.py -> /home/moose/ros2_ws/install/cobot_py/lib/python3.10/site-packages/cobot_py
[1.416s] byte-compiling /home/moose/ros2_ws/install/cobot_py/lib/python3.10/site-packages/cobot_py/__init__.py to __init__.cpython-310.pyc
[1.416s] byte-compiling /home/moose/ros2_ws/install/cobot_py/lib/python3.10/site-packages/cobot_py/move_arm.py to move_arm.cpython-310.pyc
[1.417s] running install_data
[1.417s] creating /home/moose/ros2_ws/install/cobot_py/share/ament_index
[1.417s] creating /home/moose/ros2_ws/install/cobot_py/share/ament_index/resource_index
[1.417s] creating /home/moose/ros2_ws/install/cobot_py/share/ament_index/resource_index/packages
[1.417s] copying resource/cobot_py -> /home/moose/ros2_ws/install/cobot_py/share/ament_index/resource_index/packages
[1.417s] copying package.xml -> /home/moose/ros2_ws/install/cobot_py/share/cobot_py
[1.417s] running install_egg_info
[1.427s] Copying ../../build/cobot_py/cobot_py.egg-info to /home/moose/ros2_ws/install/cobot_py/lib/python3.10/site-packages/cobot_py-0.0.0-py3.10.egg-info
[1.428s] running install_scripts
[1.463s] writing list of installed files to '/home/moose/ros2_ws/build/cobot_py/install.log'
[1.523s] Invoked command in '/home/moose/ros2_ws/src/cobot_py' returned '0': PYTHONPATH=/home/moose/ros2_ws/build/cobot_py/prefix_override:/home/moose/ros2_ws/install/cobot_py/lib/python3.10/site-packages:${PYTHONPATH} /usr/bin/python3 -W ignore:setup.py install is deprecated setup.py egg_info --egg-base ../../build/cobot_py build --build-base /home/moose/ros2_ws/build/cobot_py/build install --record /home/moose/ros2_ws/build/cobot_py/install.log --single-version-externally-managed install_data
