[0.356s] Invoking command in '/home/moose/ros2_ws/build/my_cobot_description': CMAKE_PREFIX_PATH=${CMAKE_PREFIX_PATH}:/home/moose/ros2_ws/install/cobot_py:/opt/ros/humble /usr/bin/cmake --build /home/moose/ros2_ws/build/my_cobot_description -- -j4 -l4
[0.418s] Invoked command in '/home/moose/ros2_ws/build/my_cobot_description' returned '0': CMAKE_PREFIX_PATH=${CMAKE_PREFIX_PATH}:/home/moose/ros2_ws/install/cobot_py:/opt/ros/humble /usr/bin/cmake --build /home/moose/ros2_ws/build/my_cobot_description -- -j4 -l4
[0.453s] Invoking command in '/home/moose/ros2_ws/build/my_cobot_description': CMAKE_PREFIX_PATH=${CMAKE_PREFIX_PATH}:/home/moose/ros2_ws/install/cobot_py:/opt/ros/humble /usr/bin/cmake --install /home/moose/ros2_ws/build/my_cobot_description
[0.466s] -- Install configuration: ""
[0.466s] -- Up-to-date: /home/moose/ros2_ws/install/my_cobot_description/share/my_cobot_description/urdf
[0.467s] -- Up-to-date: /home/moose/ros2_ws/install/my_cobot_description/share/my_cobot_description/urdf/cobot_arm.xacro
[0.468s] -- Up-to-date: /home/moose/ros2_ws/install/my_cobot_description/share/my_cobot_description/urdf/cobot_arm_gazebo.xacro
[0.468s] -- Up-to-date: /home/moose/ros2_ws/install/my_cobot_description/share/my_cobot_description/urdf/common_properties.xacro
[0.469s] -- Up-to-date: /home/moose/ros2_ws/install/my_cobot_description/share/my_cobot_description/urdf/cobot.urdf.xacro
[0.469s] -- Up-to-date: /home/moose/ros2_ws/install/my_cobot_description/share/ament_index/resource_index/package_run_dependencies/my_cobot_description
[0.469s] -- Up-to-date: /home/moose/ros2_ws/install/my_cobot_description/share/ament_index/resource_index/parent_prefix_path/my_cobot_description
[0.470s] -- Up-to-date: /home/moose/ros2_ws/install/my_cobot_description/share/my_cobot_description/environment/ament_prefix_path.sh
[0.470s] -- Up-to-date: /home/moose/ros2_ws/install/my_cobot_description/share/my_cobot_description/environment/ament_prefix_path.dsv
[0.470s] -- Up-to-date: /home/moose/ros2_ws/install/my_cobot_description/share/my_cobot_description/environment/path.sh
[0.470s] -- Up-to-date: /home/moose/ros2_ws/install/my_cobot_description/share/my_cobot_description/environment/path.dsv
[0.470s] -- Up-to-date: /home/moose/ros2_ws/install/my_cobot_description/share/my_cobot_description/local_setup.bash
[0.470s] -- Up-to-date: /home/moose/ros2_ws/install/my_cobot_description/share/my_cobot_description/local_setup.sh
[0.470s] -- Up-to-date: /home/moose/ros2_ws/install/my_cobot_description/share/my_cobot_description/local_setup.zsh
[0.471s] -- Up-to-date: /home/moose/ros2_ws/install/my_cobot_description/share/my_cobot_description/local_setup.dsv
[0.471s] -- Installing: /home/moose/ros2_ws/install/my_cobot_description/share/my_cobot_description/package.dsv
[0.471s] -- Up-to-date: /home/moose/ros2_ws/install/my_cobot_description/share/ament_index/resource_index/packages/my_cobot_description
[0.472s] -- Up-to-date: /home/moose/ros2_ws/install/my_cobot_description/share/my_cobot_description/cmake/my_cobot_descriptionConfig.cmake
[0.472s] -- Up-to-date: /home/moose/ros2_ws/install/my_cobot_description/share/my_cobot_description/cmake/my_cobot_descriptionConfig-version.cmake
[0.472s] -- Up-to-date: /home/moose/ros2_ws/install/my_cobot_description/share/my_cobot_description/package.xml
[0.482s] Invoked command in '/home/moose/ros2_ws/build/my_cobot_description' returned '0': CMAKE_PREFIX_PATH=${CMAKE_PREFIX_PATH}:/home/moose/ros2_ws/install/cobot_py:/opt/ros/humble /usr/bin/cmake --install /home/moose/ros2_ws/build/my_cobot_description
