[3.383s] Invoking command in '/home/moose/ros2_ws/src/cobot_py': PYTHONPATH=/home/moose/ros2_ws/build/cobot_py/prefix_override:/home/moose/ros2_ws/install/cobot_py/lib/python3.10/site-packages:${PYTHONPATH} /usr/bin/python3 -W ignore:setup.py install is deprecated setup.py egg_info --egg-base ../../build/cobot_py build --build-base /home/moose/ros2_ws/build/cobot_py/build install --record /home/moose/ros2_ws/build/cobot_py/install.log --single-version-externally-managed install_data
[4.393s] running egg_info
[4.395s] writing ../../build/cobot_py/cobot_py.egg-info/PKG-INFO
[4.396s] writing dependency_links to ../../build/cobot_py/cobot_py.egg-info/dependency_links.txt
[4.396s] writing entry points to ../../build/cobot_py/cobot_py.egg-info/entry_points.txt
[4.397s] writing requirements to ../../build/cobot_py/cobot_py.egg-info/requires.txt
[4.397s] writing top-level names to ../../build/cobot_py/cobot_py.egg-info/top_level.txt
[4.402s] reading manifest file '../../build/cobot_py/cobot_py.egg-info/SOURCES.txt'
[4.404s] writing manifest file '../../build/cobot_py/cobot_py.egg-info/SOURCES.txt'
[4.404s] running build
[4.404s] running build_py
[4.404s] running install
[4.405s] running install_lib
[4.408s] running install_data
[4.408s] running install_egg_info
[4.411s] removing '/home/moose/ros2_ws/install/cobot_py/lib/python3.10/site-packages/cobot_py-0.0.0-py3.10.egg-info' (and everything under it)
[4.411s] Copying ../../build/cobot_py/cobot_py.egg-info to /home/moose/ros2_ws/install/cobot_py/lib/python3.10/site-packages/cobot_py-0.0.0-py3.10.egg-info
[4.412s] running install_scripts
[4.507s] Installing move_arm script to /home/moose/ros2_ws/install/cobot_py/lib/cobot_py
[4.508s] writing list of installed files to '/home/moose/ros2_ws/build/cobot_py/install.log'
[4.654s] Invoked command in '/home/moose/ros2_ws/src/cobot_py' returned '0': PYTHONPATH=/home/moose/ros2_ws/build/cobot_py/prefix_override:/home/moose/ros2_ws/install/cobot_py/lib/python3.10/site-packages:${PYTHONPATH} /usr/bin/python3 -W ignore:setup.py install is deprecated setup.py egg_info --egg-base ../../build/cobot_py build --build-base /home/moose/ros2_ws/build/cobot_py/build install --record /home/moose/ros2_ws/build/cobot_py/install.log --single-version-externally-managed install_data
