[0.881s] Invoking command in '/home/moose/ros2_ws/build/my_cobot_description': CMAKE_PREFIX_PATH=${CMAKE_PREFIX_PATH}:/home/moose/ros2_ws/install/cobot_py:/opt/ros/humble /usr/bin/cmake --build /home/moose/ros2_ws/build/my_cobot_description -- -j4 -l4
[1.054s] Invoked command in '/home/moose/ros2_ws/build/my_cobot_description' returned '0': CMAKE_PREFIX_PATH=${CMAKE_PREFIX_PATH}:/home/moose/ros2_ws/install/cobot_py:/opt/ros/humble /usr/bin/cmake --build /home/moose/ros2_ws/build/my_cobot_description -- -j4 -l4
[1.211s] Invoking command in '/home/moose/ros2_ws/build/my_cobot_description': CMAKE_PREFIX_PATH=${CMAKE_PREFIX_PATH}:/home/moose/ros2_ws/install/cobot_py:/opt/ros/humble /usr/bin/cmake --install /home/moose/ros2_ws/build/my_cobot_description
[1.234s] -- Install configuration: ""
[1.235s] -- Up-to-date: /home/moose/ros2_ws/install/my_cobot_description/share/my_cobot_description/urdf
[1.235s] -- Up-to-date: /home/moose/ros2_ws/install/my_cobot_description/share/my_cobot_description/urdf/cobot_arm.xacro
[1.236s] -- Up-to-date: /home/moose/ros2_ws/install/my_cobot_description/share/my_cobot_description/urdf/cobot_arm_gazebo.xacro
[1.236s] -- Up-to-date: /home/moose/ros2_ws/install/my_cobot_description/share/my_cobot_description/urdf/common_properties.xacro
[1.236s] -- Up-to-date: /home/moose/ros2_ws/install/my_cobot_description/share/my_cobot_description/urdf/cobot.urdf.xacro
[1.236s] -- Up-to-date: /home/moose/ros2_ws/install/my_cobot_description/share/ament_index/resource_index/package_run_dependencies/my_cobot_description
[1.237s] -- Up-to-date: /home/moose/ros2_ws/install/my_cobot_description/share/ament_index/resource_index/parent_prefix_path/my_cobot_description
[1.237s] -- Up-to-date: /home/moose/ros2_ws/install/my_cobot_description/share/my_cobot_description/environment/ament_prefix_path.sh
[1.237s] -- Up-to-date: /home/moose/ros2_ws/install/my_cobot_description/share/my_cobot_description/environment/ament_prefix_path.dsv
[1.237s] -- Up-to-date: /home/moose/ros2_ws/install/my_cobot_description/share/my_cobot_description/environment/path.sh
[1.238s] -- Up-to-date: /home/moose/ros2_ws/install/my_cobot_description/share/my_cobot_description/environment/path.dsv
[1.238s] -- Up-to-date: /home/moose/ros2_ws/install/my_cobot_description/share/my_cobot_description/local_setup.bash
[1.239s] -- Up-to-date: /home/moose/ros2_ws/install/my_cobot_description/share/my_cobot_description/local_setup.sh
[1.239s] -- Up-to-date: /home/moose/ros2_ws/install/my_cobot_description/share/my_cobot_description/local_setup.zsh
[1.239s] -- Up-to-date: /home/moose/ros2_ws/install/my_cobot_description/share/my_cobot_description/local_setup.dsv
[1.239s] -- Installing: /home/moose/ros2_ws/install/my_cobot_description/share/my_cobot_description/package.dsv
[1.250s] -- Up-to-date: /home/moose/ros2_ws/install/my_cobot_description/share/ament_index/resource_index/packages/my_cobot_description
[1.250s] -- Up-to-date: /home/moose/ros2_ws/install/my_cobot_description/share/my_cobot_description/cmake/my_cobot_descriptionConfig.cmake
[1.251s] -- Up-to-date: /home/moose/ros2_ws/install/my_cobot_description/share/my_cobot_description/cmake/my_cobot_descriptionConfig-version.cmake
[1.251s] -- Up-to-date: /home/moose/ros2_ws/install/my_cobot_description/share/my_cobot_description/package.xml
[1.296s] Invoked command in '/home/moose/ros2_ws/build/my_cobot_description' returned '0': CMAKE_PREFIX_PATH=${CMAKE_PREFIX_PATH}:/home/moose/ros2_ws/install/cobot_py:/opt/ros/humble /usr/bin/cmake --install /home/moose/ros2_ws/build/my_cobot_description
