[3.914s] Invoking command in '/home/moose/ros2_ws/src/cobot_py': PYTHONPATH=/home/moose/ros2_ws/build/cobot_py/prefix_override:/home/moose/ros2_ws/install/cobot_py/lib/python3.10/site-packages:${PYTHONPATH} /usr/bin/python3 -W ignore:setup.py install is deprecated setup.py egg_info --egg-base ../../build/cobot_py build --build-base /home/moose/ros2_ws/build/cobot_py/build install --record /home/moose/ros2_ws/build/cobot_py/install.log --single-version-externally-managed install_data
[6.318s] running egg_info
[6.319s] writing ../../build/cobot_py/cobot_py.egg-info/PKG-INFO
[6.319s] writing dependency_links to ../../build/cobot_py/cobot_py.egg-info/dependency_links.txt
[6.320s] writing entry points to ../../build/cobot_py/cobot_py.egg-info/entry_points.txt
[6.321s] writing requirements to ../../build/cobot_py/cobot_py.egg-info/requires.txt
[6.321s] writing top-level names to ../../build/cobot_py/cobot_py.egg-info/top_level.txt
[6.324s] reading manifest file '../../build/cobot_py/cobot_py.egg-info/SOURCES.txt'
[6.326s] writing manifest file '../../build/cobot_py/cobot_py.egg-info/SOURCES.txt'
[6.326s] running build
[6.327s] running build_py
[6.328s] copying cobot_py/move_arm.py -> /home/moose/ros2_ws/build/cobot_py/build/lib/cobot_py
[6.329s] running install
[6.354s] running install_lib
[6.357s] copying /home/moose/ros2_ws/build/cobot_py/build/lib/cobot_py/move_arm.py -> /home/moose/ros2_ws/install/cobot_py/lib/python3.10/site-packages/cobot_py
[6.358s] byte-compiling /home/moose/ros2_ws/install/cobot_py/lib/python3.10/site-packages/cobot_py/move_arm.py to move_arm.cpython-310.pyc
[6.364s] running install_data
[6.365s] running install_egg_info
[6.368s] removing '/home/moose/ros2_ws/install/cobot_py/lib/python3.10/site-packages/cobot_py-0.0.0-py3.10.egg-info' (and everything under it)
[6.368s] Copying ../../build/cobot_py/cobot_py.egg-info to /home/moose/ros2_ws/install/cobot_py/lib/python3.10/site-packages/cobot_py-0.0.0-py3.10.egg-info
[6.370s] running install_scripts
[6.469s] Installing move_arm script to /home/moose/ros2_ws/install/cobot_py/lib/cobot_py
[6.470s] writing list of installed files to '/home/moose/ros2_ws/build/cobot_py/install.log'
[6.660s] Invoked command in '/home/moose/ros2_ws/src/cobot_py' returned '0': PYTHONPATH=/home/moose/ros2_ws/build/cobot_py/prefix_override:/home/moose/ros2_ws/install/cobot_py/lib/python3.10/site-packages:${PYTHONPATH} /usr/bin/python3 -W ignore:setup.py install is deprecated setup.py egg_info --egg-base ../../build/cobot_py build --build-base /home/moose/ros2_ws/build/cobot_py/build install --record /home/moose/ros2_ws/build/cobot_py/install.log --single-version-externally-managed install_data
