[0.307s] DEBUG:colcon:Command line arguments: ['/usr/bin/colcon', 'list', '-p', '--base-paths', '/home/moose/ros2_ws/src']
[0.308s] DEBUG:colcon:Parsed command line arguments: Namespace(log_base=None, log_level=None, verb_name='list', build_base='build', ignore_user_meta=False, metas=['./colcon.meta'], base_paths=['/home/moose/ros2_ws/src'], packages_ignore=None, packages_ignore_regex=None, paths=None, packages_up_to=None, packages_up_to_regex=None, packages_above=None, packages_above_and_dependencies=None, packages_above_depth=None, packages_select_by_dep=None, packages_skip_by_dep=None, packages_skip_up_to=None, packages_select_build_failed=False, packages_skip_build_finished=False, packages_select_test_failures=False, packages_skip_test_passed=False, packages_select=None, packages_skip=None, packages_select_regex=None, packages_skip_regex=None, packages_start=None, packages_end=None, allow_overriding=[], topological_order=False, names_only=False, paths_only=True, topological_graph=False, topological_graph_dot=False, topological_graph_density=False, topological_graph_legend=False, topological_graph_dot_cluster=False, topological_graph_dot_include_skipped=False, mixin_files=None, mixin=None, verb_parser=<colcon_mixin.mixin.mixin_argument.MixinArgumentDecorator object at 0x7bc03b33fe20>, verb_extension=<colcon_package_information.verb.list.ListVerb object at 0x7bc03b4f4dc0>, main=<bound method ListVerb.main of <colcon_package_information.verb.list.ListVerb object at 0x7bc03b4f4dc0>>, mixin_verb=('list',))
[0.933s] Level 1:colcon.colcon_core.package_discovery:discover_packages(colcon_meta) check parameters
[0.934s] Level 1:colcon.colcon_core.package_discovery:discover_packages(recursive) check parameters
[0.934s] Level 1:colcon.colcon_core.package_discovery:discover_packages(ignore) check parameters
[0.934s] Level 1:colcon.colcon_core.package_discovery:discover_packages(path) check parameters
[0.934s] Level 1:colcon.colcon_core.package_discovery:discover_packages(recursive) discover
[0.934s] INFO:colcon.colcon_core.package_discovery:Crawling recursively for packages in '/home/moose/ros2_ws/src'
[0.934s] Level 1:colcon.colcon_core.package_identification:_identify(/home/moose/ros2_ws/src) by extensions ['ignore', 'ignore_ament_install']
[0.935s] Level 1:colcon.colcon_core.package_identification:_identify(/home/moose/ros2_ws/src) by extension 'ignore'
[0.935s] Level 1:colcon.colcon_core.package_identification:_identify(/home/moose/ros2_ws/src) by extension 'ignore_ament_install'
[0.935s] Level 1:colcon.colcon_core.package_identification:_identify(/home/moose/ros2_ws/src) by extensions ['colcon_pkg']
[0.935s] Level 1:colcon.colcon_core.package_identification:_identify(/home/moose/ros2_ws/src) by extension 'colcon_pkg'
[0.935s] Level 1:colcon.colcon_core.package_identification:_identify(/home/moose/ros2_ws/src) by extensions ['colcon_meta']
[0.935s] Level 1:colcon.colcon_core.package_identification:_identify(/home/moose/ros2_ws/src) by extension 'colcon_meta'
[0.935s] Level 1:colcon.colcon_core.package_identification:_identify(/home/moose/ros2_ws/src) by extensions ['ros']
[0.935s] Level 1:colcon.colcon_core.package_identification:_identify(/home/moose/ros2_ws/src) by extension 'ros'
[0.964s] Level 1:colcon.colcon_core.package_identification:_identify(/home/moose/ros2_ws/src) by extensions ['cmake', 'python']
[0.965s] Level 1:colcon.colcon_core.package_identification:_identify(/home/moose/ros2_ws/src) by extension 'cmake'
[0.965s] Level 1:colcon.colcon_core.package_identification:_identify(/home/moose/ros2_ws/src) by extension 'python'
[0.965s] Level 1:colcon.colcon_core.package_identification:_identify(/home/moose/ros2_ws/src) by extensions ['python_setup_py']
[0.965s] Level 1:colcon.colcon_core.package_identification:_identify(/home/moose/ros2_ws/src) by extension 'python_setup_py'
[0.965s] Level 1:colcon.colcon_core.package_identification:_identify(/home/moose/ros2_ws/src/log) by extensions ['ignore', 'ignore_ament_install']
[0.966s] Level 1:colcon.colcon_core.package_identification:_identify(/home/moose/ros2_ws/src/log) by extension 'ignore'
[0.966s] Level 1:colcon.colcon_core.package_identification:_identify(/home/moose/ros2_ws/src/log) ignored
[0.966s] Level 1:colcon.colcon_core.package_identification:_identify(/home/moose/ros2_ws/src/my_cobot_description) by extensions ['ignore', 'ignore_ament_install']
[0.966s] Level 1:colcon.colcon_core.package_identification:_identify(/home/moose/ros2_ws/src/my_cobot_description) by extension 'ignore'
[0.967s] Level 1:colcon.colcon_core.package_identification:_identify(/home/moose/ros2_ws/src/my_cobot_description) by extension 'ignore_ament_install'
[0.967s] Level 1:colcon.colcon_core.package_identification:_identify(/home/moose/ros2_ws/src/my_cobot_description) by extensions ['colcon_pkg']
[0.967s] Level 1:colcon.colcon_core.package_identification:_identify(/home/moose/ros2_ws/src/my_cobot_description) by extension 'colcon_pkg'
[0.967s] Level 1:colcon.colcon_core.package_identification:_identify(/home/moose/ros2_ws/src/my_cobot_description) by extensions ['colcon_meta']
[0.967s] Level 1:colcon.colcon_core.package_identification:_identify(/home/moose/ros2_ws/src/my_cobot_description) by extension 'colcon_meta'
[0.967s] Level 1:colcon.colcon_core.package_identification:_identify(/home/moose/ros2_ws/src/my_cobot_description) by extensions ['ros']
[0.967s] Level 1:colcon.colcon_core.package_identification:_identify(/home/moose/ros2_ws/src/my_cobot_description) by extension 'ros'
[0.974s] DEBUG:colcon.colcon_core.package_identification:Package '/home/moose/ros2_ws/src/my_cobot_description' with type 'ros.ament_cmake' and name 'my_cobot_description'
[0.975s] Level 1:colcon.colcon_core.package_discovery:discover_packages(recursive) using defaults
