[2.677s] Invoking command in '/home/moose/ros2_ws/src/cobot_py': PYTHONPATH=/home/moose/ros2_ws/build/cobot_py/prefix_override:/home/moose/ros2_ws/install/cobot_py/lib/python3.10/site-packages:${PYTHONPATH} /usr/bin/python3 -W ignore:setup.py install is deprecated setup.py egg_info --egg-base ../../build/cobot_py build --build-base /home/moose/ros2_ws/build/cobot_py/build install --record /home/moose/ros2_ws/build/cobot_py/install.log --single-version-externally-managed install_data
[3.678s] running egg_info
[3.704s] writing ../../build/cobot_py/cobot_py.egg-info/PKG-INFO
[3.704s] writing dependency_links to ../../build/cobot_py/cobot_py.egg-info/dependency_links.txt
[3.705s] writing entry points to ../../build/cobot_py/cobot_py.egg-info/entry_points.txt
[3.706s] writing requirements to ../../build/cobot_py/cobot_py.egg-info/requires.txt
[3.706s] writing top-level names to ../../build/cobot_py/cobot_py.egg-info/top_level.txt
[3.711s] reading manifest file '../../build/cobot_py/cobot_py.egg-info/SOURCES.txt'
[3.712s] writing manifest file '../../build/cobot_py/cobot_py.egg-info/SOURCES.txt'
[3.712s] running build
[3.713s] running build_py
[3.713s] running install
[3.713s] running install_lib
[3.715s] running install_data
[3.716s] running install_egg_info
[3.719s] removing '/home/moose/ros2_ws/install/cobot_py/lib/python3.10/site-packages/cobot_py-0.0.0-py3.10.egg-info' (and everything under it)
[3.719s] Copying ../../build/cobot_py/cobot_py.egg-info to /home/moose/ros2_ws/install/cobot_py/lib/python3.10/site-packages/cobot_py-0.0.0-py3.10.egg-info
[3.720s] running install_scripts
[3.811s] Installing move_arm script to /home/moose/ros2_ws/install/cobot_py/lib/cobot_py
[3.812s] writing list of installed files to '/home/moose/ros2_ws/build/cobot_py/install.log'
[3.956s] Invoked command in '/home/moose/ros2_ws/src/cobot_py' returned '0': PYTHONPATH=/home/moose/ros2_ws/build/cobot_py/prefix_override:/home/moose/ros2_ws/install/cobot_py/lib/python3.10/site-packages:${PYTHONPATH} /usr/bin/python3 -W ignore:setup.py install is deprecated setup.py egg_info --egg-base ../../build/cobot_py build --build-base /home/moose/ros2_ws/build/cobot_py/build install --record /home/moose/ros2_ws/build/cobot_py/install.log --single-version-externally-managed install_data
