[1.406s] Invoking command in '/home/moose/ros2_ws/build/my_cobot_bringup': CMAKE_PREFIX_PATH=${CMAKE_PREFIX_PATH}:/home/moose/ros2_ws/install/cobot_py:/opt/ros/humble /usr/bin/cmake --build /home/moose/ros2_ws/build/my_cobot_bringup -- -j4 -l4
[1.569s] Invoked command in '/home/moose/ros2_ws/build/my_cobot_bringup' returned '0': CMAKE_PREFIX_PATH=${CMAKE_PREFIX_PATH}:/home/moose/ros2_ws/install/cobot_py:/opt/ros/humble /usr/bin/cmake --build /home/moose/ros2_ws/build/my_cobot_bringup -- -j4 -l4
[1.757s] Invoking command in '/home/moose/ros2_ws/build/my_cobot_bringup': CMAKE_PREFIX_PATH=${CMAKE_PREFIX_PATH}:/home/moose/ros2_ws/install/cobot_py:/opt/ros/humble /usr/bin/cmake --install /home/moose/ros2_ws/build/my_cobot_bringup
[1.801s] -- Install configuration: ""
[1.806s] -- Up-to-date: /home/moose/ros2_ws/install/my_cobot_bringup/share/my_cobot_bringup/launch
[1.806s] -- Up-to-date: /home/moose/ros2_ws/install/my_cobot_bringup/share/my_cobot_bringup/launch/cobot_gazebo.launch.xml
[1.811s] -- Up-to-date: /home/moose/ros2_ws/install/my_cobot_bringup/share/ament_index/resource_index/package_run_dependencies/my_cobot_bringup
[1.813s] -- Up-to-date: /home/moose/ros2_ws/install/my_cobot_bringup/share/ament_index/resource_index/parent_prefix_path/my_cobot_bringup
[1.814s] -- Up-to-date: /home/moose/ros2_ws/install/my_cobot_bringup/share/my_cobot_bringup/environment/ament_prefix_path.sh
[1.814s] -- Up-to-date: /home/moose/ros2_ws/install/my_cobot_bringup/share/my_cobot_bringup/environment/ament_prefix_path.dsv
[1.814s] -- Up-to-date: /home/moose/ros2_ws/install/my_cobot_bringup/share/my_cobot_bringup/environment/path.sh
[1.815s] -- Up-to-date: /home/moose/ros2_ws/install/my_cobot_bringup/share/my_cobot_bringup/environment/path.dsv
[1.815s] -- Up-to-date: /home/moose/ros2_ws/install/my_cobot_bringup/share/my_cobot_bringup/local_setup.bash
[1.815s] -- Up-to-date: /home/moose/ros2_ws/install/my_cobot_bringup/share/my_cobot_bringup/local_setup.sh
[1.815s] -- Up-to-date: /home/moose/ros2_ws/install/my_cobot_bringup/share/my_cobot_bringup/local_setup.zsh
[1.815s] -- Up-to-date: /home/moose/ros2_ws/install/my_cobot_bringup/share/my_cobot_bringup/local_setup.dsv
[1.816s] -- Installing: /home/moose/ros2_ws/install/my_cobot_bringup/share/my_cobot_bringup/package.dsv
[1.816s] -- Up-to-date: /home/moose/ros2_ws/install/my_cobot_bringup/share/ament_index/resource_index/packages/my_cobot_bringup
[1.816s] -- Up-to-date: /home/moose/ros2_ws/install/my_cobot_bringup/share/my_cobot_bringup/cmake/my_cobot_bringupConfig.cmake
[1.816s] -- Up-to-date: /home/moose/ros2_ws/install/my_cobot_bringup/share/my_cobot_bringup/cmake/my_cobot_bringupConfig-version.cmake
[1.817s] -- Up-to-date: /home/moose/ros2_ws/install/my_cobot_bringup/share/my_cobot_bringup/package.xml
[1.898s] Invoked command in '/home/moose/ros2_ws/build/my_cobot_bringup' returned '0': CMAKE_PREFIX_PATH=${CMAKE_PREFIX_PATH}:/home/moose/ros2_ws/install/cobot_py:/opt/ros/humble /usr/bin/cmake --install /home/moose/ros2_ws/build/my_cobot_bringup
