[6.138s] Invoking command in '/home/moose/ros2_ws/src/cobot_py': PYTHONPATH=/home/moose/ros2_ws/build/cobot_py/prefix_override:/home/moose/ros2_ws/install/cobot_py/lib/python3.10/site-packages:${PYTHONPATH} /usr/bin/python3 -W ignore:setup.py install is deprecated setup.py egg_info --egg-base ../../build/cobot_py build --build-base /home/moose/ros2_ws/build/cobot_py/build install --record /home/moose/ros2_ws/build/cobot_py/install.log --single-version-externally-managed install_data
[8.784s] running egg_info
[8.788s] writing ../../build/cobot_py/cobot_py.egg-info/PKG-INFO
[8.788s] writing dependency_links to ../../build/cobot_py/cobot_py.egg-info/dependency_links.txt
[8.789s] writing entry points to ../../build/cobot_py/cobot_py.egg-info/entry_points.txt
[8.814s] writing requirements to ../../build/cobot_py/cobot_py.egg-info/requires.txt
[8.814s] writing top-level names to ../../build/cobot_py/cobot_py.egg-info/top_level.txt
[8.822s] reading manifest file '../../build/cobot_py/cobot_py.egg-info/SOURCES.txt'
[8.827s] writing manifest file '../../build/cobot_py/cobot_py.egg-info/SOURCES.txt'
[8.828s] running build
[8.830s] running build_py
[8.834s] copying cobot_py/2dof_move_arm.py -> /home/moose/ros2_ws/build/cobot_py/build/lib/cobot_py
[8.834s] running install
[8.835s] running install_lib
[8.837s] copying /home/moose/ros2_ws/build/cobot_py/build/lib/cobot_py/2dof_move_arm.py -> /home/moose/ros2_ws/install/cobot_py/lib/python3.10/site-packages/cobot_py
[8.863s] byte-compiling /home/moose/ros2_ws/install/cobot_py/lib/python3.10/site-packages/cobot_py/2dof_move_arm.py to 2dof_move_arm.cpython-310.pyc
[8.866s] running install_data
[8.866s] running install_egg_info
[8.872s] removing '/home/moose/ros2_ws/install/cobot_py/lib/python3.10/site-packages/cobot_py-0.0.0-py3.10.egg-info' (and everything under it)
[8.874s] Copying ../../build/cobot_py/cobot_py.egg-info to /home/moose/ros2_ws/install/cobot_py/lib/python3.10/site-packages/cobot_py-0.0.0-py3.10.egg-info
[8.877s] running install_scripts
[9.060s] Installing 2dof_move_arm script to /home/moose/ros2_ws/install/cobot_py/lib/cobot_py
[9.061s] writing list of installed files to '/home/moose/ros2_ws/build/cobot_py/install.log'
[9.358s] Invoked command in '/home/moose/ros2_ws/src/cobot_py' returned '0': PYTHONPATH=/home/moose/ros2_ws/build/cobot_py/prefix_override:/home/moose/ros2_ws/install/cobot_py/lib/python3.10/site-packages:${PYTHONPATH} /usr/bin/python3 -W ignore:setup.py install is deprecated setup.py egg_info --egg-base ../../build/cobot_py build --build-base /home/moose/ros2_ws/build/cobot_py/build install --record /home/moose/ros2_ws/build/cobot_py/install.log --single-version-externally-managed install_data
