[3.586s] Invoking command in '/home/moose/ros2_ws/src/cobot_py': PYTHONPATH=/home/moose/ros2_ws/build/cobot_py/prefix_override:/home/moose/ros2_ws/install/cobot_py/lib/python3.10/site-packages:${PYTHONPATH} /usr/bin/python3 -W ignore:setup.py install is deprecated setup.py egg_info --egg-base ../../build/cobot_py build --build-base /home/moose/ros2_ws/build/cobot_py/build install --record /home/moose/ros2_ws/build/cobot_py/install.log --single-version-externally-managed install_data
[4.996s] running egg_info
[5.001s] writing ../../build/cobot_py/cobot_py.egg-info/PKG-INFO
[5.003s] writing dependency_links to ../../build/cobot_py/cobot_py.egg-info/dependency_links.txt
[5.006s] writing entry points to ../../build/cobot_py/cobot_py.egg-info/entry_points.txt
[5.006s] writing requirements to ../../build/cobot_py/cobot_py.egg-info/requires.txt
[5.006s] writing top-level names to ../../build/cobot_py/cobot_py.egg-info/top_level.txt
[5.010s] reading manifest file '../../build/cobot_py/cobot_py.egg-info/SOURCES.txt'
[5.011s] writing manifest file '../../build/cobot_py/cobot_py.egg-info/SOURCES.txt'
[5.012s] running build
[5.012s] running build_py
[5.012s] copying cobot_py/2dof_move_arm.py -> /home/moose/ros2_ws/build/cobot_py/build/lib/cobot_py
[5.013s] running install
[5.014s] running install_lib
[5.016s] copying /home/moose/ros2_ws/build/cobot_py/build/lib/cobot_py/2dof_move_arm.py -> /home/moose/ros2_ws/install/cobot_py/lib/python3.10/site-packages/cobot_py
[5.018s] byte-compiling /home/moose/ros2_ws/install/cobot_py/lib/python3.10/site-packages/cobot_py/2dof_move_arm.py to 2dof_move_arm.cpython-310.pyc
[5.046s] running install_data
[5.046s] running install_egg_info
[5.050s] removing '/home/moose/ros2_ws/install/cobot_py/lib/python3.10/site-packages/cobot_py-0.0.0-py3.10.egg-info' (and everything under it)
[5.050s] Copying ../../build/cobot_py/cobot_py.egg-info to /home/moose/ros2_ws/install/cobot_py/lib/python3.10/site-packages/cobot_py-0.0.0-py3.10.egg-info
[5.053s] running install_scripts
[5.154s] Installing 2dof_move_arm script to /home/moose/ros2_ws/install/cobot_py/lib/cobot_py
[5.155s] writing list of installed files to '/home/moose/ros2_ws/build/cobot_py/install.log'
[5.355s] Invoked command in '/home/moose/ros2_ws/src/cobot_py' returned '0': PYTHONPATH=/home/moose/ros2_ws/build/cobot_py/prefix_override:/home/moose/ros2_ws/install/cobot_py/lib/python3.10/site-packages:${PYTHONPATH} /usr/bin/python3 -W ignore:setup.py install is deprecated setup.py egg_info --egg-base ../../build/cobot_py build --build-base /home/moose/ros2_ws/build/cobot_py/build install --record /home/moose/ros2_ws/build/cobot_py/install.log --single-version-externally-managed install_data
