[3.339s] Invoking command in '/home/moose/ros2_ws/src/cobot_py': PYTHONPATH=/home/moose/ros2_ws/build/cobot_py/prefix_override:/home/moose/ros2_ws/install/cobot_py/lib/python3.10/site-packages:${PYTHONPATH} /usr/bin/python3 -W ignore:setup.py install is deprecated setup.py egg_info --egg-base ../../build/cobot_py build --build-base /home/moose/ros2_ws/build/cobot_py/build install --record /home/moose/ros2_ws/build/cobot_py/install.log --single-version-externally-managed install_data
[4.509s] running egg_info
[4.510s] writing ../../build/cobot_py/cobot_py.egg-info/PKG-INFO
[4.512s] writing dependency_links to ../../build/cobot_py/cobot_py.egg-info/dependency_links.txt
[4.513s] writing entry points to ../../build/cobot_py/cobot_py.egg-info/entry_points.txt
[4.513s] writing requirements to ../../build/cobot_py/cobot_py.egg-info/requires.txt
[4.514s] writing top-level names to ../../build/cobot_py/cobot_py.egg-info/top_level.txt
[4.517s] reading manifest file '../../build/cobot_py/cobot_py.egg-info/SOURCES.txt'
[4.518s] writing manifest file '../../build/cobot_py/cobot_py.egg-info/SOURCES.txt'
[4.519s] running build
[4.519s] running build_py
[4.519s] copying cobot_py/move_arm.py -> /home/moose/ros2_ws/build/cobot_py/build/lib/cobot_py
[4.520s] running install
[4.521s] running install_lib
[4.522s] copying /home/moose/ros2_ws/build/cobot_py/build/lib/cobot_py/move_arm.py -> /home/moose/ros2_ws/install/cobot_py/lib/python3.10/site-packages/cobot_py
[4.523s] byte-compiling /home/moose/ros2_ws/install/cobot_py/lib/python3.10/site-packages/cobot_py/move_arm.py to move_arm.cpython-310.pyc
[4.525s] running install_data
[4.525s] running install_egg_info
[4.554s] removing '/home/moose/ros2_ws/install/cobot_py/lib/python3.10/site-packages/cobot_py-0.0.0-py3.10.egg-info' (and everything under it)
[4.555s] Copying ../../build/cobot_py/cobot_py.egg-info to /home/moose/ros2_ws/install/cobot_py/lib/python3.10/site-packages/cobot_py-0.0.0-py3.10.egg-info
[4.557s] running install_scripts
[4.621s] Installing move_arm script to /home/moose/ros2_ws/install/cobot_py/lib/cobot_py
[4.622s] writing list of installed files to '/home/moose/ros2_ws/build/cobot_py/install.log'
[4.806s] Invoked command in '/home/moose/ros2_ws/src/cobot_py' returned '0': PYTHONPATH=/home/moose/ros2_ws/build/cobot_py/prefix_override:/home/moose/ros2_ws/install/cobot_py/lib/python3.10/site-packages:${PYTHONPATH} /usr/bin/python3 -W ignore:setup.py install is deprecated setup.py egg_info --egg-base ../../build/cobot_py build --build-base /home/moose/ros2_ws/build/cobot_py/build install --record /home/moose/ros2_ws/build/cobot_py/install.log --single-version-externally-managed install_data
