[3.768s] Invoking command in '/home/moose/ros2_ws/src/cobot_py': PYTHONPATH=/home/moose/ros2_ws/build/cobot_py/prefix_override:/home/moose/ros2_ws/install/cobot_py/lib/python3.10/site-packages:${PYTHONPATH} /usr/bin/python3 -W ignore:setup.py install is deprecated setup.py egg_info --egg-base ../../build/cobot_py build --build-base /home/moose/ros2_ws/build/cobot_py/build install --record /home/moose/ros2_ws/build/cobot_py/install.log --single-version-externally-managed install_data
[5.243s] running egg_info
[5.244s] writing ../../build/cobot_py/cobot_py.egg-info/PKG-INFO
[5.245s] writing dependency_links to ../../build/cobot_py/cobot_py.egg-info/dependency_links.txt
[5.246s] writing entry points to ../../build/cobot_py/cobot_py.egg-info/entry_points.txt
[5.246s] writing requirements to ../../build/cobot_py/cobot_py.egg-info/requires.txt
[5.246s] writing top-level names to ../../build/cobot_py/cobot_py.egg-info/top_level.txt
[5.252s] reading manifest file '../../build/cobot_py/cobot_py.egg-info/SOURCES.txt'
[5.278s] writing manifest file '../../build/cobot_py/cobot_py.egg-info/SOURCES.txt'
[5.279s] running build
[5.279s] running build_py
[5.279s] copying cobot_py/move_arm.py -> /home/moose/ros2_ws/build/cobot_py/build/lib/cobot_py
[5.279s] running install
[5.281s] running install_lib
[5.283s] copying /home/moose/ros2_ws/build/cobot_py/build/lib/cobot_py/move_arm.py -> /home/moose/ros2_ws/install/cobot_py/lib/python3.10/site-packages/cobot_py
[5.285s] byte-compiling /home/moose/ros2_ws/install/cobot_py/lib/python3.10/site-packages/cobot_py/move_arm.py to move_arm.cpython-310.pyc
[5.287s] running install_data
[5.288s] running install_egg_info
[5.292s] removing '/home/moose/ros2_ws/install/cobot_py/lib/python3.10/site-packages/cobot_py-0.0.0-py3.10.egg-info' (and everything under it)
[5.293s] Copying ../../build/cobot_py/cobot_py.egg-info to /home/moose/ros2_ws/install/cobot_py/lib/python3.10/site-packages/cobot_py-0.0.0-py3.10.egg-info
[5.295s] running install_scripts
[5.393s] Installing move_arm script to /home/moose/ros2_ws/install/cobot_py/lib/cobot_py
[5.394s] writing list of installed files to '/home/moose/ros2_ws/build/cobot_py/install.log'
[5.588s] Invoked command in '/home/moose/ros2_ws/src/cobot_py' returned '0': PYTHONPATH=/home/moose/ros2_ws/build/cobot_py/prefix_override:/home/moose/ros2_ws/install/cobot_py/lib/python3.10/site-packages:${PYTHONPATH} /usr/bin/python3 -W ignore:setup.py install is deprecated setup.py egg_info --egg-base ../../build/cobot_py build --build-base /home/moose/ros2_ws/build/cobot_py/build install --record /home/moose/ros2_ws/build/cobot_py/install.log --single-version-externally-managed install_data
