[1.510s] Invoking command in '/home/moose/ros2_ws/src/cobot_py': PYTHONPATH=/home/moose/ros2_ws/build/cobot_py/prefix_override:/home/moose/ros2_ws/install/cobot_py/lib/python3.10/site-packages:${PYTHONPATH} /usr/bin/python3 -W ignore:setup.py install is deprecated setup.py egg_info --egg-base ../../build/cobot_py build --build-base /home/moose/ros2_ws/build/cobot_py/build install --record /home/moose/ros2_ws/build/cobot_py/install.log --single-version-externally-managed install_data
[1.955s] running egg_info
[1.956s] writing ../../build/cobot_py/cobot_py.egg-info/PKG-INFO
[1.956s] writing dependency_links to ../../build/cobot_py/cobot_py.egg-info/dependency_links.txt
[1.957s] writing entry points to ../../build/cobot_py/cobot_py.egg-info/entry_points.txt
[1.957s] writing requirements to ../../build/cobot_py/cobot_py.egg-info/requires.txt
[1.957s] writing top-level names to ../../build/cobot_py/cobot_py.egg-info/top_level.txt
[1.960s] reading manifest file '../../build/cobot_py/cobot_py.egg-info/SOURCES.txt'
[1.961s] writing manifest file '../../build/cobot_py/cobot_py.egg-info/SOURCES.txt'
[1.962s] running build
[1.962s] running build_py
[1.962s] copying cobot_py/move_arm.py -> /home/moose/ros2_ws/build/cobot_py/build/lib/cobot_py
[1.962s] running install
[1.963s] running install_lib
[1.965s] copying /home/moose/ros2_ws/build/cobot_py/build/lib/cobot_py/move_arm.py -> /home/moose/ros2_ws/install/cobot_py/lib/python3.10/site-packages/cobot_py
[1.965s] byte-compiling /home/moose/ros2_ws/install/cobot_py/lib/python3.10/site-packages/cobot_py/move_arm.py to move_arm.cpython-310.pyc
[1.967s] running install_data
[1.967s] running install_egg_info
[1.969s] removing '/home/moose/ros2_ws/install/cobot_py/lib/python3.10/site-packages/cobot_py-0.0.0-py3.10.egg-info' (and everything under it)
[1.970s] Copying ../../build/cobot_py/cobot_py.egg-info to /home/moose/ros2_ws/install/cobot_py/lib/python3.10/site-packages/cobot_py-0.0.0-py3.10.egg-info
[1.971s] running install_scripts
[2.000s] Installing move_arm script to /home/moose/ros2_ws/install/cobot_py/lib/cobot_py
[2.001s] writing list of installed files to '/home/moose/ros2_ws/build/cobot_py/install.log'
[2.067s] Invoked command in '/home/moose/ros2_ws/src/cobot_py' returned '0': PYTHONPATH=/home/moose/ros2_ws/build/cobot_py/prefix_override:/home/moose/ros2_ws/install/cobot_py/lib/python3.10/site-packages:${PYTHONPATH} /usr/bin/python3 -W ignore:setup.py install is deprecated setup.py egg_info --egg-base ../../build/cobot_py build --build-base /home/moose/ros2_ws/build/cobot_py/build install --record /home/moose/ros2_ws/build/cobot_py/install.log --single-version-externally-managed install_data
