running egg_info
writing ../../build/cobot_py/cobot_py.egg-info/PKG-INFO
writing dependency_links to ../../build/cobot_py/cobot_py.egg-info/dependency_links.txt
writing entry points to ../../build/cobot_py/cobot_py.egg-info/entry_points.txt
writing requirements to ../../build/cobot_py/cobot_py.egg-info/requires.txt
writing top-level names to ../../build/cobot_py/cobot_py.egg-info/top_level.txt
reading manifest file '../../build/cobot_py/cobot_py.egg-info/SOURCES.txt'
writing manifest file '../../build/cobot_py/cobot_py.egg-info/SOURCES.txt'
running build
running build_py
copying cobot_py/3dof_move_arm.py -> /home/moose/ros2_ws/build/cobot_py/build/lib/cobot_py
running install
running install_lib
copying /home/moose/ros2_ws/build/cobot_py/build/lib/cobot_py/3dof_move_arm.py -> /home/moose/ros2_ws/install/cobot_py/lib/python3.10/site-packages/cobot_py
byte-compiling /home/moose/ros2_ws/install/cobot_py/lib/python3.10/site-packages/cobot_py/3dof_move_arm.py to 3dof_move_arm.cpython-310.pyc
running install_data
running install_egg_info
removing '/home/moose/ros2_ws/install/cobot_py/lib/python3.10/site-packages/cobot_py-0.0.0-py3.10.egg-info' (and everything under it)
Copying ../../build/cobot_py/cobot_py.egg-info to /home/moose/ros2_ws/install/cobot_py/lib/python3.10/site-packages/cobot_py-0.0.0-py3.10.egg-info
running install_scripts
Installing 2dof_move_arm script to /home/moose/ros2_ws/install/cobot_py/lib/cobot_py
Installing 3dof_move_arm script to /home/moose/ros2_ws/install/cobot_py/lib/cobot_py
writing list of installed files to '/home/moose/ros2_ws/build/cobot_py/install.log'
