[2.302s] Invoking command in '/home/moose/ros2_ws/src/cobot_py': PYTHONPATH=/home/moose/ros2_ws/build/cobot_py/prefix_override:/home/moose/ros2_ws/install/cobot_py/lib/python3.10/site-packages:${PYTHONPATH} /usr/bin/python3 -W ignore:setup.py install is deprecated setup.py egg_info --egg-base ../../build/cobot_py build --build-base /home/moose/ros2_ws/build/cobot_py/build install --record /home/moose/ros2_ws/build/cobot_py/install.log --single-version-externally-managed install_data
[3.135s] running egg_info
[3.136s] writing ../../build/cobot_py/cobot_py.egg-info/PKG-INFO
[3.137s] writing dependency_links to ../../build/cobot_py/cobot_py.egg-info/dependency_links.txt
[3.138s] writing entry points to ../../build/cobot_py/cobot_py.egg-info/entry_points.txt
[3.139s] writing requirements to ../../build/cobot_py/cobot_py.egg-info/requires.txt
[3.139s] writing top-level names to ../../build/cobot_py/cobot_py.egg-info/top_level.txt
[3.142s] reading manifest file '../../build/cobot_py/cobot_py.egg-info/SOURCES.txt'
[3.144s] writing manifest file '../../build/cobot_py/cobot_py.egg-info/SOURCES.txt'
[3.144s] running build
[3.144s] running build_py
[3.144s] copying cobot_py/move_arm.py -> /home/moose/ros2_ws/build/cobot_py/build/lib/cobot_py
[3.144s] running install
[3.145s] running install_lib
[3.146s] copying /home/moose/ros2_ws/build/cobot_py/build/lib/cobot_py/move_arm.py -> /home/moose/ros2_ws/install/cobot_py/lib/python3.10/site-packages/cobot_py
[3.147s] byte-compiling /home/moose/ros2_ws/install/cobot_py/lib/python3.10/site-packages/cobot_py/move_arm.py to move_arm.cpython-310.pyc
[3.148s] running install_data
[3.148s] running install_egg_info
[3.152s] removing '/home/moose/ros2_ws/install/cobot_py/lib/python3.10/site-packages/cobot_py-0.0.0-py3.10.egg-info' (and everything under it)
[3.153s] Copying ../../build/cobot_py/cobot_py.egg-info to /home/moose/ros2_ws/install/cobot_py/lib/python3.10/site-packages/cobot_py-0.0.0-py3.10.egg-info
[3.155s] running install_scripts
[3.217s] Installing move_arm script to /home/moose/ros2_ws/install/cobot_py/lib/cobot_py
[3.218s] writing list of installed files to '/home/moose/ros2_ws/build/cobot_py/install.log'
[3.339s] Invoked command in '/home/moose/ros2_ws/src/cobot_py' returned '0': PYTHONPATH=/home/moose/ros2_ws/build/cobot_py/prefix_override:/home/moose/ros2_ws/install/cobot_py/lib/python3.10/site-packages:${PYTHONPATH} /usr/bin/python3 -W ignore:setup.py install is deprecated setup.py egg_info --egg-base ../../build/cobot_py build --build-base /home/moose/ros2_ws/build/cobot_py/build install --record /home/moose/ros2_ws/build/cobot_py/install.log --single-version-externally-managed install_data
