[3.693s] Invoking command in '/home/moose/ros2_ws/src/cobot_py': PYTHONPATH=/home/moose/ros2_ws/build/cobot_py/prefix_override:/home/moose/ros2_ws/install/cobot_py/lib/python3.10/site-packages:${PYTHONPATH} /usr/bin/python3 -W ignore:setup.py install is deprecated setup.py egg_info --egg-base ../../build/cobot_py build --build-base /home/moose/ros2_ws/build/cobot_py/build install --record /home/moose/ros2_ws/build/cobot_py/install.log --single-version-externally-managed install_data
[5.739s] running egg_info
[5.740s] writing ../../build/cobot_py/cobot_py.egg-info/PKG-INFO
[5.740s] writing dependency_links to ../../build/cobot_py/cobot_py.egg-info/dependency_links.txt
[5.741s] writing entry points to ../../build/cobot_py/cobot_py.egg-info/entry_points.txt
[5.741s] writing requirements to ../../build/cobot_py/cobot_py.egg-info/requires.txt
[5.741s] writing top-level names to ../../build/cobot_py/cobot_py.egg-info/top_level.txt
[5.744s] reading manifest file '../../build/cobot_py/cobot_py.egg-info/SOURCES.txt'
[5.746s] writing manifest file '../../build/cobot_py/cobot_py.egg-info/SOURCES.txt'
[5.746s] running build
[5.747s] running build_py
[5.747s] copying cobot_py/move_arm.py -> /home/moose/ros2_ws/build/cobot_py/build/lib/cobot_py
[5.748s] running install
[5.749s] running install_lib
[5.750s] copying /home/moose/ros2_ws/build/cobot_py/build/lib/cobot_py/move_arm.py -> /home/moose/ros2_ws/install/cobot_py/lib/python3.10/site-packages/cobot_py
[5.751s] byte-compiling /home/moose/ros2_ws/install/cobot_py/lib/python3.10/site-packages/cobot_py/move_arm.py to move_arm.cpython-310.pyc
[5.754s] running install_data
[5.754s] running install_egg_info
[5.782s] removing '/home/moose/ros2_ws/install/cobot_py/lib/python3.10/site-packages/cobot_py-0.0.0-py3.10.egg-info' (and everything under it)
[5.783s] Copying ../../build/cobot_py/cobot_py.egg-info to /home/moose/ros2_ws/install/cobot_py/lib/python3.10/site-packages/cobot_py-0.0.0-py3.10.egg-info
[5.784s] running install_scripts
[5.851s] Installing move_arm script to /home/moose/ros2_ws/install/cobot_py/lib/cobot_py
[5.851s] writing list of installed files to '/home/moose/ros2_ws/build/cobot_py/install.log'
[6.033s] Invoked command in '/home/moose/ros2_ws/src/cobot_py' returned '0': PYTHONPATH=/home/moose/ros2_ws/build/cobot_py/prefix_override:/home/moose/ros2_ws/install/cobot_py/lib/python3.10/site-packages:${PYTHONPATH} /usr/bin/python3 -W ignore:setup.py install is deprecated setup.py egg_info --egg-base ../../build/cobot_py build --build-base /home/moose/ros2_ws/build/cobot_py/build install --record /home/moose/ros2_ws/build/cobot_py/install.log --single-version-externally-managed install_data
