[0.940s] Invoking command in '/home/moose/ros2_ws/src/cobot_py': PYTHONPATH=/home/moose/ros2_ws/build/cobot_py/prefix_override:/home/moose/ros2_ws/install/cobot_py/lib/python3.10/site-packages:${PYTHONPATH} /usr/bin/python3 -W ignore:setup.py install is deprecated setup.py egg_info --egg-base ../../build/cobot_py build --build-base /home/moose/ros2_ws/build/cobot_py/build install --record /home/moose/ros2_ws/build/cobot_py/install.log --single-version-externally-managed install_data
[1.242s] running egg_info
[1.243s] writing ../../build/cobot_py/cobot_py.egg-info/PKG-INFO
[1.243s] writing dependency_links to ../../build/cobot_py/cobot_py.egg-info/dependency_links.txt
[1.244s] writing entry points to ../../build/cobot_py/cobot_py.egg-info/entry_points.txt
[1.244s] writing requirements to ../../build/cobot_py/cobot_py.egg-info/requires.txt
[1.244s] writing top-level names to ../../build/cobot_py/cobot_py.egg-info/top_level.txt
[1.247s] reading manifest file '../../build/cobot_py/cobot_py.egg-info/SOURCES.txt'
[1.247s] writing manifest file '../../build/cobot_py/cobot_py.egg-info/SOURCES.txt'
[1.248s] running build
[1.248s] running build_py
[1.248s] copying cobot_py/move_arm.py -> /home/moose/ros2_ws/build/cobot_py/build/lib/cobot_py
[1.248s] running install
[1.248s] running install_lib
[1.249s] copying /home/moose/ros2_ws/build/cobot_py/build/lib/cobot_py/move_arm.py -> /home/moose/ros2_ws/install/cobot_py/lib/python3.10/site-packages/cobot_py
[1.250s] byte-compiling /home/moose/ros2_ws/install/cobot_py/lib/python3.10/site-packages/cobot_py/move_arm.py to move_arm.cpython-310.pyc
[1.251s] running install_data
[1.251s] running install_egg_info
[1.253s] removing '/home/moose/ros2_ws/install/cobot_py/lib/python3.10/site-packages/cobot_py-0.0.0-py3.10.egg-info' (and everything under it)
[1.253s] Copying ../../build/cobot_py/cobot_py.egg-info to /home/moose/ros2_ws/install/cobot_py/lib/python3.10/site-packages/cobot_py-0.0.0-py3.10.egg-info
[1.254s] running install_scripts
[1.277s] Installing move_arm script to /home/moose/ros2_ws/install/cobot_py/lib/cobot_py
[1.277s] writing list of installed files to '/home/moose/ros2_ws/build/cobot_py/install.log'
[1.317s] Invoked command in '/home/moose/ros2_ws/src/cobot_py' returned '0': PYTHONPATH=/home/moose/ros2_ws/build/cobot_py/prefix_override:/home/moose/ros2_ws/install/cobot_py/lib/python3.10/site-packages:${PYTHONPATH} /usr/bin/python3 -W ignore:setup.py install is deprecated setup.py egg_info --egg-base ../../build/cobot_py build --build-base /home/moose/ros2_ws/build/cobot_py/build install --record /home/moose/ros2_ws/build/cobot_py/install.log --single-version-externally-managed install_data
