[3.047s] Invoking command in '/home/moose/ros2_ws/src/cobot_py': PYTHONPATH=/home/moose/ros2_ws/build/cobot_py/prefix_override:/home/moose/ros2_ws/install/cobot_py/lib/python3.10/site-packages:${PYTHONPATH} /usr/bin/python3 -W ignore:setup.py install is deprecated setup.py egg_info --egg-base ../../build/cobot_py build --build-base /home/moose/ros2_ws/build/cobot_py/build install --record /home/moose/ros2_ws/build/cobot_py/install.log --single-version-externally-managed install_data
[4.135s] running egg_info
[4.136s] writing ../../build/cobot_py/cobot_py.egg-info/PKG-INFO
[4.136s] writing dependency_links to ../../build/cobot_py/cobot_py.egg-info/dependency_links.txt
[4.137s] writing entry points to ../../build/cobot_py/cobot_py.egg-info/entry_points.txt
[4.137s] writing requirements to ../../build/cobot_py/cobot_py.egg-info/requires.txt
[4.137s] writing top-level names to ../../build/cobot_py/cobot_py.egg-info/top_level.txt
[4.166s] reading manifest file '../../build/cobot_py/cobot_py.egg-info/SOURCES.txt'
[4.168s] writing manifest file '../../build/cobot_py/cobot_py.egg-info/SOURCES.txt'
[4.168s] running build
[4.168s] running build_py
[4.168s] copying cobot_py/2dof_move_arm.py -> /home/moose/ros2_ws/build/cobot_py/build/lib/cobot_py
[4.169s] running install
[4.169s] running install_lib
[4.170s] copying /home/moose/ros2_ws/build/cobot_py/build/lib/cobot_py/2dof_move_arm.py -> /home/moose/ros2_ws/install/cobot_py/lib/python3.10/site-packages/cobot_py
[4.172s] byte-compiling /home/moose/ros2_ws/install/cobot_py/lib/python3.10/site-packages/cobot_py/2dof_move_arm.py to 2dof_move_arm.cpython-310.pyc
[4.173s] running install_data
[4.173s] running install_egg_info
[4.176s] removing '/home/moose/ros2_ws/install/cobot_py/lib/python3.10/site-packages/cobot_py-0.0.0-py3.10.egg-info' (and everything under it)
[4.176s] Copying ../../build/cobot_py/cobot_py.egg-info to /home/moose/ros2_ws/install/cobot_py/lib/python3.10/site-packages/cobot_py-0.0.0-py3.10.egg-info
[4.178s] running install_scripts
[4.262s] Installing 2dof_move_arm script to /home/moose/ros2_ws/install/cobot_py/lib/cobot_py
[4.264s] writing list of installed files to '/home/moose/ros2_ws/build/cobot_py/install.log'
[4.416s] Invoked command in '/home/moose/ros2_ws/src/cobot_py' returned '0': PYTHONPATH=/home/moose/ros2_ws/build/cobot_py/prefix_override:/home/moose/ros2_ws/install/cobot_py/lib/python3.10/site-packages:${PYTHONPATH} /usr/bin/python3 -W ignore:setup.py install is deprecated setup.py egg_info --egg-base ../../build/cobot_py build --build-base /home/moose/ros2_ws/build/cobot_py/build install --record /home/moose/ros2_ws/build/cobot_py/install.log --single-version-externally-managed install_data
