[0.320s] DEBUG:colcon:Command line arguments: ['/usr/bin/colcon', 'build']
[0.320s] DEBUG:colcon:Parsed command line arguments: Namespace(log_base=None, log_level=None, verb_name='build', build_base='build', install_base='install', merge_install=False, symlink_install=False, test_result_base=None, continue_on_error=False, executor='parallel', parallel_workers=4, event_handlers=None, ignore_user_meta=False, metas=['./colcon.meta'], base_paths=['.'], packages_ignore=None, packages_ignore_regex=None, paths=None, packages_up_to=None, packages_up_to_regex=None, packages_above=None, packages_above_and_dependencies=None, packages_above_depth=None, packages_select_by_dep=None, packages_skip_by_dep=None, packages_skip_up_to=None, packages_select_build_failed=False, packages_skip_build_finished=False, packages_select_test_failures=False, packages_skip_test_passed=False, packages_select=None, packages_skip=None, packages_select_regex=None, packages_skip_regex=None, packages_start=None, packages_end=None, allow_overriding=[], cmake_args=None, cmake_target=None, cmake_target_skip_unavailable=False, cmake_clean_cache=False, cmake_clean_first=False, cmake_force_configure=False, ament_cmake_args=None, catkin_cmake_args=None, catkin_skip_building_tests=False, mixin_files=None, mixin=None, verb_parser=<colcon_mixin.mixin.mixin_argument.MixinArgumentDecorator object at 0x757e55e3b400>, verb_extension=<colcon_core.verb.build.BuildVerb object at 0x757e55fb3670>, main=<bound method BuildVerb.main of <colcon_core.verb.build.BuildVerb object at 0x757e55fb3670>>, mixin_verb=('build',))
[0.817s] Level 1:colcon.colcon_core.package_discovery:discover_packages(colcon_meta) check parameters
[0.817s] Level 1:colcon.colcon_core.package_discovery:discover_packages(recursive) check parameters
[0.817s] Level 1:colcon.colcon_core.package_discovery:discover_packages(ignore) check parameters
[0.817s] Level 1:colcon.colcon_core.package_discovery:discover_packages(path) check parameters
[0.817s] Level 1:colcon.colcon_core.package_discovery:discover_packages(colcon_meta) discover
[0.817s] Level 1:colcon.colcon_core.package_discovery:discover_packages(recursive) discover
[0.817s] INFO:colcon.colcon_core.package_discovery:Crawling recursively for packages in '/home/moose/ros2_ws'
[0.817s] Level 1:colcon.colcon_core.package_identification:_identify(.) by extensions ['ignore', 'ignore_ament_install']
[0.817s] Level 1:colcon.colcon_core.package_identification:_identify(.) by extension 'ignore'
[0.817s] Level 1:colcon.colcon_core.package_identification:_identify(.) by extension 'ignore_ament_install'
[0.817s] Level 1:colcon.colcon_core.package_identification:_identify(.) by extensions ['colcon_pkg']
[0.818s] Level 1:colcon.colcon_core.package_identification:_identify(.) by extension 'colcon_pkg'
[0.818s] Level 1:colcon.colcon_core.package_identification:_identify(.) by extensions ['colcon_meta']
[0.818s] Level 1:colcon.colcon_core.package_identification:_identify(.) by extension 'colcon_meta'
[0.818s] Level 1:colcon.colcon_core.package_identification:_identify(.) by extensions ['ros']
[0.818s] Level 1:colcon.colcon_core.package_identification:_identify(.) by extension 'ros'
[0.866s] Level 1:colcon.colcon_core.package_identification:_identify(.) by extensions ['cmake', 'python']
[0.866s] Level 1:colcon.colcon_core.package_identification:_identify(.) by extension 'cmake'
[0.866s] Level 1:colcon.colcon_core.package_identification:_identify(.) by extension 'python'
[0.866s] Level 1:colcon.colcon_core.package_identification:_identify(.) by extensions ['python_setup_py']
[0.866s] Level 1:colcon.colcon_core.package_identification:_identify(.) by extension 'python_setup_py'
[0.866s] Level 1:colcon.colcon_core.package_identification:_identify(build) by extensions ['ignore', 'ignore_ament_install']
[0.867s] Level 1:colcon.colcon_core.package_identification:_identify(build) by extension 'ignore'
[0.867s] Level 1:colcon.colcon_core.package_identification:_identify(build) ignored
[0.867s] Level 1:colcon.colcon_core.package_identification:_identify(install) by extensions ['ignore', 'ignore_ament_install']
[0.867s] Level 1:colcon.colcon_core.package_identification:_identify(install) by extension 'ignore'
[0.867s] Level 1:colcon.colcon_core.package_identification:_identify(install) ignored
[0.867s] Level 1:colcon.colcon_core.package_identification:_identify(log) by extensions ['ignore', 'ignore_ament_install']
[0.867s] Level 1:colcon.colcon_core.package_identification:_identify(log) by extension 'ignore'
[0.868s] Level 1:colcon.colcon_core.package_identification:_identify(log) ignored
[0.868s] Level 1:colcon.colcon_core.package_identification:_identify(src) by extensions ['ignore', 'ignore_ament_install']
[0.868s] Level 1:colcon.colcon_core.package_identification:_identify(src) by extension 'ignore'
[0.868s] Level 1:colcon.colcon_core.package_identification:_identify(src) by extension 'ignore_ament_install'
[0.868s] Level 1:colcon.colcon_core.package_identification:_identify(src) by extensions ['colcon_pkg']
[0.868s] Level 1:colcon.colcon_core.package_identification:_identify(src) by extension 'colcon_pkg'
[0.868s] Level 1:colcon.colcon_core.package_identification:_identify(src) by extensions ['colcon_meta']
[0.868s] Level 1:colcon.colcon_core.package_identification:_identify(src) by extension 'colcon_meta'
[0.868s] Level 1:colcon.colcon_core.package_identification:_identify(src) by extensions ['ros']
[0.868s] Level 1:colcon.colcon_core.package_identification:_identify(src) by extension 'ros'
[0.868s] Level 1:colcon.colcon_core.package_identification:_identify(src) by extensions ['cmake', 'python']
[0.868s] Level 1:colcon.colcon_core.package_identification:_identify(src) by extension 'cmake'
[0.868s] Level 1:colcon.colcon_core.package_identification:_identify(src) by extension 'python'
[0.868s] Level 1:colcon.colcon_core.package_identification:_identify(src) by extensions ['python_setup_py']
[0.869s] Level 1:colcon.colcon_core.package_identification:_identify(src) by extension 'python_setup_py'
[0.869s] Level 1:colcon.colcon_core.package_identification:_identify(src/cobot_py) by extensions ['ignore', 'ignore_ament_install']
[0.869s] Level 1:colcon.colcon_core.package_identification:_identify(src/cobot_py) by extension 'ignore'
[0.869s] Level 1:colcon.colcon_core.package_identification:_identify(src/cobot_py) by extension 'ignore_ament_install'
[0.869s] Level 1:colcon.colcon_core.package_identification:_identify(src/cobot_py) by extensions ['colcon_pkg']
[0.869s] Level 1:colcon.colcon_core.package_identification:_identify(src/cobot_py) by extension 'colcon_pkg'
[0.869s] Level 1:colcon.colcon_core.package_identification:_identify(src/cobot_py) by extensions ['colcon_meta']
[0.869s] Level 1:colcon.colcon_core.package_identification:_identify(src/cobot_py) by extension 'colcon_meta'
[0.869s] Level 1:colcon.colcon_core.package_identification:_identify(src/cobot_py) by extensions ['ros']
[0.869s] Level 1:colcon.colcon_core.package_identification:_identify(src/cobot_py) by extension 'ros'
[0.895s] DEBUG:colcon.colcon_core.package_identification:Package 'src/cobot_py' with type 'ros.ament_python' and name 'cobot_py'
[0.895s] Level 1:colcon.colcon_core.package_identification:_identify(src/log) by extensions ['ignore', 'ignore_ament_install']
[0.896s] Level 1:colcon.colcon_core.package_identification:_identify(src/log) by extension 'ignore'
[0.896s] Level 1:colcon.colcon_core.package_identification:_identify(src/log) ignored
[0.896s] Level 1:colcon.colcon_core.package_identification:_identify(src/my_cobot_bringup) by extensions ['ignore', 'ignore_ament_install']
[0.896s] Level 1:colcon.colcon_core.package_identification:_identify(src/my_cobot_bringup) by extension 'ignore'
[0.896s] Level 1:colcon.colcon_core.package_identification:_identify(src/my_cobot_bringup) by extension 'ignore_ament_install'
[0.896s] Level 1:colcon.colcon_core.package_identification:_identify(src/my_cobot_bringup) by extensions ['colcon_pkg']
[0.896s] Level 1:colcon.colcon_core.package_identification:_identify(src/my_cobot_bringup) by extension 'colcon_pkg'
[0.896s] Level 1:colcon.colcon_core.package_identification:_identify(src/my_cobot_bringup) by extensions ['colcon_meta']
[0.896s] Level 1:colcon.colcon_core.package_identification:_identify(src/my_cobot_bringup) by extension 'colcon_meta'
[0.897s] Level 1:colcon.colcon_core.package_identification:_identify(src/my_cobot_bringup) by extensions ['ros']
[0.897s] Level 1:colcon.colcon_core.package_identification:_identify(src/my_cobot_bringup) by extension 'ros'
[0.898s] DEBUG:colcon.colcon_core.package_identification:Package 'src/my_cobot_bringup' with type 'ros.ament_cmake' and name 'my_cobot_bringup'
[0.898s] Level 1:colcon.colcon_core.package_identification:_identify(src/my_cobot_description) by extensions ['ignore', 'ignore_ament_install']
[0.898s] Level 1:colcon.colcon_core.package_identification:_identify(src/my_cobot_description) by extension 'ignore'
[0.898s] Level 1:colcon.colcon_core.package_identification:_identify(src/my_cobot_description) by extension 'ignore_ament_install'
[0.898s] Level 1:colcon.colcon_core.package_identification:_identify(src/my_cobot_description) by extensions ['colcon_pkg']
[0.898s] Level 1:colcon.colcon_core.package_identification:_identify(src/my_cobot_description) by extension 'colcon_pkg'
[0.898s] Level 1:colcon.colcon_core.package_identification:_identify(src/my_cobot_description) by extensions ['colcon_meta']
[0.898s] Level 1:colcon.colcon_core.package_identification:_identify(src/my_cobot_description) by extension 'colcon_meta'
[0.898s] Level 1:colcon.colcon_core.package_identification:_identify(src/my_cobot_description) by extensions ['ros']
[0.898s] Level 1:colcon.colcon_core.package_identification:_identify(src/my_cobot_description) by extension 'ros'
[0.899s] DEBUG:colcon.colcon_core.package_identification:Package 'src/my_cobot_description' with type 'ros.ament_cmake' and name 'my_cobot_description'
[0.899s] Level 1:colcon.colcon_core.package_discovery:discover_packages(recursive) using defaults
[0.899s] Level 1:colcon.colcon_core.package_discovery:discover_packages(ignore) discover
[0.899s] Level 1:colcon.colcon_core.package_discovery:discover_packages(ignore) using defaults
[0.899s] Level 1:colcon.colcon_core.package_discovery:discover_packages(path) discover
[0.899s] Level 1:colcon.colcon_core.package_discovery:discover_packages(path) using defaults
[0.960s] Level 1:colcon.colcon_core.package_discovery:discover_packages(prefix_path) check parameters
[0.960s] Level 1:colcon.colcon_core.package_discovery:discover_packages(prefix_path) discover
[0.963s] DEBUG:colcon.colcon_installed_package_information.package_discovery:Found 3 installed packages in /home/moose/ros2_ws/install
[0.965s] DEBUG:colcon.colcon_installed_package_information.package_discovery:Found 422 installed packages in /opt/ros/humble
[0.969s] Level 1:colcon.colcon_core.package_discovery:discover_packages(prefix_path) using defaults
[1.116s] Level 5:colcon.colcon_core.verb:set package 'cobot_py' build argument 'cmake_args' from command line to 'None'
[1.116s] Level 5:colcon.colcon_core.verb:set package 'cobot_py' build argument 'cmake_target' from command line to 'None'
[1.116s] Level 5:colcon.colcon_core.verb:set package 'cobot_py' build argument 'cmake_target_skip_unavailable' from command line to 'False'
[1.116s] Level 5:colcon.colcon_core.verb:set package 'cobot_py' build argument 'cmake_clean_cache' from command line to 'False'
[1.116s] Level 5:colcon.colcon_core.verb:set package 'cobot_py' build argument 'cmake_clean_first' from command line to 'False'
[1.116s] Level 5:colcon.colcon_core.verb:set package 'cobot_py' build argument 'cmake_force_configure' from command line to 'False'
[1.116s] Level 5:colcon.colcon_core.verb:set package 'cobot_py' build argument 'ament_cmake_args' from command line to 'None'
[1.116s] Level 5:colcon.colcon_core.verb:set package 'cobot_py' build argument 'catkin_cmake_args' from command line to 'None'
[1.117s] Level 5:colcon.colcon_core.verb:set package 'cobot_py' build argument 'catkin_skip_building_tests' from command line to 'False'
[1.117s] DEBUG:colcon.colcon_core.verb:Building package 'cobot_py' with the following arguments: {'ament_cmake_args': None, 'build_base': '/home/moose/ros2_ws/build/cobot_py', 'catkin_cmake_args': None, 'catkin_skip_building_tests': False, 'cmake_args': None, 'cmake_clean_cache': False, 'cmake_clean_first': False, 'cmake_force_configure': False, 'cmake_target': None, 'cmake_target_skip_unavailable': False, 'install_base': '/home/moose/ros2_ws/install/cobot_py', 'merge_install': False, 'path': '/home/moose/ros2_ws/src/cobot_py', 'symlink_install': False, 'test_result_base': None}
[1.118s] Level 5:colcon.colcon_core.verb:set package 'my_cobot_bringup' build argument 'cmake_args' from command line to 'None'
[1.118s] Level 5:colcon.colcon_core.verb:set package 'my_cobot_bringup' build argument 'cmake_target' from command line to 'None'
[1.118s] Level 5:colcon.colcon_core.verb:set package 'my_cobot_bringup' build argument 'cmake_target_skip_unavailable' from command line to 'False'
[1.118s] Level 5:colcon.colcon_core.verb:set package 'my_cobot_bringup' build argument 'cmake_clean_cache' from command line to 'False'
[1.118s] Level 5:colcon.colcon_core.verb:set package 'my_cobot_bringup' build argument 'cmake_clean_first' from command line to 'False'
[1.118s] Level 5:colcon.colcon_core.verb:set package 'my_cobot_bringup' build argument 'cmake_force_configure' from command line to 'False'
[1.118s] Level 5:colcon.colcon_core.verb:set package 'my_cobot_bringup' build argument 'ament_cmake_args' from command line to 'None'
[1.118s] Level 5:colcon.colcon_core.verb:set package 'my_cobot_bringup' build argument 'catkin_cmake_args' from command line to 'None'
[1.118s] Level 5:colcon.colcon_core.verb:set package 'my_cobot_bringup' build argument 'catkin_skip_building_tests' from command line to 'False'
[1.118s] DEBUG:colcon.colcon_core.verb:Building package 'my_cobot_bringup' with the following arguments: {'ament_cmake_args': None, 'build_base': '/home/moose/ros2_ws/build/my_cobot_bringup', 'catkin_cmake_args': None, 'catkin_skip_building_tests': False, 'cmake_args': None, 'cmake_clean_cache': False, 'cmake_clean_first': False, 'cmake_force_configure': False, 'cmake_target': None, 'cmake_target_skip_unavailable': False, 'install_base': '/home/moose/ros2_ws/install/my_cobot_bringup', 'merge_install': False, 'path': '/home/moose/ros2_ws/src/my_cobot_bringup', 'symlink_install': False, 'test_result_base': None}
[1.119s] Level 5:colcon.colcon_core.verb:set package 'my_cobot_description' build argument 'cmake_args' from command line to 'None'
[1.119s] Level 5:colcon.colcon_core.verb:set package 'my_cobot_description' build argument 'cmake_target' from command line to 'None'
[1.120s] Level 5:colcon.colcon_core.verb:set package 'my_cobot_description' build argument 'cmake_target_skip_unavailable' from command line to 'False'
[1.120s] Level 5:colcon.colcon_core.verb:set package 'my_cobot_description' build argument 'cmake_clean_cache' from command line to 'False'
[1.120s] Level 5:colcon.colcon_core.verb:set package 'my_cobot_description' build argument 'cmake_clean_first' from command line to 'False'
[1.120s] Level 5:colcon.colcon_core.verb:set package 'my_cobot_description' build argument 'cmake_force_configure' from command line to 'False'
[1.120s] Level 5:colcon.colcon_core.verb:set package 'my_cobot_description' build argument 'ament_cmake_args' from command line to 'None'
[1.120s] Level 5:colcon.colcon_core.verb:set package 'my_cobot_description' build argument 'catkin_cmake_args' from command line to 'None'
[1.120s] Level 5:colcon.colcon_core.verb:set package 'my_cobot_description' build argument 'catkin_skip_building_tests' from command line to 'False'
[1.120s] DEBUG:colcon.colcon_core.verb:Building package 'my_cobot_description' with the following arguments: {'ament_cmake_args': None, 'build_base': '/home/moose/ros2_ws/build/my_cobot_description', 'catkin_cmake_args': None, 'catkin_skip_building_tests': False, 'cmake_args': None, 'cmake_clean_cache': False, 'cmake_clean_first': False, 'cmake_force_configure': False, 'cmake_target': None, 'cmake_target_skip_unavailable': False, 'install_base': '/home/moose/ros2_ws/install/my_cobot_description', 'merge_install': False, 'path': '/home/moose/ros2_ws/src/my_cobot_description', 'symlink_install': False, 'test_result_base': None}
[1.120s] INFO:colcon.colcon_core.executor:Executing jobs using 'parallel' executor
[1.122s] DEBUG:colcon.colcon_parallel_executor.executor.parallel:run_until_complete
[1.122s] INFO:colcon.colcon_ros.task.ament_python.build:Building ROS package in '/home/moose/ros2_ws/src/cobot_py' with build type 'ament_python'
[1.122s] Level 1:colcon.colcon_core.shell:create_environment_hook('cobot_py', 'ament_prefix_path')
[1.126s] INFO:colcon.colcon_core.plugin_system:Skipping extension 'colcon_core.shell.bat': Not used on non-Windows systems
[1.126s] INFO:colcon.colcon_core.shell:Creating environment hook '/home/moose/ros2_ws/install/cobot_py/share/cobot_py/hook/ament_prefix_path.ps1'
[1.127s] INFO:colcon.colcon_core.shell:Creating environment descriptor '/home/moose/ros2_ws/install/cobot_py/share/cobot_py/hook/ament_prefix_path.dsv'
[1.129s] INFO:colcon.colcon_core.shell:Creating environment hook '/home/moose/ros2_ws/install/cobot_py/share/cobot_py/hook/ament_prefix_path.sh'
[1.130s] INFO:colcon.colcon_core.shell:Skip shell extension 'powershell' for command environment: Not usable outside of PowerShell
[1.130s] DEBUG:colcon.colcon_core.shell:Skip shell extension 'dsv' for command environment
[1.137s] INFO:colcon.colcon_ros.task.ament_cmake.build:Building ROS package in '/home/moose/ros2_ws/src/my_cobot_bringup' with build type 'ament_cmake'
[1.137s] INFO:colcon.colcon_cmake.task.cmake.build:Building CMake package in '/home/moose/ros2_ws/src/my_cobot_bringup'
[1.138s] INFO:colcon.colcon_core.shell:Skip shell extension 'powershell' for command environment: Not usable outside of PowerShell
[1.138s] DEBUG:colcon.colcon_core.shell:Skip shell extension 'dsv' for command environment
[1.146s] INFO:colcon.colcon_ros.task.ament_cmake.build:Building ROS package in '/home/moose/ros2_ws/src/my_cobot_description' with build type 'ament_cmake'
[1.148s] INFO:colcon.colcon_cmake.task.cmake.build:Building CMake package in '/home/moose/ros2_ws/src/my_cobot_description'
[1.149s] INFO:colcon.colcon_core.shell:Skip shell extension 'powershell' for command environment: Not usable outside of PowerShell
[1.149s] DEBUG:colcon.colcon_core.shell:Skip shell extension 'dsv' for command environment
[2.018s] INFO:colcon.colcon_core.task.python.build:Building Python package in '/home/moose/ros2_ws/src/cobot_py'
[2.019s] INFO:colcon.colcon_core.shell:Skip shell extension 'powershell' for command environment: Not usable outside of PowerShell
[2.019s] DEBUG:colcon.colcon_core.shell:Skip shell extension 'dsv' for command environment
[2.033s] DEBUG:colcon.colcon_core.event_handler.log_command:Invoking command in '/home/moose/ros2_ws/build/my_cobot_bringup': CMAKE_PREFIX_PATH=${CMAKE_PREFIX_PATH}:/home/moose/ros2_ws/install/cobot_py:/opt/ros/humble /usr/bin/cmake --build /home/moose/ros2_ws/build/my_cobot_bringup -- -j4 -l4
[2.074s] DEBUG:colcon.colcon_core.event_handler.log_command:Invoking command in '/home/moose/ros2_ws/build/my_cobot_description': CMAKE_PREFIX_PATH=${CMAKE_PREFIX_PATH}:/home/moose/ros2_ws/install/cobot_py:/opt/ros/humble /usr/bin/cmake --build /home/moose/ros2_ws/build/my_cobot_description -- -j4 -l4
[2.180s] DEBUG:colcon.colcon_core.event_handler.log_command:Invoked command in '/home/moose/ros2_ws/build/my_cobot_bringup' returned '0': CMAKE_PREFIX_PATH=${CMAKE_PREFIX_PATH}:/home/moose/ros2_ws/install/cobot_py:/opt/ros/humble /usr/bin/cmake --build /home/moose/ros2_ws/build/my_cobot_bringup -- -j4 -l4
[2.223s] DEBUG:colcon.colcon_core.event_handler.log_command:Invoked command in '/home/moose/ros2_ws/build/my_cobot_description' returned '0': CMAKE_PREFIX_PATH=${CMAKE_PREFIX_PATH}:/home/moose/ros2_ws/install/cobot_py:/opt/ros/humble /usr/bin/cmake --build /home/moose/ros2_ws/build/my_cobot_description -- -j4 -l4
[2.319s] DEBUG:colcon.colcon_core.event_handler.log_command:Invoking command in '/home/moose/ros2_ws/build/my_cobot_bringup': CMAKE_PREFIX_PATH=${CMAKE_PREFIX_PATH}:/home/moose/ros2_ws/install/cobot_py:/opt/ros/humble /usr/bin/cmake --install /home/moose/ros2_ws/build/my_cobot_bringup
[2.326s] DEBUG:colcon.colcon_core.event_handler.log_command:Invoking command in '/home/moose/ros2_ws/build/my_cobot_description': CMAKE_PREFIX_PATH=${CMAKE_PREFIX_PATH}:/home/moose/ros2_ws/install/cobot_py:/opt/ros/humble /usr/bin/cmake --install /home/moose/ros2_ws/build/my_cobot_description
[2.348s] Level 1:colcon.colcon_core.environment:create_environment_scripts_only(my_cobot_bringup)
[2.380s] DEBUG:colcon.colcon_core.event_handler.log_command:Invoked command in '/home/moose/ros2_ws/build/my_cobot_bringup' returned '0': CMAKE_PREFIX_PATH=${CMAKE_PREFIX_PATH}:/home/moose/ros2_ws/install/cobot_py:/opt/ros/humble /usr/bin/cmake --install /home/moose/ros2_ws/build/my_cobot_bringup
[2.387s] Level 1:colcon.colcon_core.environment:checking '/home/moose/ros2_ws/install/my_cobot_bringup' for CMake module files
[2.391s] Level 1:colcon.colcon_core.environment:checking '/home/moose/ros2_ws/install/my_cobot_bringup' for CMake config files
[2.392s] Level 1:colcon.colcon_core.shell:create_environment_hook('my_cobot_bringup', 'cmake_prefix_path')
[2.393s] INFO:colcon.colcon_core.shell:Creating environment hook '/home/moose/ros2_ws/install/my_cobot_bringup/share/my_cobot_bringup/hook/cmake_prefix_path.ps1'
[2.395s] INFO:colcon.colcon_core.shell:Creating environment descriptor '/home/moose/ros2_ws/install/my_cobot_bringup/share/my_cobot_bringup/hook/cmake_prefix_path.dsv'
[2.396s] INFO:colcon.colcon_core.shell:Creating environment hook '/home/moose/ros2_ws/install/my_cobot_bringup/share/my_cobot_bringup/hook/cmake_prefix_path.sh'
[2.398s] Level 1:colcon.colcon_core.environment:checking '/home/moose/ros2_ws/install/my_cobot_bringup/bin'
[2.398s] Level 1:colcon.colcon_core.environment:checking '/home/moose/ros2_ws/install/my_cobot_bringup/lib/pkgconfig/my_cobot_bringup.pc'
[2.399s] Level 1:colcon.colcon_core.environment:checking '/home/moose/ros2_ws/install/my_cobot_bringup/lib/python3.10/site-packages'
[2.399s] Level 1:colcon.colcon_core.environment:checking '/home/moose/ros2_ws/install/my_cobot_bringup/bin'
[2.400s] INFO:colcon.colcon_core.shell:Creating package script '/home/moose/ros2_ws/install/my_cobot_bringup/share/my_cobot_bringup/package.ps1'
[2.403s] INFO:colcon.colcon_core.shell:Creating package descriptor '/home/moose/ros2_ws/install/my_cobot_bringup/share/my_cobot_bringup/package.dsv'
[2.404s] INFO:colcon.colcon_core.shell:Creating package script '/home/moose/ros2_ws/install/my_cobot_bringup/share/my_cobot_bringup/package.sh'
[2.406s] INFO:colcon.colcon_core.shell:Creating package script '/home/moose/ros2_ws/install/my_cobot_bringup/share/my_cobot_bringup/package.bash'
[2.407s] INFO:colcon.colcon_core.shell:Creating package script '/home/moose/ros2_ws/install/my_cobot_bringup/share/my_cobot_bringup/package.zsh'
[2.409s] Level 1:colcon.colcon_core.environment:create_file_with_runtime_dependencies(/home/moose/ros2_ws/install/my_cobot_bringup/share/colcon-core/packages/my_cobot_bringup)
[2.412s] Level 1:colcon.colcon_core.environment:create_environment_scripts_only(my_cobot_description)
[2.413s] Level 1:colcon.colcon_core.environment:checking '/home/moose/ros2_ws/install/my_cobot_description' for CMake module files
[2.414s] Level 1:colcon.colcon_core.environment:checking '/home/moose/ros2_ws/install/my_cobot_description' for CMake config files
[2.415s] DEBUG:colcon.colcon_core.event_handler.log_command:Invoked command in '/home/moose/ros2_ws/build/my_cobot_description' returned '0': CMAKE_PREFIX_PATH=${CMAKE_PREFIX_PATH}:/home/moose/ros2_ws/install/cobot_py:/opt/ros/humble /usr/bin/cmake --install /home/moose/ros2_ws/build/my_cobot_description
[2.416s] Level 1:colcon.colcon_core.shell:create_environment_hook('my_cobot_description', 'cmake_prefix_path')
[2.417s] INFO:colcon.colcon_core.shell:Creating environment hook '/home/moose/ros2_ws/install/my_cobot_description/share/my_cobot_description/hook/cmake_prefix_path.ps1'
[2.418s] INFO:colcon.colcon_core.shell:Creating environment descriptor '/home/moose/ros2_ws/install/my_cobot_description/share/my_cobot_description/hook/cmake_prefix_path.dsv'
[2.419s] INFO:colcon.colcon_core.shell:Creating environment hook '/home/moose/ros2_ws/install/my_cobot_description/share/my_cobot_description/hook/cmake_prefix_path.sh'
[2.420s] Level 1:colcon.colcon_core.environment:checking '/home/moose/ros2_ws/install/my_cobot_description/bin'
[2.421s] Level 1:colcon.colcon_core.environment:checking '/home/moose/ros2_ws/install/my_cobot_description/lib/pkgconfig/my_cobot_description.pc'
[2.422s] Level 1:colcon.colcon_core.environment:checking '/home/moose/ros2_ws/install/my_cobot_description/lib/python3.10/site-packages'
[2.423s] Level 1:colcon.colcon_core.environment:checking '/home/moose/ros2_ws/install/my_cobot_description/bin'
[2.424s] INFO:colcon.colcon_core.shell:Creating package script '/home/moose/ros2_ws/install/my_cobot_description/share/my_cobot_description/package.ps1'
[2.425s] INFO:colcon.colcon_core.shell:Creating package descriptor '/home/moose/ros2_ws/install/my_cobot_description/share/my_cobot_description/package.dsv'
[2.429s] INFO:colcon.colcon_core.shell:Creating package script '/home/moose/ros2_ws/install/my_cobot_description/share/my_cobot_description/package.sh'
[2.430s] INFO:colcon.colcon_core.shell:Creating package script '/home/moose/ros2_ws/install/my_cobot_description/share/my_cobot_description/package.bash'
[2.431s] INFO:colcon.colcon_core.shell:Creating package script '/home/moose/ros2_ws/install/my_cobot_description/share/my_cobot_description/package.zsh'
[2.432s] Level 1:colcon.colcon_core.environment:create_file_with_runtime_dependencies(/home/moose/ros2_ws/install/my_cobot_description/share/colcon-core/packages/my_cobot_description)
[2.505s] Level 1:colcon.colcon_core.environment:create_environment_scripts_only(my_cobot_bringup)
[2.505s] Level 1:colcon.colcon_core.environment:checking '/home/moose/ros2_ws/install/my_cobot_bringup' for CMake module files
[2.507s] Level 1:colcon.colcon_core.environment:checking '/home/moose/ros2_ws/install/my_cobot_bringup' for CMake config files
[2.508s] Level 1:colcon.colcon_core.shell:create_environment_hook('my_cobot_bringup', 'cmake_prefix_path')
[2.508s] INFO:colcon.colcon_core.shell:Creating environment hook '/home/moose/ros2_ws/install/my_cobot_bringup/share/my_cobot_bringup/hook/cmake_prefix_path.ps1'
[2.510s] INFO:colcon.colcon_core.shell:Creating environment descriptor '/home/moose/ros2_ws/install/my_cobot_bringup/share/my_cobot_bringup/hook/cmake_prefix_path.dsv'
[2.511s] INFO:colcon.colcon_core.shell:Creating environment hook '/home/moose/ros2_ws/install/my_cobot_bringup/share/my_cobot_bringup/hook/cmake_prefix_path.sh'
[2.512s] Level 1:colcon.colcon_core.environment:checking '/home/moose/ros2_ws/install/my_cobot_bringup/bin'
[2.513s] Level 1:colcon.colcon_core.environment:checking '/home/moose/ros2_ws/install/my_cobot_bringup/lib/pkgconfig/my_cobot_bringup.pc'
[2.541s] Level 1:colcon.colcon_core.environment:checking '/home/moose/ros2_ws/install/my_cobot_bringup/lib/python3.10/site-packages'
[2.543s] Level 1:colcon.colcon_core.environment:checking '/home/moose/ros2_ws/install/my_cobot_bringup/bin'
[2.544s] INFO:colcon.colcon_core.shell:Creating package script '/home/moose/ros2_ws/install/my_cobot_bringup/share/my_cobot_bringup/package.ps1'
[2.546s] INFO:colcon.colcon_core.shell:Creating package descriptor '/home/moose/ros2_ws/install/my_cobot_bringup/share/my_cobot_bringup/package.dsv'
[2.547s] INFO:colcon.colcon_core.shell:Creating package script '/home/moose/ros2_ws/install/my_cobot_bringup/share/my_cobot_bringup/package.sh'
[2.548s] INFO:colcon.colcon_core.shell:Creating package script '/home/moose/ros2_ws/install/my_cobot_bringup/share/my_cobot_bringup/package.bash'
[2.549s] INFO:colcon.colcon_core.shell:Creating package script '/home/moose/ros2_ws/install/my_cobot_bringup/share/my_cobot_bringup/package.zsh'
[2.550s] Level 1:colcon.colcon_core.environment:create_file_with_runtime_dependencies(/home/moose/ros2_ws/install/my_cobot_bringup/share/colcon-core/packages/my_cobot_bringup)
[2.553s] Level 1:colcon.colcon_core.environment:create_environment_scripts_only(my_cobot_description)
[2.554s] Level 1:colcon.colcon_core.environment:checking '/home/moose/ros2_ws/install/my_cobot_description' for CMake module files
[2.556s] Level 1:colcon.colcon_core.environment:checking '/home/moose/ros2_ws/install/my_cobot_description' for CMake config files
[2.557s] Level 1:colcon.colcon_core.shell:create_environment_hook('my_cobot_description', 'cmake_prefix_path')
[2.558s] INFO:colcon.colcon_core.shell:Creating environment hook '/home/moose/ros2_ws/install/my_cobot_description/share/my_cobot_description/hook/cmake_prefix_path.ps1'
[2.560s] INFO:colcon.colcon_core.shell:Creating environment descriptor '/home/moose/ros2_ws/install/my_cobot_description/share/my_cobot_description/hook/cmake_prefix_path.dsv'
[2.560s] INFO:colcon.colcon_core.shell:Creating environment hook '/home/moose/ros2_ws/install/my_cobot_description/share/my_cobot_description/hook/cmake_prefix_path.sh'
[2.561s] Level 1:colcon.colcon_core.environment:checking '/home/moose/ros2_ws/install/my_cobot_description/bin'
[2.561s] Level 1:colcon.colcon_core.environment:checking '/home/moose/ros2_ws/install/my_cobot_description/lib/pkgconfig/my_cobot_description.pc'
[2.562s] Level 1:colcon.colcon_core.environment:checking '/home/moose/ros2_ws/install/my_cobot_description/lib/python3.10/site-packages'
[2.562s] Level 1:colcon.colcon_core.environment:checking '/home/moose/ros2_ws/install/my_cobot_description/bin'
[2.562s] INFO:colcon.colcon_core.shell:Creating package script '/home/moose/ros2_ws/install/my_cobot_description/share/my_cobot_description/package.ps1'
[2.563s] INFO:colcon.colcon_core.shell:Creating package descriptor '/home/moose/ros2_ws/install/my_cobot_description/share/my_cobot_description/package.dsv'
[2.564s] INFO:colcon.colcon_core.shell:Creating package script '/home/moose/ros2_ws/install/my_cobot_description/share/my_cobot_description/package.sh'
[2.566s] INFO:colcon.colcon_core.shell:Creating package script '/home/moose/ros2_ws/install/my_cobot_description/share/my_cobot_description/package.bash'
[2.566s] INFO:colcon.colcon_core.shell:Creating package script '/home/moose/ros2_ws/install/my_cobot_description/share/my_cobot_description/package.zsh'
[2.568s] Level 1:colcon.colcon_core.environment:create_file_with_runtime_dependencies(/home/moose/ros2_ws/install/my_cobot_description/share/colcon-core/packages/my_cobot_description)
[3.560s] DEBUG:colcon.colcon_core.event_handler.log_command:Invoking command in '/home/moose/ros2_ws/src/cobot_py': PYTHONPATH=/home/moose/ros2_ws/build/cobot_py/prefix_override:/home/moose/ros2_ws/install/cobot_py/lib/python3.10/site-packages:${PYTHONPATH} /usr/bin/python3 -W ignore:setup.py install is deprecated setup.py egg_info --egg-base ../../build/cobot_py build --build-base /home/moose/ros2_ws/build/cobot_py/build install --record /home/moose/ros2_ws/build/cobot_py/install.log --single-version-externally-managed install_data
[4.623s] Level 1:colcon.colcon_core.environment:checking '/home/moose/ros2_ws/install/cobot_py' for CMake module files
[4.624s] DEBUG:colcon.colcon_core.event_handler.log_command:Invoked command in '/home/moose/ros2_ws/src/cobot_py' returned '0': PYTHONPATH=/home/moose/ros2_ws/build/cobot_py/prefix_override:/home/moose/ros2_ws/install/cobot_py/lib/python3.10/site-packages:${PYTHONPATH} /usr/bin/python3 -W ignore:setup.py install is deprecated setup.py egg_info --egg-base ../../build/cobot_py build --build-base /home/moose/ros2_ws/build/cobot_py/build install --record /home/moose/ros2_ws/build/cobot_py/install.log --single-version-externally-managed install_data
[4.625s] Level 1:colcon.colcon_core.environment:checking '/home/moose/ros2_ws/install/cobot_py' for CMake config files
[4.626s] Level 1:colcon.colcon_core.environment:checking '/home/moose/ros2_ws/install/cobot_py/lib'
[4.627s] Level 1:colcon.colcon_core.environment:checking '/home/moose/ros2_ws/install/cobot_py/bin'
[4.627s] Level 1:colcon.colcon_core.environment:checking '/home/moose/ros2_ws/install/cobot_py/lib/pkgconfig/cobot_py.pc'
[4.627s] Level 1:colcon.colcon_core.environment:checking '/home/moose/ros2_ws/install/cobot_py/lib/python3.10/site-packages'
[4.627s] Level 1:colcon.colcon_core.shell:create_environment_hook('cobot_py', 'pythonpath')
[4.628s] INFO:colcon.colcon_core.shell:Creating environment hook '/home/moose/ros2_ws/install/cobot_py/share/cobot_py/hook/pythonpath.ps1'
[4.628s] INFO:colcon.colcon_core.shell:Creating environment descriptor '/home/moose/ros2_ws/install/cobot_py/share/cobot_py/hook/pythonpath.dsv'
[4.629s] INFO:colcon.colcon_core.shell:Creating environment hook '/home/moose/ros2_ws/install/cobot_py/share/cobot_py/hook/pythonpath.sh'
[4.630s] Level 1:colcon.colcon_core.environment:checking '/home/moose/ros2_ws/install/cobot_py/bin'
[4.630s] Level 1:colcon.colcon_core.environment:create_environment_scripts_only(cobot_py)
[4.630s] INFO:colcon.colcon_core.shell:Creating package script '/home/moose/ros2_ws/install/cobot_py/share/cobot_py/package.ps1'
[4.631s] INFO:colcon.colcon_core.shell:Creating package descriptor '/home/moose/ros2_ws/install/cobot_py/share/cobot_py/package.dsv'
[4.632s] INFO:colcon.colcon_core.shell:Creating package script '/home/moose/ros2_ws/install/cobot_py/share/cobot_py/package.sh'
[4.633s] INFO:colcon.colcon_core.shell:Creating package script '/home/moose/ros2_ws/install/cobot_py/share/cobot_py/package.bash'
[4.634s] INFO:colcon.colcon_core.shell:Creating package script '/home/moose/ros2_ws/install/cobot_py/share/cobot_py/package.zsh'
[4.634s] Level 1:colcon.colcon_core.environment:create_file_with_runtime_dependencies(/home/moose/ros2_ws/install/cobot_py/share/colcon-core/packages/cobot_py)
[4.635s] DEBUG:colcon.colcon_parallel_executor.executor.parallel:closing loop
[4.635s] DEBUG:colcon.colcon_parallel_executor.executor.parallel:loop closed
[4.635s] DEBUG:colcon.colcon_parallel_executor.executor.parallel:run_until_complete finished with '0'
[4.636s] DEBUG:colcon.colcon_core.event_reactor:joining thread
[4.646s] INFO:colcon.colcon_core.plugin_system:Skipping extension 'colcon_notification.desktop_notification.terminal_notifier': Not used on non-Darwin systems
[4.646s] INFO:colcon.colcon_core.plugin_system:Skipping extension 'colcon_notification.desktop_notification.win32': Not used on non-Windows systems
[4.646s] INFO:colcon.colcon_notification.desktop_notification:Sending desktop notification using 'notify2'
[4.692s] DEBUG:colcon.colcon_core.event_reactor:joined thread
[4.693s] INFO:colcon.colcon_core.shell:Creating prefix script '/home/moose/ros2_ws/install/local_setup.ps1'
[4.694s] INFO:colcon.colcon_core.shell:Creating prefix util module '/home/moose/ros2_ws/install/_local_setup_util_ps1.py'
[4.697s] INFO:colcon.colcon_core.shell:Creating prefix chain script '/home/moose/ros2_ws/install/setup.ps1'
[4.699s] INFO:colcon.colcon_core.shell:Creating prefix script '/home/moose/ros2_ws/install/local_setup.sh'
[4.701s] INFO:colcon.colcon_core.shell:Creating prefix util module '/home/moose/ros2_ws/install/_local_setup_util_sh.py'
[4.702s] INFO:colcon.colcon_core.shell:Creating prefix chain script '/home/moose/ros2_ws/install/setup.sh'
[4.704s] INFO:colcon.colcon_core.shell:Creating prefix script '/home/moose/ros2_ws/install/local_setup.bash'
[4.705s] INFO:colcon.colcon_core.shell:Creating prefix chain script '/home/moose/ros2_ws/install/setup.bash'
[4.706s] INFO:colcon.colcon_core.shell:Creating prefix script '/home/moose/ros2_ws/install/local_setup.zsh'
[4.707s] INFO:colcon.colcon_core.shell:Creating prefix chain script '/home/moose/ros2_ws/install/setup.zsh'
