[0.805s] Invoking command in '/home/moose/ros2_ws/build/my_cobot_description': CMAKE_PREFIX_PATH=${CMAKE_PREFIX_PATH}:/home/moose/ros2_ws/install/cobot_py:/opt/ros/humble /usr/bin/cmake --build /home/moose/ros2_ws/build/my_cobot_description -- -j4 -l4
[1.022s] Invoked command in '/home/moose/ros2_ws/build/my_cobot_description' returned '0': CMAKE_PREFIX_PATH=${CMAKE_PREFIX_PATH}:/home/moose/ros2_ws/install/cobot_py:/opt/ros/humble /usr/bin/cmake --build /home/moose/ros2_ws/build/my_cobot_description -- -j4 -l4
[1.097s] Invoking command in '/home/moose/ros2_ws/build/my_cobot_description': CMAKE_PREFIX_PATH=${CMAKE_PREFIX_PATH}:/home/moose/ros2_ws/install/cobot_py:/opt/ros/humble /usr/bin/cmake --install /home/moose/ros2_ws/build/my_cobot_description
[1.151s] -- Install configuration: ""
[1.151s] -- Up-to-date: /home/moose/ros2_ws/install/my_cobot_description/share/my_cobot_description/urdf
[1.151s] -- Installing: /home/moose/ros2_ws/install/my_cobot_description/share/my_cobot_description/urdf/cobot_arm.xacro
[1.152s] -- Up-to-date: /home/moose/ros2_ws/install/my_cobot_description/share/my_cobot_description/urdf/cobot_arm_gazebo.xacro
[1.153s] -- Up-to-date: /home/moose/ros2_ws/install/my_cobot_description/share/my_cobot_description/urdf/common_properties.xacro
[1.154s] -- Up-to-date: /home/moose/ros2_ws/install/my_cobot_description/share/my_cobot_description/urdf/cobot.urdf.xacro
[1.154s] -- Up-to-date: /home/moose/ros2_ws/install/my_cobot_description/share/ament_index/resource_index/package_run_dependencies/my_cobot_description
[1.154s] -- Up-to-date: /home/moose/ros2_ws/install/my_cobot_description/share/ament_index/resource_index/parent_prefix_path/my_cobot_description
[1.154s] -- Up-to-date: /home/moose/ros2_ws/install/my_cobot_description/share/my_cobot_description/environment/ament_prefix_path.sh
[1.155s] -- Up-to-date: /home/moose/ros2_ws/install/my_cobot_description/share/my_cobot_description/environment/ament_prefix_path.dsv
[1.155s] -- Up-to-date: /home/moose/ros2_ws/install/my_cobot_description/share/my_cobot_description/environment/path.sh
[1.155s] -- Up-to-date: /home/moose/ros2_ws/install/my_cobot_description/share/my_cobot_description/environment/path.dsv
[1.156s] -- Up-to-date: /home/moose/ros2_ws/install/my_cobot_description/share/my_cobot_description/local_setup.bash
[1.156s] -- Up-to-date: /home/moose/ros2_ws/install/my_cobot_description/share/my_cobot_description/local_setup.sh
[1.156s] -- Up-to-date: /home/moose/ros2_ws/install/my_cobot_description/share/my_cobot_description/local_setup.zsh
[1.163s] -- Up-to-date: /home/moose/ros2_ws/install/my_cobot_description/share/my_cobot_description/local_setup.dsv
[1.164s] -- Installing: /home/moose/ros2_ws/install/my_cobot_description/share/my_cobot_description/package.dsv
[1.170s] -- Up-to-date: /home/moose/ros2_ws/install/my_cobot_description/share/ament_index/resource_index/packages/my_cobot_description
[1.170s] -- Up-to-date: /home/moose/ros2_ws/install/my_cobot_description/share/my_cobot_description/cmake/my_cobot_descriptionConfig.cmake
[1.171s] -- Up-to-date: /home/moose/ros2_ws/install/my_cobot_description/share/my_cobot_description/cmake/my_cobot_descriptionConfig-version.cmake
[1.171s] -- Up-to-date: /home/moose/ros2_ws/install/my_cobot_description/share/my_cobot_description/package.xml
[1.195s] Invoked command in '/home/moose/ros2_ws/build/my_cobot_description' returned '0': CMAKE_PREFIX_PATH=${CMAKE_PREFIX_PATH}:/home/moose/ros2_ws/install/cobot_py:/opt/ros/humble /usr/bin/cmake --install /home/moose/ros2_ws/build/my_cobot_description
