[4.760s] Invoking command in '/home/moose/ros2_ws/src/cobot_py': PYTHONPATH=/home/moose/ros2_ws/build/cobot_py/prefix_override:/home/moose/ros2_ws/install/cobot_py/lib/python3.10/site-packages:${PYTHONPATH} /usr/bin/python3 -W ignore:setup.py install is deprecated setup.py egg_info --egg-base ../../build/cobot_py build --build-base /home/moose/ros2_ws/build/cobot_py/build install --record /home/moose/ros2_ws/build/cobot_py/install.log --single-version-externally-managed install_data
[5.895s] running egg_info
[5.898s] writing ../../build/cobot_py/cobot_py.egg-info/PKG-INFO
[5.898s] writing dependency_links to ../../build/cobot_py/cobot_py.egg-info/dependency_links.txt
[5.899s] writing entry points to ../../build/cobot_py/cobot_py.egg-info/entry_points.txt
[5.925s] writing requirements to ../../build/cobot_py/cobot_py.egg-info/requires.txt
[5.925s] writing top-level names to ../../build/cobot_py/cobot_py.egg-info/top_level.txt
[5.929s] reading manifest file '../../build/cobot_py/cobot_py.egg-info/SOURCES.txt'
[5.931s] writing manifest file '../../build/cobot_py/cobot_py.egg-info/SOURCES.txt'
[5.931s] running build
[5.932s] running build_py
[5.932s] copying cobot_py/move_arm.py -> /home/moose/ros2_ws/build/cobot_py/build/lib/cobot_py
[5.932s] running install
[5.933s] running install_lib
[5.934s] copying /home/moose/ros2_ws/build/cobot_py/build/lib/cobot_py/move_arm.py -> /home/moose/ros2_ws/install/cobot_py/lib/python3.10/site-packages/cobot_py
[5.935s] byte-compiling /home/moose/ros2_ws/install/cobot_py/lib/python3.10/site-packages/cobot_py/move_arm.py to move_arm.cpython-310.pyc
[5.937s] running install_data
[5.937s] running install_egg_info
[5.941s] removing '/home/moose/ros2_ws/install/cobot_py/lib/python3.10/site-packages/cobot_py-0.0.0-py3.10.egg-info' (and everything under it)
[5.941s] Copying ../../build/cobot_py/cobot_py.egg-info to /home/moose/ros2_ws/install/cobot_py/lib/python3.10/site-packages/cobot_py-0.0.0-py3.10.egg-info
[5.943s] running install_scripts
[6.035s] Installing move_arm script to /home/moose/ros2_ws/install/cobot_py/lib/cobot_py
[6.036s] writing list of installed files to '/home/moose/ros2_ws/build/cobot_py/install.log'
[6.194s] Invoked command in '/home/moose/ros2_ws/src/cobot_py' returned '0': PYTHONPATH=/home/moose/ros2_ws/build/cobot_py/prefix_override:/home/moose/ros2_ws/install/cobot_py/lib/python3.10/site-packages:${PYTHONPATH} /usr/bin/python3 -W ignore:setup.py install is deprecated setup.py egg_info --egg-base ../../build/cobot_py build --build-base /home/moose/ros2_ws/build/cobot_py/build install --record /home/moose/ros2_ws/build/cobot_py/install.log --single-version-externally-managed install_data
