[4.302s] Invoking command in '/home/moose/ros2_ws/src/cobot_py': PYTHONPATH=/home/moose/ros2_ws/build/cobot_py/prefix_override:/home/moose/ros2_ws/install/cobot_py/lib/python3.10/site-packages:${PYTHONPATH} /usr/bin/python3 -W ignore:setup.py install is deprecated setup.py egg_info --egg-base ../../build/cobot_py build --build-base /home/moose/ros2_ws/build/cobot_py/build install --record /home/moose/ros2_ws/build/cobot_py/install.log --single-version-externally-managed install_data
[5.971s] running egg_info
[5.972s] writing ../../build/cobot_py/cobot_py.egg-info/PKG-INFO
[5.973s] writing dependency_links to ../../build/cobot_py/cobot_py.egg-info/dependency_links.txt
[5.973s] writing entry points to ../../build/cobot_py/cobot_py.egg-info/entry_points.txt
[5.974s] writing requirements to ../../build/cobot_py/cobot_py.egg-info/requires.txt
[5.974s] writing top-level names to ../../build/cobot_py/cobot_py.egg-info/top_level.txt
[5.978s] reading manifest file '../../build/cobot_py/cobot_py.egg-info/SOURCES.txt'
[5.979s] writing manifest file '../../build/cobot_py/cobot_py.egg-info/SOURCES.txt'
[5.979s] running build
[5.980s] running build_py
[5.980s] copying cobot_py/move_arm.py -> /home/moose/ros2_ws/build/cobot_py/build/lib/cobot_py
[5.980s] running install
[5.981s] running install_lib
[6.007s] copying /home/moose/ros2_ws/build/cobot_py/build/lib/cobot_py/move_arm.py -> /home/moose/ros2_ws/install/cobot_py/lib/python3.10/site-packages/cobot_py
[6.008s] byte-compiling /home/moose/ros2_ws/install/cobot_py/lib/python3.10/site-packages/cobot_py/move_arm.py to move_arm.cpython-310.pyc
[6.010s] running install_data
[6.011s] running install_egg_info
[6.015s] removing '/home/moose/ros2_ws/install/cobot_py/lib/python3.10/site-packages/cobot_py-0.0.0-py3.10.egg-info' (and everything under it)
[6.016s] Copying ../../build/cobot_py/cobot_py.egg-info to /home/moose/ros2_ws/install/cobot_py/lib/python3.10/site-packages/cobot_py-0.0.0-py3.10.egg-info
[6.018s] running install_scripts
[6.113s] Installing move_arm script to /home/moose/ros2_ws/install/cobot_py/lib/cobot_py
[6.113s] writing list of installed files to '/home/moose/ros2_ws/build/cobot_py/install.log'
[6.273s] Invoked command in '/home/moose/ros2_ws/src/cobot_py' returned '0': PYTHONPATH=/home/moose/ros2_ws/build/cobot_py/prefix_override:/home/moose/ros2_ws/install/cobot_py/lib/python3.10/site-packages:${PYTHONPATH} /usr/bin/python3 -W ignore:setup.py install is deprecated setup.py egg_info --egg-base ../../build/cobot_py build --build-base /home/moose/ros2_ws/build/cobot_py/build install --record /home/moose/ros2_ws/build/cobot_py/install.log --single-version-externally-managed install_data
