[3.417s] Invoking command in '/home/moose/ros2_ws/src/cobot_py': PYTHONPATH=/home/moose/ros2_ws/build/cobot_py/prefix_override:/home/moose/ros2_ws/install/cobot_py/lib/python3.10/site-packages:${PYTHONPATH} /usr/bin/python3 -W ignore:setup.py install is deprecated setup.py egg_info --egg-base ../../build/cobot_py build --build-base /home/moose/ros2_ws/build/cobot_py/build install --record /home/moose/ros2_ws/build/cobot_py/install.log --single-version-externally-managed install_data
[4.579s] running egg_info
[4.581s] writing ../../build/cobot_py/cobot_py.egg-info/PKG-INFO
[4.582s] writing dependency_links to ../../build/cobot_py/cobot_py.egg-info/dependency_links.txt
[4.583s] writing entry points to ../../build/cobot_py/cobot_py.egg-info/entry_points.txt
[4.583s] writing requirements to ../../build/cobot_py/cobot_py.egg-info/requires.txt
[4.584s] writing top-level names to ../../build/cobot_py/cobot_py.egg-info/top_level.txt
[4.587s] reading manifest file '../../build/cobot_py/cobot_py.egg-info/SOURCES.txt'
[4.589s] writing manifest file '../../build/cobot_py/cobot_py.egg-info/SOURCES.txt'
[4.589s] running build
[4.589s] running build_py
[4.590s] copying cobot_py/3dof_move_arm.py -> /home/moose/ros2_ws/build/cobot_py/build/lib/cobot_py
[4.590s] running install
[4.592s] running install_lib
[4.594s] copying /home/moose/ros2_ws/build/cobot_py/build/lib/cobot_py/3dof_move_arm.py -> /home/moose/ros2_ws/install/cobot_py/lib/python3.10/site-packages/cobot_py
[4.595s] byte-compiling /home/moose/ros2_ws/install/cobot_py/lib/python3.10/site-packages/cobot_py/3dof_move_arm.py to 3dof_move_arm.cpython-310.pyc
[4.621s] running install_data
[4.622s] running install_egg_info
[4.627s] removing '/home/moose/ros2_ws/install/cobot_py/lib/python3.10/site-packages/cobot_py-0.0.0-py3.10.egg-info' (and everything under it)
[4.627s] Copying ../../build/cobot_py/cobot_py.egg-info to /home/moose/ros2_ws/install/cobot_py/lib/python3.10/site-packages/cobot_py-0.0.0-py3.10.egg-info
[4.630s] running install_scripts
[4.726s] Installing 2dof_move_arm script to /home/moose/ros2_ws/install/cobot_py/lib/cobot_py
[4.726s] Installing 3dof_move_arm script to /home/moose/ros2_ws/install/cobot_py/lib/cobot_py
[4.727s] writing list of installed files to '/home/moose/ros2_ws/build/cobot_py/install.log'
[4.918s] Invoked command in '/home/moose/ros2_ws/src/cobot_py' returned '0': PYTHONPATH=/home/moose/ros2_ws/build/cobot_py/prefix_override:/home/moose/ros2_ws/install/cobot_py/lib/python3.10/site-packages:${PYTHONPATH} /usr/bin/python3 -W ignore:setup.py install is deprecated setup.py egg_info --egg-base ../../build/cobot_py build --build-base /home/moose/ros2_ws/build/cobot_py/build install --record /home/moose/ros2_ws/build/cobot_py/install.log --single-version-externally-managed install_data
