[0.894s] Invoking command in '/home/moose/ros2_ws/build/my_cobot_bringup': CMAKE_PREFIX_PATH=${CMAKE_PREFIX_PATH}:/home/moose/ros2_ws/install/cobot_py:/opt/ros/humble /usr/bin/cmake --build /home/moose/ros2_ws/build/my_cobot_bringup -- -j4 -l4
[1.063s] Invoked command in '/home/moose/ros2_ws/build/my_cobot_bringup' returned '0': CMAKE_PREFIX_PATH=${CMAKE_PREFIX_PATH}:/home/moose/ros2_ws/install/cobot_py:/opt/ros/humble /usr/bin/cmake --build /home/moose/ros2_ws/build/my_cobot_bringup -- -j4 -l4
[1.206s] Invoking command in '/home/moose/ros2_ws/build/my_cobot_bringup': CMAKE_PREFIX_PATH=${CMAKE_PREFIX_PATH}:/home/moose/ros2_ws/install/cobot_py:/opt/ros/humble /usr/bin/cmake --install /home/moose/ros2_ws/build/my_cobot_bringup
[1.225s] -- Install configuration: ""
[1.225s] -- Up-to-date: /home/moose/ros2_ws/install/my_cobot_bringup/share/my_cobot_bringup/launch
[1.226s] -- Up-to-date: /home/moose/ros2_ws/install/my_cobot_bringup/share/my_cobot_bringup/launch/cobot_gazebo.launch.xml
[1.227s] -- Up-to-date: /home/moose/ros2_ws/install/my_cobot_bringup/share/ament_index/resource_index/package_run_dependencies/my_cobot_bringup
[1.227s] -- Up-to-date: /home/moose/ros2_ws/install/my_cobot_bringup/share/ament_index/resource_index/parent_prefix_path/my_cobot_bringup
[1.227s] -- Up-to-date: /home/moose/ros2_ws/install/my_cobot_bringup/share/my_cobot_bringup/environment/ament_prefix_path.sh
[1.228s] -- Up-to-date: /home/moose/ros2_ws/install/my_cobot_bringup/share/my_cobot_bringup/environment/ament_prefix_path.dsv
[1.228s] -- Up-to-date: /home/moose/ros2_ws/install/my_cobot_bringup/share/my_cobot_bringup/environment/path.sh
[1.228s] -- Up-to-date: /home/moose/ros2_ws/install/my_cobot_bringup/share/my_cobot_bringup/environment/path.dsv
[1.252s] -- Up-to-date: /home/moose/ros2_ws/install/my_cobot_bringup/share/my_cobot_bringup/local_setup.bash
[1.253s] -- Up-to-date: /home/moose/ros2_ws/install/my_cobot_bringup/share/my_cobot_bringup/local_setup.sh
[1.253s] -- Up-to-date: /home/moose/ros2_ws/install/my_cobot_bringup/share/my_cobot_bringup/local_setup.zsh
[1.253s] -- Up-to-date: /home/moose/ros2_ws/install/my_cobot_bringup/share/my_cobot_bringup/local_setup.dsv
[1.253s] -- Installing: /home/moose/ros2_ws/install/my_cobot_bringup/share/my_cobot_bringup/package.dsv
[1.254s] -- Up-to-date: /home/moose/ros2_ws/install/my_cobot_bringup/share/ament_index/resource_index/packages/my_cobot_bringup
[1.254s] -- Up-to-date: /home/moose/ros2_ws/install/my_cobot_bringup/share/my_cobot_bringup/cmake/my_cobot_bringupConfig.cmake
[1.254s] -- Up-to-date: /home/moose/ros2_ws/install/my_cobot_bringup/share/my_cobot_bringup/cmake/my_cobot_bringupConfig-version.cmake
[1.254s] -- Up-to-date: /home/moose/ros2_ws/install/my_cobot_bringup/share/my_cobot_bringup/package.xml
[1.276s] Invoked command in '/home/moose/ros2_ws/build/my_cobot_bringup' returned '0': CMAKE_PREFIX_PATH=${CMAKE_PREFIX_PATH}:/home/moose/ros2_ws/install/cobot_py:/opt/ros/humble /usr/bin/cmake --install /home/moose/ros2_ws/build/my_cobot_bringup
