[1.812s] Invoking command in '/home/moose/ros2_ws/src/cobot_py': PYTHONPATH=/home/moose/ros2_ws/build/cobot_py/prefix_override:/home/moose/ros2_ws/install/cobot_py/lib/python3.10/site-packages:${PYTHONPATH} /usr/bin/python3 -W ignore:setup.py install is deprecated setup.py egg_info --egg-base ../../build/cobot_py build --build-base /home/moose/ros2_ws/build/cobot_py/build install --record /home/moose/ros2_ws/build/cobot_py/install.log --single-version-externally-managed install_data
[2.384s] running egg_info
[2.386s] writing ../../build/cobot_py/cobot_py.egg-info/PKG-INFO
[2.387s] writing dependency_links to ../../build/cobot_py/cobot_py.egg-info/dependency_links.txt
[2.388s] writing entry points to ../../build/cobot_py/cobot_py.egg-info/entry_points.txt
[2.388s] writing requirements to ../../build/cobot_py/cobot_py.egg-info/requires.txt
[2.388s] writing top-level names to ../../build/cobot_py/cobot_py.egg-info/top_level.txt
[2.392s] reading manifest file '../../build/cobot_py/cobot_py.egg-info/SOURCES.txt'
[2.393s] writing manifest file '../../build/cobot_py/cobot_py.egg-info/SOURCES.txt'
[2.393s] running build
[2.393s] running build_py
[2.393s] copying cobot_py/move_arm.py -> /home/moose/ros2_ws/build/cobot_py/build/lib/cobot_py
[2.394s] running install
[2.394s] running install_lib
[2.396s] copying /home/moose/ros2_ws/build/cobot_py/build/lib/cobot_py/move_arm.py -> /home/moose/ros2_ws/install/cobot_py/lib/python3.10/site-packages/cobot_py
[2.397s] byte-compiling /home/moose/ros2_ws/install/cobot_py/lib/python3.10/site-packages/cobot_py/move_arm.py to move_arm.cpython-310.pyc
[2.398s] running install_data
[2.398s] running install_egg_info
[2.402s] removing '/home/moose/ros2_ws/install/cobot_py/lib/python3.10/site-packages/cobot_py-0.0.0-py3.10.egg-info' (and everything under it)
[2.402s] Copying ../../build/cobot_py/cobot_py.egg-info to /home/moose/ros2_ws/install/cobot_py/lib/python3.10/site-packages/cobot_py-0.0.0-py3.10.egg-info
[2.404s] running install_scripts
[2.440s] Installing move_arm script to /home/moose/ros2_ws/install/cobot_py/lib/cobot_py
[2.440s] writing list of installed files to '/home/moose/ros2_ws/build/cobot_py/install.log'
[2.507s] Invoked command in '/home/moose/ros2_ws/src/cobot_py' returned '0': PYTHONPATH=/home/moose/ros2_ws/build/cobot_py/prefix_override:/home/moose/ros2_ws/install/cobot_py/lib/python3.10/site-packages:${PYTHONPATH} /usr/bin/python3 -W ignore:setup.py install is deprecated setup.py egg_info --egg-base ../../build/cobot_py build --build-base /home/moose/ros2_ws/build/cobot_py/build install --record /home/moose/ros2_ws/build/cobot_py/install.log --single-version-externally-managed install_data
