[5.874s] Invoking command in '/home/moose/ros2_ws/src/cobot_py': PYTHONPATH=/home/moose/ros2_ws/build/cobot_py/prefix_override:/home/moose/ros2_ws/install/cobot_py/lib/python3.10/site-packages:${PYTHONPATH} /usr/bin/python3 -W ignore:setup.py install is deprecated setup.py egg_info --egg-base ../../build/cobot_py build --build-base /home/moose/ros2_ws/build/cobot_py/build install --record /home/moose/ros2_ws/build/cobot_py/install.log --single-version-externally-managed install_data
[7.454s] running egg_info
[7.486s] writing ../../build/cobot_py/cobot_py.egg-info/PKG-INFO
[7.488s] writing dependency_links to ../../build/cobot_py/cobot_py.egg-info/dependency_links.txt
[7.489s] writing entry points to ../../build/cobot_py/cobot_py.egg-info/entry_points.txt
[7.490s] writing requirements to ../../build/cobot_py/cobot_py.egg-info/requires.txt
[7.491s] writing top-level names to ../../build/cobot_py/cobot_py.egg-info/top_level.txt
[7.497s] reading manifest file '../../build/cobot_py/cobot_py.egg-info/SOURCES.txt'
[7.498s] writing manifest file '../../build/cobot_py/cobot_py.egg-info/SOURCES.txt'
[7.499s] running build
[7.499s] running build_py
[7.502s] running install
[7.503s] running install_lib
[7.504s] running install_data
[7.529s] running install_egg_info
[7.534s] removing '/home/moose/ros2_ws/install/cobot_py/lib/python3.10/site-packages/cobot_py-0.0.0-py3.10.egg-info' (and everything under it)
[7.535s] Copying ../../build/cobot_py/cobot_py.egg-info to /home/moose/ros2_ws/install/cobot_py/lib/python3.10/site-packages/cobot_py-0.0.0-py3.10.egg-info
[7.540s] running install_scripts
[7.651s] Installing 2dof_move_arm script to /home/moose/ros2_ws/install/cobot_py/lib/cobot_py
[7.676s] writing list of installed files to '/home/moose/ros2_ws/build/cobot_py/install.log'
[7.892s] Invoked command in '/home/moose/ros2_ws/src/cobot_py' returned '0': PYTHONPATH=/home/moose/ros2_ws/build/cobot_py/prefix_override:/home/moose/ros2_ws/install/cobot_py/lib/python3.10/site-packages:${PYTHONPATH} /usr/bin/python3 -W ignore:setup.py install is deprecated setup.py egg_info --egg-base ../../build/cobot_py build --build-base /home/moose/ros2_ws/build/cobot_py/build install --record /home/moose/ros2_ws/build/cobot_py/install.log --single-version-externally-managed install_data
