[5.382s] Invoking command in '/home/moose/ros2_ws/src/cobot_py': PYTHONPATH=/home/moose/ros2_ws/build/cobot_py/prefix_override:/home/moose/ros2_ws/install/cobot_py/lib/python3.10/site-packages:${PYTHONPATH} /usr/bin/python3 -W ignore:setup.py install is deprecated setup.py egg_info --egg-base ../../build/cobot_py build --build-base /home/moose/ros2_ws/build/cobot_py/build install --record /home/moose/ros2_ws/build/cobot_py/install.log --single-version-externally-managed install_data
[7.057s] running egg_info
[7.059s] writing ../../build/cobot_py/cobot_py.egg-info/PKG-INFO
[7.060s] writing dependency_links to ../../build/cobot_py/cobot_py.egg-info/dependency_links.txt
[7.062s] writing entry points to ../../build/cobot_py/cobot_py.egg-info/entry_points.txt
[7.065s] writing requirements to ../../build/cobot_py/cobot_py.egg-info/requires.txt
[7.065s] writing top-level names to ../../build/cobot_py/cobot_py.egg-info/top_level.txt
[7.098s] reading manifest file '../../build/cobot_py/cobot_py.egg-info/SOURCES.txt'
[7.101s] writing manifest file '../../build/cobot_py/cobot_py.egg-info/SOURCES.txt'
[7.101s] running build
[7.102s] running build_py
[7.102s] copying cobot_py/move_arm.py -> /home/moose/ros2_ws/build/cobot_py/build/lib/cobot_py
[7.102s] running install
[7.103s] running install_lib
[7.106s] copying /home/moose/ros2_ws/build/cobot_py/build/lib/cobot_py/move_arm.py -> /home/moose/ros2_ws/install/cobot_py/lib/python3.10/site-packages/cobot_py
[7.108s] byte-compiling /home/moose/ros2_ws/install/cobot_py/lib/python3.10/site-packages/cobot_py/move_arm.py to move_arm.cpython-310.pyc
[7.113s] running install_data
[7.113s] running install_egg_info
[7.145s] removing '/home/moose/ros2_ws/install/cobot_py/lib/python3.10/site-packages/cobot_py-0.0.0-py3.10.egg-info' (and everything under it)
[7.145s] Copying ../../build/cobot_py/cobot_py.egg-info to /home/moose/ros2_ws/install/cobot_py/lib/python3.10/site-packages/cobot_py-0.0.0-py3.10.egg-info
[7.148s] running install_scripts
[7.292s] Installing move_arm script to /home/moose/ros2_ws/install/cobot_py/lib/cobot_py
[7.294s] writing list of installed files to '/home/moose/ros2_ws/build/cobot_py/install.log'
[7.549s] Invoked command in '/home/moose/ros2_ws/src/cobot_py' returned '0': PYTHONPATH=/home/moose/ros2_ws/build/cobot_py/prefix_override:/home/moose/ros2_ws/install/cobot_py/lib/python3.10/site-packages:${PYTHONPATH} /usr/bin/python3 -W ignore:setup.py install is deprecated setup.py egg_info --egg-base ../../build/cobot_py build --build-base /home/moose/ros2_ws/build/cobot_py/build install --record /home/moose/ros2_ws/build/cobot_py/install.log --single-version-externally-managed install_data
