[4.259s] Invoking command in '/home/moose/ros2_ws/src/cobot_py': PYTHONPATH=/home/moose/ros2_ws/build/cobot_py/prefix_override:/home/moose/ros2_ws/install/cobot_py/lib/python3.10/site-packages:${PYTHONPATH} /usr/bin/python3 -W ignore:setup.py install is deprecated setup.py egg_info --egg-base ../../build/cobot_py build --build-base /home/moose/ros2_ws/build/cobot_py/build install --record /home/moose/ros2_ws/build/cobot_py/install.log --single-version-externally-managed install_data
[5.586s] running egg_info
[5.587s] writing ../../build/cobot_py/cobot_py.egg-info/PKG-INFO
[5.587s] writing dependency_links to ../../build/cobot_py/cobot_py.egg-info/dependency_links.txt
[5.588s] writing entry points to ../../build/cobot_py/cobot_py.egg-info/entry_points.txt
[5.588s] writing requirements to ../../build/cobot_py/cobot_py.egg-info/requires.txt
[5.589s] writing top-level names to ../../build/cobot_py/cobot_py.egg-info/top_level.txt
[5.593s] reading manifest file '../../build/cobot_py/cobot_py.egg-info/SOURCES.txt'
[5.594s] writing manifest file '../../build/cobot_py/cobot_py.egg-info/SOURCES.txt'
[5.595s] running build
[5.595s] running build_py
[5.595s] running install
[5.596s] running install_lib
[5.624s] running install_data
[5.624s] running install_egg_info
[5.629s] removing '/home/moose/ros2_ws/install/cobot_py/lib/python3.10/site-packages/cobot_py-0.0.0-py3.10.egg-info' (and everything under it)
[5.629s] Copying ../../build/cobot_py/cobot_py.egg-info to /home/moose/ros2_ws/install/cobot_py/lib/python3.10/site-packages/cobot_py-0.0.0-py3.10.egg-info
[5.631s] running install_scripts
[5.695s] Installing 2dof_move_arm script to /home/moose/ros2_ws/install/cobot_py/lib/cobot_py
[5.720s] Installing 3dof_move_arm script to /home/moose/ros2_ws/install/cobot_py/lib/cobot_py
[5.721s] writing list of installed files to '/home/moose/ros2_ws/build/cobot_py/install.log'
[5.887s] Invoked command in '/home/moose/ros2_ws/src/cobot_py' returned '0': PYTHONPATH=/home/moose/ros2_ws/build/cobot_py/prefix_override:/home/moose/ros2_ws/install/cobot_py/lib/python3.10/site-packages:${PYTHONPATH} /usr/bin/python3 -W ignore:setup.py install is deprecated setup.py egg_info --egg-base ../../build/cobot_py build --build-base /home/moose/ros2_ws/build/cobot_py/build install --record /home/moose/ros2_ws/build/cobot_py/install.log --single-version-externally-managed install_data
