[0.694s] Invoking command in '/home/moose/ros2_ws/build/my_cobot_bringup': CMAKE_PREFIX_PATH=${CMAKE_PREFIX_PATH}:/home/moose/ros2_ws/install/cobot_py:/opt/ros/humble /usr/bin/cmake --build /home/moose/ros2_ws/build/my_cobot_bringup -- -j4 -l4
[0.811s] Invoked command in '/home/moose/ros2_ws/build/my_cobot_bringup' returned '0': CMAKE_PREFIX_PATH=${CMAKE_PREFIX_PATH}:/home/moose/ros2_ws/install/cobot_py:/opt/ros/humble /usr/bin/cmake --build /home/moose/ros2_ws/build/my_cobot_bringup -- -j4 -l4
[0.936s] Invoking command in '/home/moose/ros2_ws/build/my_cobot_bringup': CMAKE_PREFIX_PATH=${CMAKE_PREFIX_PATH}:/home/moose/ros2_ws/install/cobot_py:/opt/ros/humble /usr/bin/cmake --install /home/moose/ros2_ws/build/my_cobot_bringup
[0.963s] -- Install configuration: ""
[0.964s] -- Up-to-date: /home/moose/ros2_ws/install/my_cobot_bringup/share/my_cobot_bringup/launch
[0.964s] -- Up-to-date: /home/moose/ros2_ws/install/my_cobot_bringup/share/my_cobot_bringup/launch/cobot_gazebo.launch.xml
[0.965s] -- Up-to-date: /home/moose/ros2_ws/install/my_cobot_bringup/share/ament_index/resource_index/package_run_dependencies/my_cobot_bringup
[0.967s] -- Up-to-date: /home/moose/ros2_ws/install/my_cobot_bringup/share/ament_index/resource_index/parent_prefix_path/my_cobot_bringup
[0.968s] -- Up-to-date: /home/moose/ros2_ws/install/my_cobot_bringup/share/my_cobot_bringup/environment/ament_prefix_path.sh
[0.969s] -- Up-to-date: /home/moose/ros2_ws/install/my_cobot_bringup/share/my_cobot_bringup/environment/ament_prefix_path.dsv
[0.969s] -- Up-to-date: /home/moose/ros2_ws/install/my_cobot_bringup/share/my_cobot_bringup/environment/path.sh
[0.970s] -- Up-to-date: /home/moose/ros2_ws/install/my_cobot_bringup/share/my_cobot_bringup/environment/path.dsv
[0.970s] -- Up-to-date: /home/moose/ros2_ws/install/my_cobot_bringup/share/my_cobot_bringup/local_setup.bash
[0.971s] -- Up-to-date: /home/moose/ros2_ws/install/my_cobot_bringup/share/my_cobot_bringup/local_setup.sh
[0.971s] -- Up-to-date: /home/moose/ros2_ws/install/my_cobot_bringup/share/my_cobot_bringup/local_setup.zsh
[0.972s] -- Up-to-date: /home/moose/ros2_ws/install/my_cobot_bringup/share/my_cobot_bringup/local_setup.dsv
[0.973s] -- Installing: /home/moose/ros2_ws/install/my_cobot_bringup/share/my_cobot_bringup/package.dsv
[0.976s] -- Up-to-date: /home/moose/ros2_ws/install/my_cobot_bringup/share/ament_index/resource_index/packages/my_cobot_bringup
[0.977s] -- Up-to-date: /home/moose/ros2_ws/install/my_cobot_bringup/share/my_cobot_bringup/cmake/my_cobot_bringupConfig.cmake
[0.978s] -- Up-to-date: /home/moose/ros2_ws/install/my_cobot_bringup/share/my_cobot_bringup/cmake/my_cobot_bringupConfig-version.cmake
[0.978s] -- Up-to-date: /home/moose/ros2_ws/install/my_cobot_bringup/share/my_cobot_bringup/package.xml
[0.987s] Invoked command in '/home/moose/ros2_ws/build/my_cobot_bringup' returned '0': CMAKE_PREFIX_PATH=${CMAKE_PREFIX_PATH}:/home/moose/ros2_ws/install/cobot_py:/opt/ros/humble /usr/bin/cmake --install /home/moose/ros2_ws/build/my_cobot_bringup
