[0.265s] DEBUG:colcon:Command line arguments: ['/usr/bin/colcon', 'build']
[0.265s] DEBUG:colcon:Parsed command line arguments: Namespace(log_base=None, log_level=None, verb_name='build', build_base='build', install_base='install', merge_install=False, symlink_install=False, test_result_base=None, continue_on_error=False, executor='parallel', parallel_workers=4, event_handlers=None, ignore_user_meta=False, metas=['./colcon.meta'], base_paths=['.'], packages_ignore=None, packages_ignore_regex=None, paths=None, packages_up_to=None, packages_up_to_regex=None, packages_above=None, packages_above_and_dependencies=None, packages_above_depth=None, packages_select_by_dep=None, packages_skip_by_dep=None, packages_skip_up_to=None, packages_select_build_failed=False, packages_skip_build_finished=False, packages_select_test_failures=False, packages_skip_test_passed=False, packages_select=None, packages_skip=None, packages_select_regex=None, packages_skip_regex=None, packages_start=None, packages_end=None, allow_overriding=[], cmake_args=None, cmake_target=None, cmake_target_skip_unavailable=False, cmake_clean_cache=False, cmake_clean_first=False, cmake_force_configure=False, ament_cmake_args=None, catkin_cmake_args=None, catkin_skip_building_tests=False, mixin_files=None, mixin=None, verb_parser=<colcon_mixin.mixin.mixin_argument.MixinArgumentDecorator object at 0x744ca5a3b400>, verb_extension=<colcon_core.verb.build.BuildVerb object at 0x744ca5bb3670>, main=<bound method BuildVerb.main of <colcon_core.verb.build.BuildVerb object at 0x744ca5bb3670>>, mixin_verb=('build',))
[0.734s] Level 1:colcon.colcon_core.package_discovery:discover_packages(colcon_meta) check parameters
[0.734s] Level 1:colcon.colcon_core.package_discovery:discover_packages(recursive) check parameters
[0.734s] Level 1:colcon.colcon_core.package_discovery:discover_packages(ignore) check parameters
[0.734s] Level 1:colcon.colcon_core.package_discovery:discover_packages(path) check parameters
[0.734s] Level 1:colcon.colcon_core.package_discovery:discover_packages(colcon_meta) discover
[0.734s] Level 1:colcon.colcon_core.package_discovery:discover_packages(recursive) discover
[0.734s] INFO:colcon.colcon_core.package_discovery:Crawling recursively for packages in '/home/moose/ros2_ws'
[0.735s] Level 1:colcon.colcon_core.package_identification:_identify(.) by extensions ['ignore', 'ignore_ament_install']
[0.735s] Level 1:colcon.colcon_core.package_identification:_identify(.) by extension 'ignore'
[0.735s] Level 1:colcon.colcon_core.package_identification:_identify(.) by extension 'ignore_ament_install'
[0.735s] Level 1:colcon.colcon_core.package_identification:_identify(.) by extensions ['colcon_pkg']
[0.735s] Level 1:colcon.colcon_core.package_identification:_identify(.) by extension 'colcon_pkg'
[0.735s] Level 1:colcon.colcon_core.package_identification:_identify(.) by extensions ['colcon_meta']
[0.735s] Level 1:colcon.colcon_core.package_identification:_identify(.) by extension 'colcon_meta'
[0.735s] Level 1:colcon.colcon_core.package_identification:_identify(.) by extensions ['ros']
[0.735s] Level 1:colcon.colcon_core.package_identification:_identify(.) by extension 'ros'
[0.756s] Level 1:colcon.colcon_core.package_identification:_identify(.) by extensions ['cmake', 'python']
[0.756s] Level 1:colcon.colcon_core.package_identification:_identify(.) by extension 'cmake'
[0.756s] Level 1:colcon.colcon_core.package_identification:_identify(.) by extension 'python'
[0.756s] Level 1:colcon.colcon_core.package_identification:_identify(.) by extensions ['python_setup_py']
[0.756s] Level 1:colcon.colcon_core.package_identification:_identify(.) by extension 'python_setup_py'
[0.756s] Level 1:colcon.colcon_core.package_identification:_identify(build) by extensions ['ignore', 'ignore_ament_install']
[0.756s] Level 1:colcon.colcon_core.package_identification:_identify(build) by extension 'ignore'
[0.757s] Level 1:colcon.colcon_core.package_identification:_identify(build) ignored
[0.757s] Level 1:colcon.colcon_core.package_identification:_identify(install) by extensions ['ignore', 'ignore_ament_install']
[0.758s] Level 1:colcon.colcon_core.package_identification:_identify(install) by extension 'ignore'
[0.758s] Level 1:colcon.colcon_core.package_identification:_identify(install) ignored
[0.758s] Level 1:colcon.colcon_core.package_identification:_identify(log) by extensions ['ignore', 'ignore_ament_install']
[0.758s] Level 1:colcon.colcon_core.package_identification:_identify(log) by extension 'ignore'
[0.758s] Level 1:colcon.colcon_core.package_identification:_identify(log) ignored
[0.758s] Level 1:colcon.colcon_core.package_identification:_identify(src) by extensions ['ignore', 'ignore_ament_install']
[0.758s] Level 1:colcon.colcon_core.package_identification:_identify(src) by extension 'ignore'
[0.758s] Level 1:colcon.colcon_core.package_identification:_identify(src) by extension 'ignore_ament_install'
[0.758s] Level 1:colcon.colcon_core.package_identification:_identify(src) by extensions ['colcon_pkg']
[0.759s] Level 1:colcon.colcon_core.package_identification:_identify(src) by extension 'colcon_pkg'
[0.759s] Level 1:colcon.colcon_core.package_identification:_identify(src) by extensions ['colcon_meta']
[0.759s] Level 1:colcon.colcon_core.package_identification:_identify(src) by extension 'colcon_meta'
[0.759s] Level 1:colcon.colcon_core.package_identification:_identify(src) by extensions ['ros']
[0.759s] Level 1:colcon.colcon_core.package_identification:_identify(src) by extension 'ros'
[0.759s] Level 1:colcon.colcon_core.package_identification:_identify(src) by extensions ['cmake', 'python']
[0.759s] Level 1:colcon.colcon_core.package_identification:_identify(src) by extension 'cmake'
[0.759s] Level 1:colcon.colcon_core.package_identification:_identify(src) by extension 'python'
[0.759s] Level 1:colcon.colcon_core.package_identification:_identify(src) by extensions ['python_setup_py']
[0.759s] Level 1:colcon.colcon_core.package_identification:_identify(src) by extension 'python_setup_py'
[0.759s] Level 1:colcon.colcon_core.package_identification:_identify(src/cobot_py) by extensions ['ignore', 'ignore_ament_install']
[0.759s] Level 1:colcon.colcon_core.package_identification:_identify(src/cobot_py) by extension 'ignore'
[0.759s] Level 1:colcon.colcon_core.package_identification:_identify(src/cobot_py) by extension 'ignore_ament_install'
[0.760s] Level 1:colcon.colcon_core.package_identification:_identify(src/cobot_py) by extensions ['colcon_pkg']
[0.760s] Level 1:colcon.colcon_core.package_identification:_identify(src/cobot_py) by extension 'colcon_pkg'
[0.760s] Level 1:colcon.colcon_core.package_identification:_identify(src/cobot_py) by extensions ['colcon_meta']
[0.760s] Level 1:colcon.colcon_core.package_identification:_identify(src/cobot_py) by extension 'colcon_meta'
[0.760s] Level 1:colcon.colcon_core.package_identification:_identify(src/cobot_py) by extensions ['ros']
[0.760s] Level 1:colcon.colcon_core.package_identification:_identify(src/cobot_py) by extension 'ros'
[0.785s] DEBUG:colcon.colcon_core.package_identification:Package 'src/cobot_py' with type 'ros.ament_python' and name 'cobot_py'
[0.786s] Level 1:colcon.colcon_core.package_identification:_identify(src/log) by extensions ['ignore', 'ignore_ament_install']
[0.786s] Level 1:colcon.colcon_core.package_identification:_identify(src/log) by extension 'ignore'
[0.786s] Level 1:colcon.colcon_core.package_identification:_identify(src/log) ignored
[0.786s] Level 1:colcon.colcon_core.package_identification:_identify(src/my_cobot_bringup) by extensions ['ignore', 'ignore_ament_install']
[0.786s] Level 1:colcon.colcon_core.package_identification:_identify(src/my_cobot_bringup) by extension 'ignore'
[0.786s] Level 1:colcon.colcon_core.package_identification:_identify(src/my_cobot_bringup) by extension 'ignore_ament_install'
[0.786s] Level 1:colcon.colcon_core.package_identification:_identify(src/my_cobot_bringup) by extensions ['colcon_pkg']
[0.786s] Level 1:colcon.colcon_core.package_identification:_identify(src/my_cobot_bringup) by extension 'colcon_pkg'
[0.786s] Level 1:colcon.colcon_core.package_identification:_identify(src/my_cobot_bringup) by extensions ['colcon_meta']
[0.787s] Level 1:colcon.colcon_core.package_identification:_identify(src/my_cobot_bringup) by extension 'colcon_meta'
[0.787s] Level 1:colcon.colcon_core.package_identification:_identify(src/my_cobot_bringup) by extensions ['ros']
[0.787s] Level 1:colcon.colcon_core.package_identification:_identify(src/my_cobot_bringup) by extension 'ros'
[0.788s] DEBUG:colcon.colcon_core.package_identification:Package 'src/my_cobot_bringup' with type 'ros.ament_cmake' and name 'my_cobot_bringup'
[0.788s] Level 1:colcon.colcon_core.package_identification:_identify(src/my_cobot_description) by extensions ['ignore', 'ignore_ament_install']
[0.788s] Level 1:colcon.colcon_core.package_identification:_identify(src/my_cobot_description) by extension 'ignore'
[0.788s] Level 1:colcon.colcon_core.package_identification:_identify(src/my_cobot_description) by extension 'ignore_ament_install'
[0.788s] Level 1:colcon.colcon_core.package_identification:_identify(src/my_cobot_description) by extensions ['colcon_pkg']
[0.789s] Level 1:colcon.colcon_core.package_identification:_identify(src/my_cobot_description) by extension 'colcon_pkg'
[0.789s] Level 1:colcon.colcon_core.package_identification:_identify(src/my_cobot_description) by extensions ['colcon_meta']
[0.789s] Level 1:colcon.colcon_core.package_identification:_identify(src/my_cobot_description) by extension 'colcon_meta'
[0.789s] Level 1:colcon.colcon_core.package_identification:_identify(src/my_cobot_description) by extensions ['ros']
[0.789s] Level 1:colcon.colcon_core.package_identification:_identify(src/my_cobot_description) by extension 'ros'
[0.790s] DEBUG:colcon.colcon_core.package_identification:Package 'src/my_cobot_description' with type 'ros.ament_cmake' and name 'my_cobot_description'
[0.790s] Level 1:colcon.colcon_core.package_discovery:discover_packages(recursive) using defaults
[0.790s] Level 1:colcon.colcon_core.package_discovery:discover_packages(ignore) discover
[0.790s] Level 1:colcon.colcon_core.package_discovery:discover_packages(ignore) using defaults
[0.790s] Level 1:colcon.colcon_core.package_discovery:discover_packages(path) discover
[0.791s] Level 1:colcon.colcon_core.package_discovery:discover_packages(path) using defaults
[0.828s] Level 1:colcon.colcon_core.package_discovery:discover_packages(prefix_path) check parameters
[0.828s] Level 1:colcon.colcon_core.package_discovery:discover_packages(prefix_path) discover
[0.831s] DEBUG:colcon.colcon_installed_package_information.package_discovery:Found 3 installed packages in /home/moose/ros2_ws/install
[0.834s] DEBUG:colcon.colcon_installed_package_information.package_discovery:Found 422 installed packages in /opt/ros/humble
[0.865s] Level 1:colcon.colcon_core.package_discovery:discover_packages(prefix_path) using defaults
[0.996s] Level 5:colcon.colcon_core.verb:set package 'cobot_py' build argument 'cmake_args' from command line to 'None'
[0.996s] Level 5:colcon.colcon_core.verb:set package 'cobot_py' build argument 'cmake_target' from command line to 'None'
[0.996s] Level 5:colcon.colcon_core.verb:set package 'cobot_py' build argument 'cmake_target_skip_unavailable' from command line to 'False'
[0.996s] Level 5:colcon.colcon_core.verb:set package 'cobot_py' build argument 'cmake_clean_cache' from command line to 'False'
[0.996s] Level 5:colcon.colcon_core.verb:set package 'cobot_py' build argument 'cmake_clean_first' from command line to 'False'
[0.996s] Level 5:colcon.colcon_core.verb:set package 'cobot_py' build argument 'cmake_force_configure' from command line to 'False'
[0.996s] Level 5:colcon.colcon_core.verb:set package 'cobot_py' build argument 'ament_cmake_args' from command line to 'None'
[0.996s] Level 5:colcon.colcon_core.verb:set package 'cobot_py' build argument 'catkin_cmake_args' from command line to 'None'
[0.996s] Level 5:colcon.colcon_core.verb:set package 'cobot_py' build argument 'catkin_skip_building_tests' from command line to 'False'
[0.996s] DEBUG:colcon.colcon_core.verb:Building package 'cobot_py' with the following arguments: {'ament_cmake_args': None, 'build_base': '/home/moose/ros2_ws/build/cobot_py', 'catkin_cmake_args': None, 'catkin_skip_building_tests': False, 'cmake_args': None, 'cmake_clean_cache': False, 'cmake_clean_first': False, 'cmake_force_configure': False, 'cmake_target': None, 'cmake_target_skip_unavailable': False, 'install_base': '/home/moose/ros2_ws/install/cobot_py', 'merge_install': False, 'path': '/home/moose/ros2_ws/src/cobot_py', 'symlink_install': False, 'test_result_base': None}
[0.997s] Level 5:colcon.colcon_core.verb:set package 'my_cobot_bringup' build argument 'cmake_args' from command line to 'None'
[0.997s] Level 5:colcon.colcon_core.verb:set package 'my_cobot_bringup' build argument 'cmake_target' from command line to 'None'
[0.997s] Level 5:colcon.colcon_core.verb:set package 'my_cobot_bringup' build argument 'cmake_target_skip_unavailable' from command line to 'False'
[0.997s] Level 5:colcon.colcon_core.verb:set package 'my_cobot_bringup' build argument 'cmake_clean_cache' from command line to 'False'
[0.997s] Level 5:colcon.colcon_core.verb:set package 'my_cobot_bringup' build argument 'cmake_clean_first' from command line to 'False'
[0.997s] Level 5:colcon.colcon_core.verb:set package 'my_cobot_bringup' build argument 'cmake_force_configure' from command line to 'False'
[0.998s] Level 5:colcon.colcon_core.verb:set package 'my_cobot_bringup' build argument 'ament_cmake_args' from command line to 'None'
[0.998s] Level 5:colcon.colcon_core.verb:set package 'my_cobot_bringup' build argument 'catkin_cmake_args' from command line to 'None'
[0.998s] Level 5:colcon.colcon_core.verb:set package 'my_cobot_bringup' build argument 'catkin_skip_building_tests' from command line to 'False'
[0.998s] DEBUG:colcon.colcon_core.verb:Building package 'my_cobot_bringup' with the following arguments: {'ament_cmake_args': None, 'build_base': '/home/moose/ros2_ws/build/my_cobot_bringup', 'catkin_cmake_args': None, 'catkin_skip_building_tests': False, 'cmake_args': None, 'cmake_clean_cache': False, 'cmake_clean_first': False, 'cmake_force_configure': False, 'cmake_target': None, 'cmake_target_skip_unavailable': False, 'install_base': '/home/moose/ros2_ws/install/my_cobot_bringup', 'merge_install': False, 'path': '/home/moose/ros2_ws/src/my_cobot_bringup', 'symlink_install': False, 'test_result_base': None}
[0.999s] Level 5:colcon.colcon_core.verb:set package 'my_cobot_description' build argument 'cmake_args' from command line to 'None'
[0.999s] Level 5:colcon.colcon_core.verb:set package 'my_cobot_description' build argument 'cmake_target' from command line to 'None'
[0.999s] Level 5:colcon.colcon_core.verb:set package 'my_cobot_description' build argument 'cmake_target_skip_unavailable' from command line to 'False'
[0.999s] Level 5:colcon.colcon_core.verb:set package 'my_cobot_description' build argument 'cmake_clean_cache' from command line to 'False'
[0.999s] Level 5:colcon.colcon_core.verb:set package 'my_cobot_description' build argument 'cmake_clean_first' from command line to 'False'
[1.000s] Level 5:colcon.colcon_core.verb:set package 'my_cobot_description' build argument 'cmake_force_configure' from command line to 'False'
[1.000s] Level 5:colcon.colcon_core.verb:set package 'my_cobot_description' build argument 'ament_cmake_args' from command line to 'None'
[1.000s] Level 5:colcon.colcon_core.verb:set package 'my_cobot_description' build argument 'catkin_cmake_args' from command line to 'None'
[1.000s] Level 5:colcon.colcon_core.verb:set package 'my_cobot_description' build argument 'catkin_skip_building_tests' from command line to 'False'
[1.000s] DEBUG:colcon.colcon_core.verb:Building package 'my_cobot_description' with the following arguments: {'ament_cmake_args': None, 'build_base': '/home/moose/ros2_ws/build/my_cobot_description', 'catkin_cmake_args': None, 'catkin_skip_building_tests': False, 'cmake_args': None, 'cmake_clean_cache': False, 'cmake_clean_first': False, 'cmake_force_configure': False, 'cmake_target': None, 'cmake_target_skip_unavailable': False, 'install_base': '/home/moose/ros2_ws/install/my_cobot_description', 'merge_install': False, 'path': '/home/moose/ros2_ws/src/my_cobot_description', 'symlink_install': False, 'test_result_base': None}
[1.000s] INFO:colcon.colcon_core.executor:Executing jobs using 'parallel' executor
[1.003s] DEBUG:colcon.colcon_parallel_executor.executor.parallel:run_until_complete
[1.004s] INFO:colcon.colcon_ros.task.ament_python.build:Building ROS package in '/home/moose/ros2_ws/src/cobot_py' with build type 'ament_python'
[1.004s] Level 1:colcon.colcon_core.shell:create_environment_hook('cobot_py', 'ament_prefix_path')
[1.008s] INFO:colcon.colcon_core.plugin_system:Skipping extension 'colcon_core.shell.bat': Not used on non-Windows systems
[1.008s] INFO:colcon.colcon_core.shell:Creating environment hook '/home/moose/ros2_ws/install/cobot_py/share/cobot_py/hook/ament_prefix_path.ps1'
[1.009s] INFO:colcon.colcon_core.shell:Creating environment descriptor '/home/moose/ros2_ws/install/cobot_py/share/cobot_py/hook/ament_prefix_path.dsv'
[1.010s] INFO:colcon.colcon_core.shell:Creating environment hook '/home/moose/ros2_ws/install/cobot_py/share/cobot_py/hook/ament_prefix_path.sh'
[1.012s] INFO:colcon.colcon_core.shell:Skip shell extension 'powershell' for command environment: Not usable outside of PowerShell
[1.012s] DEBUG:colcon.colcon_core.shell:Skip shell extension 'dsv' for command environment
[1.018s] INFO:colcon.colcon_ros.task.ament_cmake.build:Building ROS package in '/home/moose/ros2_ws/src/my_cobot_bringup' with build type 'ament_cmake'
[1.019s] INFO:colcon.colcon_cmake.task.cmake.build:Building CMake package in '/home/moose/ros2_ws/src/my_cobot_bringup'
[1.019s] INFO:colcon.colcon_core.shell:Skip shell extension 'powershell' for command environment: Not usable outside of PowerShell
[1.019s] DEBUG:colcon.colcon_core.shell:Skip shell extension 'dsv' for command environment
[1.025s] INFO:colcon.colcon_ros.task.ament_cmake.build:Building ROS package in '/home/moose/ros2_ws/src/my_cobot_description' with build type 'ament_cmake'
[1.025s] INFO:colcon.colcon_cmake.task.cmake.build:Building CMake package in '/home/moose/ros2_ws/src/my_cobot_description'
[1.026s] INFO:colcon.colcon_core.shell:Skip shell extension 'powershell' for command environment: Not usable outside of PowerShell
[1.026s] DEBUG:colcon.colcon_core.shell:Skip shell extension 'dsv' for command environment
[1.836s] INFO:colcon.colcon_core.task.python.build:Building Python package in '/home/moose/ros2_ws/src/cobot_py'
[1.837s] INFO:colcon.colcon_core.shell:Skip shell extension 'powershell' for command environment: Not usable outside of PowerShell
[1.837s] DEBUG:colcon.colcon_core.shell:Skip shell extension 'dsv' for command environment
[1.849s] DEBUG:colcon.colcon_core.event_handler.log_command:Invoking command in '/home/moose/ros2_ws/build/my_cobot_bringup': CMAKE_PREFIX_PATH=${CMAKE_PREFIX_PATH}:/home/moose/ros2_ws/install/cobot_py:/opt/ros/humble /usr/bin/cmake --build /home/moose/ros2_ws/build/my_cobot_bringup -- -j4 -l4
[1.859s] DEBUG:colcon.colcon_core.event_handler.log_command:Invoking command in '/home/moose/ros2_ws/build/my_cobot_description': CMAKE_PREFIX_PATH=${CMAKE_PREFIX_PATH}:/home/moose/ros2_ws/install/cobot_py:/opt/ros/humble /usr/bin/cmake --build /home/moose/ros2_ws/build/my_cobot_description -- -j4 -l4
[1.983s] DEBUG:colcon.colcon_core.event_handler.log_command:Invoked command in '/home/moose/ros2_ws/build/my_cobot_bringup' returned '0': CMAKE_PREFIX_PATH=${CMAKE_PREFIX_PATH}:/home/moose/ros2_ws/install/cobot_py:/opt/ros/humble /usr/bin/cmake --build /home/moose/ros2_ws/build/my_cobot_bringup -- -j4 -l4
[1.991s] DEBUG:colcon.colcon_core.event_handler.log_command:Invoked command in '/home/moose/ros2_ws/build/my_cobot_description' returned '0': CMAKE_PREFIX_PATH=${CMAKE_PREFIX_PATH}:/home/moose/ros2_ws/install/cobot_py:/opt/ros/humble /usr/bin/cmake --build /home/moose/ros2_ws/build/my_cobot_description -- -j4 -l4
[2.128s] DEBUG:colcon.colcon_core.event_handler.log_command:Invoking command in '/home/moose/ros2_ws/build/my_cobot_bringup': CMAKE_PREFIX_PATH=${CMAKE_PREFIX_PATH}:/home/moose/ros2_ws/install/cobot_py:/opt/ros/humble /usr/bin/cmake --install /home/moose/ros2_ws/build/my_cobot_bringup
[2.132s] DEBUG:colcon.colcon_core.event_handler.log_command:Invoking command in '/home/moose/ros2_ws/build/my_cobot_description': CMAKE_PREFIX_PATH=${CMAKE_PREFIX_PATH}:/home/moose/ros2_ws/install/cobot_py:/opt/ros/humble /usr/bin/cmake --install /home/moose/ros2_ws/build/my_cobot_description
[2.154s] Level 1:colcon.colcon_core.environment:create_environment_scripts_only(my_cobot_bringup)
[2.166s] DEBUG:colcon.colcon_core.event_handler.log_command:Invoked command in '/home/moose/ros2_ws/build/my_cobot_bringup' returned '0': CMAKE_PREFIX_PATH=${CMAKE_PREFIX_PATH}:/home/moose/ros2_ws/install/cobot_py:/opt/ros/humble /usr/bin/cmake --install /home/moose/ros2_ws/build/my_cobot_bringup
[2.173s] Level 1:colcon.colcon_core.environment:checking '/home/moose/ros2_ws/install/my_cobot_bringup' for CMake module files
[2.174s] Level 1:colcon.colcon_core.environment:checking '/home/moose/ros2_ws/install/my_cobot_bringup' for CMake config files
[2.175s] Level 1:colcon.colcon_core.shell:create_environment_hook('my_cobot_bringup', 'cmake_prefix_path')
[2.175s] INFO:colcon.colcon_core.shell:Creating environment hook '/home/moose/ros2_ws/install/my_cobot_bringup/share/my_cobot_bringup/hook/cmake_prefix_path.ps1'
[2.176s] INFO:colcon.colcon_core.shell:Creating environment descriptor '/home/moose/ros2_ws/install/my_cobot_bringup/share/my_cobot_bringup/hook/cmake_prefix_path.dsv'
[2.177s] INFO:colcon.colcon_core.shell:Creating environment hook '/home/moose/ros2_ws/install/my_cobot_bringup/share/my_cobot_bringup/hook/cmake_prefix_path.sh'
[2.178s] Level 1:colcon.colcon_core.environment:checking '/home/moose/ros2_ws/install/my_cobot_bringup/bin'
[2.178s] Level 1:colcon.colcon_core.environment:checking '/home/moose/ros2_ws/install/my_cobot_bringup/lib/pkgconfig/my_cobot_bringup.pc'
[2.178s] Level 1:colcon.colcon_core.environment:checking '/home/moose/ros2_ws/install/my_cobot_bringup/lib/python3.10/site-packages'
[2.179s] Level 1:colcon.colcon_core.environment:checking '/home/moose/ros2_ws/install/my_cobot_bringup/bin'
[2.179s] INFO:colcon.colcon_core.shell:Creating package script '/home/moose/ros2_ws/install/my_cobot_bringup/share/my_cobot_bringup/package.ps1'
[2.181s] INFO:colcon.colcon_core.shell:Creating package descriptor '/home/moose/ros2_ws/install/my_cobot_bringup/share/my_cobot_bringup/package.dsv'
[2.183s] INFO:colcon.colcon_core.shell:Creating package script '/home/moose/ros2_ws/install/my_cobot_bringup/share/my_cobot_bringup/package.sh'
[2.210s] INFO:colcon.colcon_core.shell:Creating package script '/home/moose/ros2_ws/install/my_cobot_bringup/share/my_cobot_bringup/package.bash'
[2.212s] INFO:colcon.colcon_core.shell:Creating package script '/home/moose/ros2_ws/install/my_cobot_bringup/share/my_cobot_bringup/package.zsh'
[2.215s] Level 1:colcon.colcon_core.environment:create_file_with_runtime_dependencies(/home/moose/ros2_ws/install/my_cobot_bringup/share/colcon-core/packages/my_cobot_bringup)
[2.220s] Level 1:colcon.colcon_core.environment:create_environment_scripts_only(my_cobot_description)
[2.220s] Level 1:colcon.colcon_core.environment:checking '/home/moose/ros2_ws/install/my_cobot_description' for CMake module files
[2.222s] DEBUG:colcon.colcon_core.event_handler.log_command:Invoked command in '/home/moose/ros2_ws/build/my_cobot_description' returned '0': CMAKE_PREFIX_PATH=${CMAKE_PREFIX_PATH}:/home/moose/ros2_ws/install/cobot_py:/opt/ros/humble /usr/bin/cmake --install /home/moose/ros2_ws/build/my_cobot_description
[2.223s] Level 1:colcon.colcon_core.environment:checking '/home/moose/ros2_ws/install/my_cobot_description' for CMake config files
[2.224s] Level 1:colcon.colcon_core.shell:create_environment_hook('my_cobot_description', 'cmake_prefix_path')
[2.225s] INFO:colcon.colcon_core.shell:Creating environment hook '/home/moose/ros2_ws/install/my_cobot_description/share/my_cobot_description/hook/cmake_prefix_path.ps1'
[2.228s] INFO:colcon.colcon_core.shell:Creating environment descriptor '/home/moose/ros2_ws/install/my_cobot_description/share/my_cobot_description/hook/cmake_prefix_path.dsv'
[2.231s] INFO:colcon.colcon_core.shell:Creating environment hook '/home/moose/ros2_ws/install/my_cobot_description/share/my_cobot_description/hook/cmake_prefix_path.sh'
[2.233s] Level 1:colcon.colcon_core.environment:checking '/home/moose/ros2_ws/install/my_cobot_description/bin'
[2.233s] Level 1:colcon.colcon_core.environment:checking '/home/moose/ros2_ws/install/my_cobot_description/lib/pkgconfig/my_cobot_description.pc'
[2.234s] Level 1:colcon.colcon_core.environment:checking '/home/moose/ros2_ws/install/my_cobot_description/lib/python3.10/site-packages'
[2.235s] Level 1:colcon.colcon_core.environment:checking '/home/moose/ros2_ws/install/my_cobot_description/bin'
[2.238s] INFO:colcon.colcon_core.shell:Creating package script '/home/moose/ros2_ws/install/my_cobot_description/share/my_cobot_description/package.ps1'
[2.239s] INFO:colcon.colcon_core.shell:Creating package descriptor '/home/moose/ros2_ws/install/my_cobot_description/share/my_cobot_description/package.dsv'
[2.240s] INFO:colcon.colcon_core.shell:Creating package script '/home/moose/ros2_ws/install/my_cobot_description/share/my_cobot_description/package.sh'
[2.243s] INFO:colcon.colcon_core.shell:Creating package script '/home/moose/ros2_ws/install/my_cobot_description/share/my_cobot_description/package.bash'
[2.243s] INFO:colcon.colcon_core.shell:Creating package script '/home/moose/ros2_ws/install/my_cobot_description/share/my_cobot_description/package.zsh'
[2.244s] Level 1:colcon.colcon_core.environment:create_file_with_runtime_dependencies(/home/moose/ros2_ws/install/my_cobot_description/share/colcon-core/packages/my_cobot_description)
[2.314s] Level 1:colcon.colcon_core.environment:create_environment_scripts_only(my_cobot_bringup)
[2.315s] Level 1:colcon.colcon_core.environment:checking '/home/moose/ros2_ws/install/my_cobot_bringup' for CMake module files
[2.316s] Level 1:colcon.colcon_core.environment:checking '/home/moose/ros2_ws/install/my_cobot_bringup' for CMake config files
[2.317s] Level 1:colcon.colcon_core.shell:create_environment_hook('my_cobot_bringup', 'cmake_prefix_path')
[2.318s] INFO:colcon.colcon_core.shell:Creating environment hook '/home/moose/ros2_ws/install/my_cobot_bringup/share/my_cobot_bringup/hook/cmake_prefix_path.ps1'
[2.320s] INFO:colcon.colcon_core.shell:Creating environment descriptor '/home/moose/ros2_ws/install/my_cobot_bringup/share/my_cobot_bringup/hook/cmake_prefix_path.dsv'
[2.320s] INFO:colcon.colcon_core.shell:Creating environment hook '/home/moose/ros2_ws/install/my_cobot_bringup/share/my_cobot_bringup/hook/cmake_prefix_path.sh'
[2.323s] Level 1:colcon.colcon_core.environment:checking '/home/moose/ros2_ws/install/my_cobot_bringup/bin'
[2.323s] Level 1:colcon.colcon_core.environment:checking '/home/moose/ros2_ws/install/my_cobot_bringup/lib/pkgconfig/my_cobot_bringup.pc'
[2.324s] Level 1:colcon.colcon_core.environment:checking '/home/moose/ros2_ws/install/my_cobot_bringup/lib/python3.10/site-packages'
[2.325s] Level 1:colcon.colcon_core.environment:checking '/home/moose/ros2_ws/install/my_cobot_bringup/bin'
[2.326s] INFO:colcon.colcon_core.shell:Creating package script '/home/moose/ros2_ws/install/my_cobot_bringup/share/my_cobot_bringup/package.ps1'
[2.328s] INFO:colcon.colcon_core.shell:Creating package descriptor '/home/moose/ros2_ws/install/my_cobot_bringup/share/my_cobot_bringup/package.dsv'
[2.332s] INFO:colcon.colcon_core.shell:Creating package script '/home/moose/ros2_ws/install/my_cobot_bringup/share/my_cobot_bringup/package.sh'
[2.334s] INFO:colcon.colcon_core.shell:Creating package script '/home/moose/ros2_ws/install/my_cobot_bringup/share/my_cobot_bringup/package.bash'
[2.335s] INFO:colcon.colcon_core.shell:Creating package script '/home/moose/ros2_ws/install/my_cobot_bringup/share/my_cobot_bringup/package.zsh'
[2.337s] Level 1:colcon.colcon_core.environment:create_file_with_runtime_dependencies(/home/moose/ros2_ws/install/my_cobot_bringup/share/colcon-core/packages/my_cobot_bringup)
[2.341s] Level 1:colcon.colcon_core.environment:create_environment_scripts_only(my_cobot_description)
[2.342s] Level 1:colcon.colcon_core.environment:checking '/home/moose/ros2_ws/install/my_cobot_description' for CMake module files
[2.344s] Level 1:colcon.colcon_core.environment:checking '/home/moose/ros2_ws/install/my_cobot_description' for CMake config files
[2.344s] Level 1:colcon.colcon_core.shell:create_environment_hook('my_cobot_description', 'cmake_prefix_path')
[2.345s] INFO:colcon.colcon_core.shell:Creating environment hook '/home/moose/ros2_ws/install/my_cobot_description/share/my_cobot_description/hook/cmake_prefix_path.ps1'
[2.346s] INFO:colcon.colcon_core.shell:Creating environment descriptor '/home/moose/ros2_ws/install/my_cobot_description/share/my_cobot_description/hook/cmake_prefix_path.dsv'
[2.347s] INFO:colcon.colcon_core.shell:Creating environment hook '/home/moose/ros2_ws/install/my_cobot_description/share/my_cobot_description/hook/cmake_prefix_path.sh'
[2.348s] Level 1:colcon.colcon_core.environment:checking '/home/moose/ros2_ws/install/my_cobot_description/bin'
[2.349s] Level 1:colcon.colcon_core.environment:checking '/home/moose/ros2_ws/install/my_cobot_description/lib/pkgconfig/my_cobot_description.pc'
[2.349s] Level 1:colcon.colcon_core.environment:checking '/home/moose/ros2_ws/install/my_cobot_description/lib/python3.10/site-packages'
[2.350s] Level 1:colcon.colcon_core.environment:checking '/home/moose/ros2_ws/install/my_cobot_description/bin'
[2.351s] INFO:colcon.colcon_core.shell:Creating package script '/home/moose/ros2_ws/install/my_cobot_description/share/my_cobot_description/package.ps1'
[2.352s] INFO:colcon.colcon_core.shell:Creating package descriptor '/home/moose/ros2_ws/install/my_cobot_description/share/my_cobot_description/package.dsv'
[2.353s] INFO:colcon.colcon_core.shell:Creating package script '/home/moose/ros2_ws/install/my_cobot_description/share/my_cobot_description/package.sh'
[2.354s] INFO:colcon.colcon_core.shell:Creating package script '/home/moose/ros2_ws/install/my_cobot_description/share/my_cobot_description/package.bash'
[2.355s] INFO:colcon.colcon_core.shell:Creating package script '/home/moose/ros2_ws/install/my_cobot_description/share/my_cobot_description/package.zsh'
[2.356s] Level 1:colcon.colcon_core.environment:create_file_with_runtime_dependencies(/home/moose/ros2_ws/install/my_cobot_description/share/colcon-core/packages/my_cobot_description)
[3.141s] DEBUG:colcon.colcon_core.event_handler.log_command:Invoking command in '/home/moose/ros2_ws/src/cobot_py': PYTHONPATH=/home/moose/ros2_ws/build/cobot_py/prefix_override:/home/moose/ros2_ws/install/cobot_py/lib/python3.10/site-packages:${PYTHONPATH} /usr/bin/python3 -W ignore:setup.py install is deprecated setup.py egg_info --egg-base ../../build/cobot_py build --build-base /home/moose/ros2_ws/build/cobot_py/build install --record /home/moose/ros2_ws/build/cobot_py/install.log --single-version-externally-managed install_data
[4.072s] Level 1:colcon.colcon_core.environment:checking '/home/moose/ros2_ws/install/cobot_py' for CMake module files
[4.073s] DEBUG:colcon.colcon_core.event_handler.log_command:Invoked command in '/home/moose/ros2_ws/src/cobot_py' returned '0': PYTHONPATH=/home/moose/ros2_ws/build/cobot_py/prefix_override:/home/moose/ros2_ws/install/cobot_py/lib/python3.10/site-packages:${PYTHONPATH} /usr/bin/python3 -W ignore:setup.py install is deprecated setup.py egg_info --egg-base ../../build/cobot_py build --build-base /home/moose/ros2_ws/build/cobot_py/build install --record /home/moose/ros2_ws/build/cobot_py/install.log --single-version-externally-managed install_data
[4.074s] Level 1:colcon.colcon_core.environment:checking '/home/moose/ros2_ws/install/cobot_py' for CMake config files
[4.075s] Level 1:colcon.colcon_core.environment:checking '/home/moose/ros2_ws/install/cobot_py/lib'
[4.075s] Level 1:colcon.colcon_core.environment:checking '/home/moose/ros2_ws/install/cobot_py/bin'
[4.075s] Level 1:colcon.colcon_core.environment:checking '/home/moose/ros2_ws/install/cobot_py/lib/pkgconfig/cobot_py.pc'
[4.075s] Level 1:colcon.colcon_core.environment:checking '/home/moose/ros2_ws/install/cobot_py/lib/python3.10/site-packages'
[4.075s] Level 1:colcon.colcon_core.shell:create_environment_hook('cobot_py', 'pythonpath')
[4.076s] INFO:colcon.colcon_core.shell:Creating environment hook '/home/moose/ros2_ws/install/cobot_py/share/cobot_py/hook/pythonpath.ps1'
[4.076s] INFO:colcon.colcon_core.shell:Creating environment descriptor '/home/moose/ros2_ws/install/cobot_py/share/cobot_py/hook/pythonpath.dsv'
[4.077s] INFO:colcon.colcon_core.shell:Creating environment hook '/home/moose/ros2_ws/install/cobot_py/share/cobot_py/hook/pythonpath.sh'
[4.078s] Level 1:colcon.colcon_core.environment:checking '/home/moose/ros2_ws/install/cobot_py/bin'
[4.078s] Level 1:colcon.colcon_core.environment:create_environment_scripts_only(cobot_py)
[4.078s] INFO:colcon.colcon_core.shell:Creating package script '/home/moose/ros2_ws/install/cobot_py/share/cobot_py/package.ps1'
[4.079s] INFO:colcon.colcon_core.shell:Creating package descriptor '/home/moose/ros2_ws/install/cobot_py/share/cobot_py/package.dsv'
[4.079s] INFO:colcon.colcon_core.shell:Creating package script '/home/moose/ros2_ws/install/cobot_py/share/cobot_py/package.sh'
[4.080s] INFO:colcon.colcon_core.shell:Creating package script '/home/moose/ros2_ws/install/cobot_py/share/cobot_py/package.bash'
[4.081s] INFO:colcon.colcon_core.shell:Creating package script '/home/moose/ros2_ws/install/cobot_py/share/cobot_py/package.zsh'
[4.081s] Level 1:colcon.colcon_core.environment:create_file_with_runtime_dependencies(/home/moose/ros2_ws/install/cobot_py/share/colcon-core/packages/cobot_py)
[4.082s] DEBUG:colcon.colcon_parallel_executor.executor.parallel:closing loop
[4.107s] DEBUG:colcon.colcon_parallel_executor.executor.parallel:loop closed
[4.108s] DEBUG:colcon.colcon_parallel_executor.executor.parallel:run_until_complete finished with '0'
[4.108s] DEBUG:colcon.colcon_core.event_reactor:joining thread
[4.117s] INFO:colcon.colcon_core.plugin_system:Skipping extension 'colcon_notification.desktop_notification.terminal_notifier': Not used on non-Darwin systems
[4.117s] INFO:colcon.colcon_core.plugin_system:Skipping extension 'colcon_notification.desktop_notification.win32': Not used on non-Windows systems
[4.117s] INFO:colcon.colcon_notification.desktop_notification:Sending desktop notification using 'notify2'
[4.163s] DEBUG:colcon.colcon_core.event_reactor:joined thread
[4.164s] INFO:colcon.colcon_core.shell:Creating prefix script '/home/moose/ros2_ws/install/local_setup.ps1'
[4.166s] INFO:colcon.colcon_core.shell:Creating prefix util module '/home/moose/ros2_ws/install/_local_setup_util_ps1.py'
[4.170s] INFO:colcon.colcon_core.shell:Creating prefix chain script '/home/moose/ros2_ws/install/setup.ps1'
[4.172s] INFO:colcon.colcon_core.shell:Creating prefix script '/home/moose/ros2_ws/install/local_setup.sh'
[4.173s] INFO:colcon.colcon_core.shell:Creating prefix util module '/home/moose/ros2_ws/install/_local_setup_util_sh.py'
[4.174s] INFO:colcon.colcon_core.shell:Creating prefix chain script '/home/moose/ros2_ws/install/setup.sh'
[4.175s] INFO:colcon.colcon_core.shell:Creating prefix script '/home/moose/ros2_ws/install/local_setup.bash'
[4.176s] INFO:colcon.colcon_core.shell:Creating prefix chain script '/home/moose/ros2_ws/install/setup.bash'
[4.179s] INFO:colcon.colcon_core.shell:Creating prefix script '/home/moose/ros2_ws/install/local_setup.zsh'
[4.180s] INFO:colcon.colcon_core.shell:Creating prefix chain script '/home/moose/ros2_ws/install/setup.zsh'
