[3.876s] Invoking command in '/home/moose/ros2_ws/src/cobot_py': PYTHONPATH=/home/moose/ros2_ws/build/cobot_py/prefix_override:/home/moose/ros2_ws/install/cobot_py/lib/python3.10/site-packages:${PYTHONPATH} /usr/bin/python3 -W ignore:setup.py install is deprecated setup.py egg_info --egg-base ../../build/cobot_py build --build-base /home/moose/ros2_ws/build/cobot_py/build install --record /home/moose/ros2_ws/build/cobot_py/install.log --single-version-externally-managed install_data
[6.216s] running egg_info
[6.219s] writing ../../build/cobot_py/cobot_py.egg-info/PKG-INFO
[6.220s] writing dependency_links to ../../build/cobot_py/cobot_py.egg-info/dependency_links.txt
[6.221s] writing entry points to ../../build/cobot_py/cobot_py.egg-info/entry_points.txt
[6.221s] writing requirements to ../../build/cobot_py/cobot_py.egg-info/requires.txt
[6.222s] writing top-level names to ../../build/cobot_py/cobot_py.egg-info/top_level.txt
[6.229s] reading manifest file '../../build/cobot_py/cobot_py.egg-info/SOURCES.txt'
[6.231s] writing manifest file '../../build/cobot_py/cobot_py.egg-info/SOURCES.txt'
[6.231s] running build
[6.231s] running build_py
[6.231s] copying cobot_py/move_arm.py -> /home/moose/ros2_ws/build/cobot_py/build/lib/cobot_py
[6.256s] running install
[6.264s] running install_lib
[6.264s] copying /home/moose/ros2_ws/build/cobot_py/build/lib/cobot_py/move_arm.py -> /home/moose/ros2_ws/install/cobot_py/lib/python3.10/site-packages/cobot_py
[6.264s] byte-compiling /home/moose/ros2_ws/install/cobot_py/lib/python3.10/site-packages/cobot_py/move_arm.py to move_arm.cpython-310.pyc
[6.267s] running install_data
[6.267s] running install_egg_info
[6.271s] removing '/home/moose/ros2_ws/install/cobot_py/lib/python3.10/site-packages/cobot_py-0.0.0-py3.10.egg-info' (and everything under it)
[6.272s] Copying ../../build/cobot_py/cobot_py.egg-info to /home/moose/ros2_ws/install/cobot_py/lib/python3.10/site-packages/cobot_py-0.0.0-py3.10.egg-info
[6.275s] running install_scripts
[6.412s] Installing move_arm script to /home/moose/ros2_ws/install/cobot_py/lib/cobot_py
[6.413s] writing list of installed files to '/home/moose/ros2_ws/build/cobot_py/install.log'
[6.573s] Invoked command in '/home/moose/ros2_ws/src/cobot_py' returned '0': PYTHONPATH=/home/moose/ros2_ws/build/cobot_py/prefix_override:/home/moose/ros2_ws/install/cobot_py/lib/python3.10/site-packages:${PYTHONPATH} /usr/bin/python3 -W ignore:setup.py install is deprecated setup.py egg_info --egg-base ../../build/cobot_py build --build-base /home/moose/ros2_ws/build/cobot_py/build install --record /home/moose/ros2_ws/build/cobot_py/install.log --single-version-externally-managed install_data
