[0.732s] DEBUG:colcon:Command line arguments: ['/usr/bin/colcon', 'build']
[0.733s] DEBUG:colcon:Parsed command line arguments: Namespace(log_base=None, log_level=None, verb_name='build', build_base='build', install_base='install', merge_install=False, symlink_install=False, test_result_base=None, continue_on_error=False, executor='parallel', parallel_workers=4, event_handlers=None, ignore_user_meta=False, metas=['./colcon.meta'], base_paths=['.'], packages_ignore=None, packages_ignore_regex=None, paths=None, packages_up_to=None, packages_up_to_regex=None, packages_above=None, packages_above_and_dependencies=None, packages_above_depth=None, packages_select_by_dep=None, packages_skip_by_dep=None, packages_skip_up_to=None, packages_select_build_failed=False, packages_skip_build_finished=False, packages_select_test_failures=False, packages_skip_test_passed=False, packages_select=None, packages_skip=None, packages_select_regex=None, packages_skip_regex=None, packages_start=None, packages_end=None, allow_overriding=[], cmake_args=None, cmake_target=None, cmake_target_skip_unavailable=False, cmake_clean_cache=False, cmake_clean_first=False, cmake_force_configure=False, ament_cmake_args=None, catkin_cmake_args=None, catkin_skip_building_tests=False, mixin_files=None, mixin=None, verb_parser=<colcon_mixin.mixin.mixin_argument.MixinArgumentDecorator object at 0x7a547b23b400>, verb_extension=<colcon_core.verb.build.BuildVerb object at 0x7a547b3b3670>, main=<bound method BuildVerb.main of <colcon_core.verb.build.BuildVerb object at 0x7a547b3b3670>>, mixin_verb=('build',))
[1.957s] Level 1:colcon.colcon_core.package_discovery:discover_packages(colcon_meta) check parameters
[1.957s] Level 1:colcon.colcon_core.package_discovery:discover_packages(recursive) check parameters
[1.958s] Level 1:colcon.colcon_core.package_discovery:discover_packages(ignore) check parameters
[1.958s] Level 1:colcon.colcon_core.package_discovery:discover_packages(path) check parameters
[1.958s] Level 1:colcon.colcon_core.package_discovery:discover_packages(colcon_meta) discover
[1.958s] Level 1:colcon.colcon_core.package_discovery:discover_packages(recursive) discover
[1.958s] INFO:colcon.colcon_core.package_discovery:Crawling recursively for packages in '/home/moose/ros2_ws'
[1.958s] Level 1:colcon.colcon_core.package_identification:_identify(.) by extensions ['ignore', 'ignore_ament_install']
[1.959s] Level 1:colcon.colcon_core.package_identification:_identify(.) by extension 'ignore'
[1.959s] Level 1:colcon.colcon_core.package_identification:_identify(.) by extension 'ignore_ament_install'
[1.959s] Level 1:colcon.colcon_core.package_identification:_identify(.) by extensions ['colcon_pkg']
[1.960s] Level 1:colcon.colcon_core.package_identification:_identify(.) by extension 'colcon_pkg'
[1.960s] Level 1:colcon.colcon_core.package_identification:_identify(.) by extensions ['colcon_meta']
[1.960s] Level 1:colcon.colcon_core.package_identification:_identify(.) by extension 'colcon_meta'
[1.960s] Level 1:colcon.colcon_core.package_identification:_identify(.) by extensions ['ros']
[1.961s] Level 1:colcon.colcon_core.package_identification:_identify(.) by extension 'ros'
[2.046s] Level 1:colcon.colcon_core.package_identification:_identify(.) by extensions ['cmake', 'python']
[2.046s] Level 1:colcon.colcon_core.package_identification:_identify(.) by extension 'cmake'
[2.046s] Level 1:colcon.colcon_core.package_identification:_identify(.) by extension 'python'
[2.046s] Level 1:colcon.colcon_core.package_identification:_identify(.) by extensions ['python_setup_py']
[2.047s] Level 1:colcon.colcon_core.package_identification:_identify(.) by extension 'python_setup_py'
[2.047s] Level 1:colcon.colcon_core.package_identification:_identify(build) by extensions ['ignore', 'ignore_ament_install']
[2.047s] Level 1:colcon.colcon_core.package_identification:_identify(build) by extension 'ignore'
[2.047s] Level 1:colcon.colcon_core.package_identification:_identify(build) ignored
[2.048s] Level 1:colcon.colcon_core.package_identification:_identify(install) by extensions ['ignore', 'ignore_ament_install']
[2.048s] Level 1:colcon.colcon_core.package_identification:_identify(install) by extension 'ignore'
[2.048s] Level 1:colcon.colcon_core.package_identification:_identify(install) ignored
[2.049s] Level 1:colcon.colcon_core.package_identification:_identify(log) by extensions ['ignore', 'ignore_ament_install']
[2.049s] Level 1:colcon.colcon_core.package_identification:_identify(log) by extension 'ignore'
[2.049s] Level 1:colcon.colcon_core.package_identification:_identify(log) ignored
[2.050s] Level 1:colcon.colcon_core.package_identification:_identify(src) by extensions ['ignore', 'ignore_ament_install']
[2.050s] Level 1:colcon.colcon_core.package_identification:_identify(src) by extension 'ignore'
[2.050s] Level 1:colcon.colcon_core.package_identification:_identify(src) by extension 'ignore_ament_install'
[2.051s] Level 1:colcon.colcon_core.package_identification:_identify(src) by extensions ['colcon_pkg']
[2.051s] Level 1:colcon.colcon_core.package_identification:_identify(src) by extension 'colcon_pkg'
[2.051s] Level 1:colcon.colcon_core.package_identification:_identify(src) by extensions ['colcon_meta']
[2.051s] Level 1:colcon.colcon_core.package_identification:_identify(src) by extension 'colcon_meta'
[2.051s] Level 1:colcon.colcon_core.package_identification:_identify(src) by extensions ['ros']
[2.051s] Level 1:colcon.colcon_core.package_identification:_identify(src) by extension 'ros'
[2.051s] Level 1:colcon.colcon_core.package_identification:_identify(src) by extensions ['cmake', 'python']
[2.052s] Level 1:colcon.colcon_core.package_identification:_identify(src) by extension 'cmake'
[2.052s] Level 1:colcon.colcon_core.package_identification:_identify(src) by extension 'python'
[2.052s] Level 1:colcon.colcon_core.package_identification:_identify(src) by extensions ['python_setup_py']
[2.052s] Level 1:colcon.colcon_core.package_identification:_identify(src) by extension 'python_setup_py'
[2.052s] Level 1:colcon.colcon_core.package_identification:_identify(src/cobot_py) by extensions ['ignore', 'ignore_ament_install']
[2.052s] Level 1:colcon.colcon_core.package_identification:_identify(src/cobot_py) by extension 'ignore'
[2.053s] Level 1:colcon.colcon_core.package_identification:_identify(src/cobot_py) by extension 'ignore_ament_install'
[2.053s] Level 1:colcon.colcon_core.package_identification:_identify(src/cobot_py) by extensions ['colcon_pkg']
[2.053s] Level 1:colcon.colcon_core.package_identification:_identify(src/cobot_py) by extension 'colcon_pkg'
[2.053s] Level 1:colcon.colcon_core.package_identification:_identify(src/cobot_py) by extensions ['colcon_meta']
[2.053s] Level 1:colcon.colcon_core.package_identification:_identify(src/cobot_py) by extension 'colcon_meta'
[2.053s] Level 1:colcon.colcon_core.package_identification:_identify(src/cobot_py) by extensions ['ros']
[2.053s] Level 1:colcon.colcon_core.package_identification:_identify(src/cobot_py) by extension 'ros'
[2.142s] DEBUG:colcon.colcon_core.package_identification:Package 'src/cobot_py' with type 'ros.ament_python' and name 'cobot_py'
[2.142s] Level 1:colcon.colcon_core.package_identification:_identify(src/log) by extensions ['ignore', 'ignore_ament_install']
[2.142s] Level 1:colcon.colcon_core.package_identification:_identify(src/log) by extension 'ignore'
[2.143s] Level 1:colcon.colcon_core.package_identification:_identify(src/log) ignored
[2.143s] Level 1:colcon.colcon_core.package_identification:_identify(src/my_cobot_bringup) by extensions ['ignore', 'ignore_ament_install']
[2.143s] Level 1:colcon.colcon_core.package_identification:_identify(src/my_cobot_bringup) by extension 'ignore'
[2.143s] Level 1:colcon.colcon_core.package_identification:_identify(src/my_cobot_bringup) by extension 'ignore_ament_install'
[2.144s] Level 1:colcon.colcon_core.package_identification:_identify(src/my_cobot_bringup) by extensions ['colcon_pkg']
[2.144s] Level 1:colcon.colcon_core.package_identification:_identify(src/my_cobot_bringup) by extension 'colcon_pkg'
[2.144s] Level 1:colcon.colcon_core.package_identification:_identify(src/my_cobot_bringup) by extensions ['colcon_meta']
[2.144s] Level 1:colcon.colcon_core.package_identification:_identify(src/my_cobot_bringup) by extension 'colcon_meta'
[2.144s] Level 1:colcon.colcon_core.package_identification:_identify(src/my_cobot_bringup) by extensions ['ros']
[2.144s] Level 1:colcon.colcon_core.package_identification:_identify(src/my_cobot_bringup) by extension 'ros'
[2.146s] DEBUG:colcon.colcon_core.package_identification:Package 'src/my_cobot_bringup' with type 'ros.ament_cmake' and name 'my_cobot_bringup'
[2.146s] Level 1:colcon.colcon_core.package_identification:_identify(src/my_cobot_description) by extensions ['ignore', 'ignore_ament_install']
[2.146s] Level 1:colcon.colcon_core.package_identification:_identify(src/my_cobot_description) by extension 'ignore'
[2.147s] Level 1:colcon.colcon_core.package_identification:_identify(src/my_cobot_description) by extension 'ignore_ament_install'
[2.147s] Level 1:colcon.colcon_core.package_identification:_identify(src/my_cobot_description) by extensions ['colcon_pkg']
[2.147s] Level 1:colcon.colcon_core.package_identification:_identify(src/my_cobot_description) by extension 'colcon_pkg'
[2.147s] Level 1:colcon.colcon_core.package_identification:_identify(src/my_cobot_description) by extensions ['colcon_meta']
[2.147s] Level 1:colcon.colcon_core.package_identification:_identify(src/my_cobot_description) by extension 'colcon_meta'
[2.147s] Level 1:colcon.colcon_core.package_identification:_identify(src/my_cobot_description) by extensions ['ros']
[2.147s] Level 1:colcon.colcon_core.package_identification:_identify(src/my_cobot_description) by extension 'ros'
[2.148s] DEBUG:colcon.colcon_core.package_identification:Package 'src/my_cobot_description' with type 'ros.ament_cmake' and name 'my_cobot_description'
[2.149s] Level 1:colcon.colcon_core.package_discovery:discover_packages(recursive) using defaults
[2.149s] Level 1:colcon.colcon_core.package_discovery:discover_packages(ignore) discover
[2.149s] Level 1:colcon.colcon_core.package_discovery:discover_packages(ignore) using defaults
[2.149s] Level 1:colcon.colcon_core.package_discovery:discover_packages(path) discover
[2.149s] Level 1:colcon.colcon_core.package_discovery:discover_packages(path) using defaults
[2.257s] Level 1:colcon.colcon_core.package_discovery:discover_packages(prefix_path) check parameters
[2.258s] Level 1:colcon.colcon_core.package_discovery:discover_packages(prefix_path) discover
[2.290s] DEBUG:colcon.colcon_installed_package_information.package_discovery:Found 3 installed packages in /home/moose/ros2_ws/install
[2.297s] DEBUG:colcon.colcon_installed_package_information.package_discovery:Found 422 installed packages in /opt/ros/humble
[2.304s] Level 1:colcon.colcon_core.package_discovery:discover_packages(prefix_path) using defaults
[2.649s] Level 5:colcon.colcon_core.verb:set package 'cobot_py' build argument 'cmake_args' from command line to 'None'
[2.649s] Level 5:colcon.colcon_core.verb:set package 'cobot_py' build argument 'cmake_target' from command line to 'None'
[2.649s] Level 5:colcon.colcon_core.verb:set package 'cobot_py' build argument 'cmake_target_skip_unavailable' from command line to 'False'
[2.650s] Level 5:colcon.colcon_core.verb:set package 'cobot_py' build argument 'cmake_clean_cache' from command line to 'False'
[2.650s] Level 5:colcon.colcon_core.verb:set package 'cobot_py' build argument 'cmake_clean_first' from command line to 'False'
[2.650s] Level 5:colcon.colcon_core.verb:set package 'cobot_py' build argument 'cmake_force_configure' from command line to 'False'
[2.650s] Level 5:colcon.colcon_core.verb:set package 'cobot_py' build argument 'ament_cmake_args' from command line to 'None'
[2.650s] Level 5:colcon.colcon_core.verb:set package 'cobot_py' build argument 'catkin_cmake_args' from command line to 'None'
[2.650s] Level 5:colcon.colcon_core.verb:set package 'cobot_py' build argument 'catkin_skip_building_tests' from command line to 'False'
[2.650s] DEBUG:colcon.colcon_core.verb:Building package 'cobot_py' with the following arguments: {'ament_cmake_args': None, 'build_base': '/home/moose/ros2_ws/build/cobot_py', 'catkin_cmake_args': None, 'catkin_skip_building_tests': False, 'cmake_args': None, 'cmake_clean_cache': False, 'cmake_clean_first': False, 'cmake_force_configure': False, 'cmake_target': None, 'cmake_target_skip_unavailable': False, 'install_base': '/home/moose/ros2_ws/install/cobot_py', 'merge_install': False, 'path': '/home/moose/ros2_ws/src/cobot_py', 'symlink_install': False, 'test_result_base': None}
[2.651s] Level 5:colcon.colcon_core.verb:set package 'my_cobot_bringup' build argument 'cmake_args' from command line to 'None'
[2.651s] Level 5:colcon.colcon_core.verb:set package 'my_cobot_bringup' build argument 'cmake_target' from command line to 'None'
[2.652s] Level 5:colcon.colcon_core.verb:set package 'my_cobot_bringup' build argument 'cmake_target_skip_unavailable' from command line to 'False'
[2.652s] Level 5:colcon.colcon_core.verb:set package 'my_cobot_bringup' build argument 'cmake_clean_cache' from command line to 'False'
[2.652s] Level 5:colcon.colcon_core.verb:set package 'my_cobot_bringup' build argument 'cmake_clean_first' from command line to 'False'
[2.652s] Level 5:colcon.colcon_core.verb:set package 'my_cobot_bringup' build argument 'cmake_force_configure' from command line to 'False'
[2.652s] Level 5:colcon.colcon_core.verb:set package 'my_cobot_bringup' build argument 'ament_cmake_args' from command line to 'None'
[2.652s] Level 5:colcon.colcon_core.verb:set package 'my_cobot_bringup' build argument 'catkin_cmake_args' from command line to 'None'
[2.652s] Level 5:colcon.colcon_core.verb:set package 'my_cobot_bringup' build argument 'catkin_skip_building_tests' from command line to 'False'
[2.652s] DEBUG:colcon.colcon_core.verb:Building package 'my_cobot_bringup' with the following arguments: {'ament_cmake_args': None, 'build_base': '/home/moose/ros2_ws/build/my_cobot_bringup', 'catkin_cmake_args': None, 'catkin_skip_building_tests': False, 'cmake_args': None, 'cmake_clean_cache': False, 'cmake_clean_first': False, 'cmake_force_configure': False, 'cmake_target': None, 'cmake_target_skip_unavailable': False, 'install_base': '/home/moose/ros2_ws/install/my_cobot_bringup', 'merge_install': False, 'path': '/home/moose/ros2_ws/src/my_cobot_bringup', 'symlink_install': False, 'test_result_base': None}
[2.653s] Level 5:colcon.colcon_core.verb:set package 'my_cobot_description' build argument 'cmake_args' from command line to 'None'
[2.653s] Level 5:colcon.colcon_core.verb:set package 'my_cobot_description' build argument 'cmake_target' from command line to 'None'
[2.653s] Level 5:colcon.colcon_core.verb:set package 'my_cobot_description' build argument 'cmake_target_skip_unavailable' from command line to 'False'
[2.654s] Level 5:colcon.colcon_core.verb:set package 'my_cobot_description' build argument 'cmake_clean_cache' from command line to 'False'
[2.654s] Level 5:colcon.colcon_core.verb:set package 'my_cobot_description' build argument 'cmake_clean_first' from command line to 'False'
[2.654s] Level 5:colcon.colcon_core.verb:set package 'my_cobot_description' build argument 'cmake_force_configure' from command line to 'False'
[2.654s] Level 5:colcon.colcon_core.verb:set package 'my_cobot_description' build argument 'ament_cmake_args' from command line to 'None'
[2.654s] Level 5:colcon.colcon_core.verb:set package 'my_cobot_description' build argument 'catkin_cmake_args' from command line to 'None'
[2.654s] Level 5:colcon.colcon_core.verb:set package 'my_cobot_description' build argument 'catkin_skip_building_tests' from command line to 'False'
[2.654s] DEBUG:colcon.colcon_core.verb:Building package 'my_cobot_description' with the following arguments: {'ament_cmake_args': None, 'build_base': '/home/moose/ros2_ws/build/my_cobot_description', 'catkin_cmake_args': None, 'catkin_skip_building_tests': False, 'cmake_args': None, 'cmake_clean_cache': False, 'cmake_clean_first': False, 'cmake_force_configure': False, 'cmake_target': None, 'cmake_target_skip_unavailable': False, 'install_base': '/home/moose/ros2_ws/install/my_cobot_description', 'merge_install': False, 'path': '/home/moose/ros2_ws/src/my_cobot_description', 'symlink_install': False, 'test_result_base': None}
[2.655s] INFO:colcon.colcon_core.executor:Executing jobs using 'parallel' executor
[2.681s] DEBUG:colcon.colcon_parallel_executor.executor.parallel:run_until_complete
[2.682s] INFO:colcon.colcon_ros.task.ament_python.build:Building ROS package in '/home/moose/ros2_ws/src/cobot_py' with build type 'ament_python'
[2.682s] Level 1:colcon.colcon_core.shell:create_environment_hook('cobot_py', 'ament_prefix_path')
[2.693s] INFO:colcon.colcon_core.plugin_system:Skipping extension 'colcon_core.shell.bat': Not used on non-Windows systems
[2.694s] INFO:colcon.colcon_core.shell:Creating environment hook '/home/moose/ros2_ws/install/cobot_py/share/cobot_py/hook/ament_prefix_path.ps1'
[2.696s] INFO:colcon.colcon_core.shell:Creating environment descriptor '/home/moose/ros2_ws/install/cobot_py/share/cobot_py/hook/ament_prefix_path.dsv'
[2.697s] INFO:colcon.colcon_core.shell:Creating environment hook '/home/moose/ros2_ws/install/cobot_py/share/cobot_py/hook/ament_prefix_path.sh'
[2.700s] INFO:colcon.colcon_core.shell:Skip shell extension 'powershell' for command environment: Not usable outside of PowerShell
[2.701s] DEBUG:colcon.colcon_core.shell:Skip shell extension 'dsv' for command environment
[2.740s] INFO:colcon.colcon_ros.task.ament_cmake.build:Building ROS package in '/home/moose/ros2_ws/src/my_cobot_bringup' with build type 'ament_cmake'
[2.740s] INFO:colcon.colcon_cmake.task.cmake.build:Building CMake package in '/home/moose/ros2_ws/src/my_cobot_bringup'
[2.741s] INFO:colcon.colcon_core.shell:Skip shell extension 'powershell' for command environment: Not usable outside of PowerShell
[2.742s] DEBUG:colcon.colcon_core.shell:Skip shell extension 'dsv' for command environment
[2.779s] INFO:colcon.colcon_ros.task.ament_cmake.build:Building ROS package in '/home/moose/ros2_ws/src/my_cobot_description' with build type 'ament_cmake'
[2.780s] INFO:colcon.colcon_cmake.task.cmake.build:Building CMake package in '/home/moose/ros2_ws/src/my_cobot_description'
[2.780s] INFO:colcon.colcon_core.shell:Skip shell extension 'powershell' for command environment: Not usable outside of PowerShell
[2.780s] DEBUG:colcon.colcon_core.shell:Skip shell extension 'dsv' for command environment
[5.340s] INFO:colcon.colcon_core.task.python.build:Building Python package in '/home/moose/ros2_ws/src/cobot_py'
[5.341s] INFO:colcon.colcon_core.shell:Skip shell extension 'powershell' for command environment: Not usable outside of PowerShell
[5.341s] DEBUG:colcon.colcon_core.shell:Skip shell extension 'dsv' for command environment
[5.429s] DEBUG:colcon.colcon_core.event_handler.log_command:Invoking command in '/home/moose/ros2_ws/build/my_cobot_bringup': CMAKE_PREFIX_PATH=${CMAKE_PREFIX_PATH}:/home/moose/ros2_ws/install/cobot_py:/opt/ros/humble /usr/bin/cmake --build /home/moose/ros2_ws/build/my_cobot_bringup -- -j4 -l4
[5.479s] DEBUG:colcon.colcon_core.event_handler.log_command:Invoking command in '/home/moose/ros2_ws/build/my_cobot_description': CMAKE_PREFIX_PATH=${CMAKE_PREFIX_PATH}:/home/moose/ros2_ws/install/cobot_py:/opt/ros/humble /usr/bin/cmake --build /home/moose/ros2_ws/build/my_cobot_description -- -j4 -l4
[5.786s] DEBUG:colcon.colcon_core.event_handler.log_command:Invoked command in '/home/moose/ros2_ws/build/my_cobot_bringup' returned '0': CMAKE_PREFIX_PATH=${CMAKE_PREFIX_PATH}:/home/moose/ros2_ws/install/cobot_py:/opt/ros/humble /usr/bin/cmake --build /home/moose/ros2_ws/build/my_cobot_bringup -- -j4 -l4
[5.878s] DEBUG:colcon.colcon_core.event_handler.log_command:Invoked command in '/home/moose/ros2_ws/build/my_cobot_description' returned '0': CMAKE_PREFIX_PATH=${CMAKE_PREFIX_PATH}:/home/moose/ros2_ws/install/cobot_py:/opt/ros/humble /usr/bin/cmake --build /home/moose/ros2_ws/build/my_cobot_description -- -j4 -l4
[6.208s] DEBUG:colcon.colcon_core.event_handler.log_command:Invoking command in '/home/moose/ros2_ws/build/my_cobot_bringup': CMAKE_PREFIX_PATH=${CMAKE_PREFIX_PATH}:/home/moose/ros2_ws/install/cobot_py:/opt/ros/humble /usr/bin/cmake --install /home/moose/ros2_ws/build/my_cobot_bringup
[6.214s] DEBUG:colcon.colcon_core.event_handler.log_command:Invoking command in '/home/moose/ros2_ws/build/my_cobot_description': CMAKE_PREFIX_PATH=${CMAKE_PREFIX_PATH}:/home/moose/ros2_ws/install/cobot_py:/opt/ros/humble /usr/bin/cmake --install /home/moose/ros2_ws/build/my_cobot_description
[6.316s] Level 1:colcon.colcon_core.environment:create_environment_scripts_only(my_cobot_bringup)
[6.354s] DEBUG:colcon.colcon_core.event_handler.log_command:Invoked command in '/home/moose/ros2_ws/build/my_cobot_bringup' returned '0': CMAKE_PREFIX_PATH=${CMAKE_PREFIX_PATH}:/home/moose/ros2_ws/install/cobot_py:/opt/ros/humble /usr/bin/cmake --install /home/moose/ros2_ws/build/my_cobot_bringup
[6.361s] Level 1:colcon.colcon_core.environment:checking '/home/moose/ros2_ws/install/my_cobot_bringup' for CMake module files
[6.362s] Level 1:colcon.colcon_core.environment:checking '/home/moose/ros2_ws/install/my_cobot_bringup' for CMake config files
[6.363s] Level 1:colcon.colcon_core.shell:create_environment_hook('my_cobot_bringup', 'cmake_prefix_path')
[6.364s] INFO:colcon.colcon_core.shell:Creating environment hook '/home/moose/ros2_ws/install/my_cobot_bringup/share/my_cobot_bringup/hook/cmake_prefix_path.ps1'
[6.370s] INFO:colcon.colcon_core.shell:Creating environment descriptor '/home/moose/ros2_ws/install/my_cobot_bringup/share/my_cobot_bringup/hook/cmake_prefix_path.dsv'
[6.372s] INFO:colcon.colcon_core.shell:Creating environment hook '/home/moose/ros2_ws/install/my_cobot_bringup/share/my_cobot_bringup/hook/cmake_prefix_path.sh'
[6.373s] Level 1:colcon.colcon_core.environment:checking '/home/moose/ros2_ws/install/my_cobot_bringup/bin'
[6.373s] Level 1:colcon.colcon_core.environment:checking '/home/moose/ros2_ws/install/my_cobot_bringup/lib/pkgconfig/my_cobot_bringup.pc'
[6.374s] Level 1:colcon.colcon_core.environment:checking '/home/moose/ros2_ws/install/my_cobot_bringup/lib/python3.10/site-packages'
[6.375s] Level 1:colcon.colcon_core.environment:checking '/home/moose/ros2_ws/install/my_cobot_bringup/bin'
[6.376s] INFO:colcon.colcon_core.shell:Creating package script '/home/moose/ros2_ws/install/my_cobot_bringup/share/my_cobot_bringup/package.ps1'
[6.378s] INFO:colcon.colcon_core.shell:Creating package descriptor '/home/moose/ros2_ws/install/my_cobot_bringup/share/my_cobot_bringup/package.dsv'
[6.403s] INFO:colcon.colcon_core.shell:Creating package script '/home/moose/ros2_ws/install/my_cobot_bringup/share/my_cobot_bringup/package.sh'
[6.405s] INFO:colcon.colcon_core.shell:Creating package script '/home/moose/ros2_ws/install/my_cobot_bringup/share/my_cobot_bringup/package.bash'
[6.407s] INFO:colcon.colcon_core.shell:Creating package script '/home/moose/ros2_ws/install/my_cobot_bringup/share/my_cobot_bringup/package.zsh'
[6.409s] Level 1:colcon.colcon_core.environment:create_file_with_runtime_dependencies(/home/moose/ros2_ws/install/my_cobot_bringup/share/colcon-core/packages/my_cobot_bringup)
[6.416s] Level 1:colcon.colcon_core.environment:create_environment_scripts_only(my_cobot_description)
[6.420s] Level 1:colcon.colcon_core.environment:checking '/home/moose/ros2_ws/install/my_cobot_description' for CMake module files
[6.452s] Level 1:colcon.colcon_core.environment:checking '/home/moose/ros2_ws/install/my_cobot_description' for CMake config files
[6.453s] Level 1:colcon.colcon_core.shell:create_environment_hook('my_cobot_description', 'cmake_prefix_path')
[6.454s] INFO:colcon.colcon_core.shell:Creating environment hook '/home/moose/ros2_ws/install/my_cobot_description/share/my_cobot_description/hook/cmake_prefix_path.ps1'
[6.455s] INFO:colcon.colcon_core.shell:Creating environment descriptor '/home/moose/ros2_ws/install/my_cobot_description/share/my_cobot_description/hook/cmake_prefix_path.dsv'
[6.456s] INFO:colcon.colcon_core.shell:Creating environment hook '/home/moose/ros2_ws/install/my_cobot_description/share/my_cobot_description/hook/cmake_prefix_path.sh'
[6.458s] Level 1:colcon.colcon_core.environment:checking '/home/moose/ros2_ws/install/my_cobot_description/bin'
[6.459s] Level 1:colcon.colcon_core.environment:checking '/home/moose/ros2_ws/install/my_cobot_description/lib/pkgconfig/my_cobot_description.pc'
[6.459s] Level 1:colcon.colcon_core.environment:checking '/home/moose/ros2_ws/install/my_cobot_description/lib/python3.10/site-packages'
[6.460s] Level 1:colcon.colcon_core.environment:checking '/home/moose/ros2_ws/install/my_cobot_description/bin'
[6.461s] INFO:colcon.colcon_core.shell:Creating package script '/home/moose/ros2_ws/install/my_cobot_description/share/my_cobot_description/package.ps1'
[6.462s] DEBUG:colcon.colcon_core.event_handler.log_command:Invoked command in '/home/moose/ros2_ws/build/my_cobot_description' returned '0': CMAKE_PREFIX_PATH=${CMAKE_PREFIX_PATH}:/home/moose/ros2_ws/install/cobot_py:/opt/ros/humble /usr/bin/cmake --install /home/moose/ros2_ws/build/my_cobot_description
[6.463s] INFO:colcon.colcon_core.shell:Creating package descriptor '/home/moose/ros2_ws/install/my_cobot_description/share/my_cobot_description/package.dsv'
[6.464s] INFO:colcon.colcon_core.shell:Creating package script '/home/moose/ros2_ws/install/my_cobot_description/share/my_cobot_description/package.sh'
[6.466s] INFO:colcon.colcon_core.shell:Creating package script '/home/moose/ros2_ws/install/my_cobot_description/share/my_cobot_description/package.bash'
[6.467s] INFO:colcon.colcon_core.shell:Creating package script '/home/moose/ros2_ws/install/my_cobot_description/share/my_cobot_description/package.zsh'
[6.503s] Level 1:colcon.colcon_core.environment:create_file_with_runtime_dependencies(/home/moose/ros2_ws/install/my_cobot_description/share/colcon-core/packages/my_cobot_description)
[6.612s] Level 1:colcon.colcon_core.environment:create_environment_scripts_only(my_cobot_bringup)
[6.613s] Level 1:colcon.colcon_core.environment:checking '/home/moose/ros2_ws/install/my_cobot_bringup' for CMake module files
[6.620s] Level 1:colcon.colcon_core.environment:checking '/home/moose/ros2_ws/install/my_cobot_bringup' for CMake config files
[6.622s] Level 1:colcon.colcon_core.shell:create_environment_hook('my_cobot_bringup', 'cmake_prefix_path')
[6.623s] INFO:colcon.colcon_core.shell:Creating environment hook '/home/moose/ros2_ws/install/my_cobot_bringup/share/my_cobot_bringup/hook/cmake_prefix_path.ps1'
[6.650s] INFO:colcon.colcon_core.shell:Creating environment descriptor '/home/moose/ros2_ws/install/my_cobot_bringup/share/my_cobot_bringup/hook/cmake_prefix_path.dsv'
[6.650s] INFO:colcon.colcon_core.shell:Creating environment hook '/home/moose/ros2_ws/install/my_cobot_bringup/share/my_cobot_bringup/hook/cmake_prefix_path.sh'
[6.652s] Level 1:colcon.colcon_core.environment:checking '/home/moose/ros2_ws/install/my_cobot_bringup/bin'
[6.652s] Level 1:colcon.colcon_core.environment:checking '/home/moose/ros2_ws/install/my_cobot_bringup/lib/pkgconfig/my_cobot_bringup.pc'
[6.653s] Level 1:colcon.colcon_core.environment:checking '/home/moose/ros2_ws/install/my_cobot_bringup/lib/python3.10/site-packages'
[6.654s] Level 1:colcon.colcon_core.environment:checking '/home/moose/ros2_ws/install/my_cobot_bringup/bin'
[6.655s] INFO:colcon.colcon_core.shell:Creating package script '/home/moose/ros2_ws/install/my_cobot_bringup/share/my_cobot_bringup/package.ps1'
[6.659s] INFO:colcon.colcon_core.shell:Creating package descriptor '/home/moose/ros2_ws/install/my_cobot_bringup/share/my_cobot_bringup/package.dsv'
[6.661s] INFO:colcon.colcon_core.shell:Creating package script '/home/moose/ros2_ws/install/my_cobot_bringup/share/my_cobot_bringup/package.sh'
[6.663s] INFO:colcon.colcon_core.shell:Creating package script '/home/moose/ros2_ws/install/my_cobot_bringup/share/my_cobot_bringup/package.bash'
[6.666s] INFO:colcon.colcon_core.shell:Creating package script '/home/moose/ros2_ws/install/my_cobot_bringup/share/my_cobot_bringup/package.zsh'
[6.667s] Level 1:colcon.colcon_core.environment:create_file_with_runtime_dependencies(/home/moose/ros2_ws/install/my_cobot_bringup/share/colcon-core/packages/my_cobot_bringup)
[6.715s] Level 1:colcon.colcon_core.environment:create_environment_scripts_only(my_cobot_description)
[6.716s] Level 1:colcon.colcon_core.environment:checking '/home/moose/ros2_ws/install/my_cobot_description' for CMake module files
[6.717s] Level 1:colcon.colcon_core.environment:checking '/home/moose/ros2_ws/install/my_cobot_description' for CMake config files
[6.718s] Level 1:colcon.colcon_core.shell:create_environment_hook('my_cobot_description', 'cmake_prefix_path')
[6.719s] INFO:colcon.colcon_core.shell:Creating environment hook '/home/moose/ros2_ws/install/my_cobot_description/share/my_cobot_description/hook/cmake_prefix_path.ps1'
[6.720s] INFO:colcon.colcon_core.shell:Creating environment descriptor '/home/moose/ros2_ws/install/my_cobot_description/share/my_cobot_description/hook/cmake_prefix_path.dsv'
[6.745s] INFO:colcon.colcon_core.shell:Creating environment hook '/home/moose/ros2_ws/install/my_cobot_description/share/my_cobot_description/hook/cmake_prefix_path.sh'
[6.747s] Level 1:colcon.colcon_core.environment:checking '/home/moose/ros2_ws/install/my_cobot_description/bin'
[6.747s] Level 1:colcon.colcon_core.environment:checking '/home/moose/ros2_ws/install/my_cobot_description/lib/pkgconfig/my_cobot_description.pc'
[6.748s] Level 1:colcon.colcon_core.environment:checking '/home/moose/ros2_ws/install/my_cobot_description/lib/python3.10/site-packages'
[6.748s] Level 1:colcon.colcon_core.environment:checking '/home/moose/ros2_ws/install/my_cobot_description/bin'
[6.749s] INFO:colcon.colcon_core.shell:Creating package script '/home/moose/ros2_ws/install/my_cobot_description/share/my_cobot_description/package.ps1'
[6.750s] INFO:colcon.colcon_core.shell:Creating package descriptor '/home/moose/ros2_ws/install/my_cobot_description/share/my_cobot_description/package.dsv'
[6.752s] INFO:colcon.colcon_core.shell:Creating package script '/home/moose/ros2_ws/install/my_cobot_description/share/my_cobot_description/package.sh'
[6.753s] INFO:colcon.colcon_core.shell:Creating package script '/home/moose/ros2_ws/install/my_cobot_description/share/my_cobot_description/package.bash'
[6.754s] INFO:colcon.colcon_core.shell:Creating package script '/home/moose/ros2_ws/install/my_cobot_description/share/my_cobot_description/package.zsh'
[6.755s] Level 1:colcon.colcon_core.environment:create_file_with_runtime_dependencies(/home/moose/ros2_ws/install/my_cobot_description/share/colcon-core/packages/my_cobot_description)
[8.168s] DEBUG:colcon.colcon_core.event_handler.log_command:Invoking command in '/home/moose/ros2_ws/src/cobot_py': PYTHONPATH=/home/moose/ros2_ws/build/cobot_py/prefix_override:/home/moose/ros2_ws/install/cobot_py/lib/python3.10/site-packages:${PYTHONPATH} /usr/bin/python3 -W ignore:setup.py install is deprecated setup.py egg_info --egg-base ../../build/cobot_py build --build-base /home/moose/ros2_ws/build/cobot_py/build install --record /home/moose/ros2_ws/build/cobot_py/install.log --single-version-externally-managed install_data
[10.132s] Level 1:colcon.colcon_core.environment:checking '/home/moose/ros2_ws/install/cobot_py' for CMake module files
[10.134s] DEBUG:colcon.colcon_core.event_handler.log_command:Invoked command in '/home/moose/ros2_ws/src/cobot_py' returned '0': PYTHONPATH=/home/moose/ros2_ws/build/cobot_py/prefix_override:/home/moose/ros2_ws/install/cobot_py/lib/python3.10/site-packages:${PYTHONPATH} /usr/bin/python3 -W ignore:setup.py install is deprecated setup.py egg_info --egg-base ../../build/cobot_py build --build-base /home/moose/ros2_ws/build/cobot_py/build install --record /home/moose/ros2_ws/build/cobot_py/install.log --single-version-externally-managed install_data
[10.135s] Level 1:colcon.colcon_core.environment:checking '/home/moose/ros2_ws/install/cobot_py' for CMake config files
[10.136s] Level 1:colcon.colcon_core.environment:checking '/home/moose/ros2_ws/install/cobot_py/lib'
[10.136s] Level 1:colcon.colcon_core.environment:checking '/home/moose/ros2_ws/install/cobot_py/bin'
[10.137s] Level 1:colcon.colcon_core.environment:checking '/home/moose/ros2_ws/install/cobot_py/lib/pkgconfig/cobot_py.pc'
[10.137s] Level 1:colcon.colcon_core.environment:checking '/home/moose/ros2_ws/install/cobot_py/lib/python3.10/site-packages'
[10.137s] Level 1:colcon.colcon_core.shell:create_environment_hook('cobot_py', 'pythonpath')
[10.138s] INFO:colcon.colcon_core.shell:Creating environment hook '/home/moose/ros2_ws/install/cobot_py/share/cobot_py/hook/pythonpath.ps1'
[10.139s] INFO:colcon.colcon_core.shell:Creating environment descriptor '/home/moose/ros2_ws/install/cobot_py/share/cobot_py/hook/pythonpath.dsv'
[10.140s] INFO:colcon.colcon_core.shell:Creating environment hook '/home/moose/ros2_ws/install/cobot_py/share/cobot_py/hook/pythonpath.sh'
[10.141s] Level 1:colcon.colcon_core.environment:checking '/home/moose/ros2_ws/install/cobot_py/bin'
[10.141s] Level 1:colcon.colcon_core.environment:create_environment_scripts_only(cobot_py)
[10.142s] INFO:colcon.colcon_core.shell:Creating package script '/home/moose/ros2_ws/install/cobot_py/share/cobot_py/package.ps1'
[10.143s] INFO:colcon.colcon_core.shell:Creating package descriptor '/home/moose/ros2_ws/install/cobot_py/share/cobot_py/package.dsv'
[10.144s] INFO:colcon.colcon_core.shell:Creating package script '/home/moose/ros2_ws/install/cobot_py/share/cobot_py/package.sh'
[10.145s] INFO:colcon.colcon_core.shell:Creating package script '/home/moose/ros2_ws/install/cobot_py/share/cobot_py/package.bash'
[10.146s] INFO:colcon.colcon_core.shell:Creating package script '/home/moose/ros2_ws/install/cobot_py/share/cobot_py/package.zsh'
[10.146s] Level 1:colcon.colcon_core.environment:create_file_with_runtime_dependencies(/home/moose/ros2_ws/install/cobot_py/share/colcon-core/packages/cobot_py)
[10.147s] DEBUG:colcon.colcon_parallel_executor.executor.parallel:closing loop
[10.147s] DEBUG:colcon.colcon_parallel_executor.executor.parallel:loop closed
[10.148s] DEBUG:colcon.colcon_parallel_executor.executor.parallel:run_until_complete finished with '0'
[10.149s] DEBUG:colcon.colcon_core.event_reactor:joining thread
[10.191s] INFO:colcon.colcon_core.plugin_system:Skipping extension 'colcon_notification.desktop_notification.terminal_notifier': Not used on non-Darwin systems
[10.192s] INFO:colcon.colcon_core.plugin_system:Skipping extension 'colcon_notification.desktop_notification.win32': Not used on non-Windows systems
[10.192s] INFO:colcon.colcon_notification.desktop_notification:Sending desktop notification using 'notify2'
[10.247s] DEBUG:colcon.colcon_core.event_reactor:joined thread
[10.272s] INFO:colcon.colcon_core.shell:Creating prefix script '/home/moose/ros2_ws/install/local_setup.ps1'
[10.274s] INFO:colcon.colcon_core.shell:Creating prefix util module '/home/moose/ros2_ws/install/_local_setup_util_ps1.py'
[10.278s] INFO:colcon.colcon_core.shell:Creating prefix chain script '/home/moose/ros2_ws/install/setup.ps1'
[10.282s] INFO:colcon.colcon_core.shell:Creating prefix script '/home/moose/ros2_ws/install/local_setup.sh'
[10.285s] INFO:colcon.colcon_core.shell:Creating prefix util module '/home/moose/ros2_ws/install/_local_setup_util_sh.py'
[10.287s] INFO:colcon.colcon_core.shell:Creating prefix chain script '/home/moose/ros2_ws/install/setup.sh'
[10.292s] INFO:colcon.colcon_core.shell:Creating prefix script '/home/moose/ros2_ws/install/local_setup.bash'
[10.295s] INFO:colcon.colcon_core.shell:Creating prefix chain script '/home/moose/ros2_ws/install/setup.bash'
[10.322s] INFO:colcon.colcon_core.shell:Creating prefix script '/home/moose/ros2_ws/install/local_setup.zsh'
[10.324s] INFO:colcon.colcon_core.shell:Creating prefix chain script '/home/moose/ros2_ws/install/setup.zsh'
